<?xml version="1.0" encoding="UTF-8"?>
<!-- Generated by org.testng.reporters.JUnitXMLReporter -->
<testsuite ignored="0" hostname="ARISTA113-PC" failures="0" tests="6" name="Default test" time="45.574" errors="0" timestamp="2024-08-09T19:03:05 IST">
  <testcase classname="com.glendale.test.flags.MourningFlags_Test" name="testPageLoadTime" time="3.204"/>
  <testcase classname="com.glendale.test.flags.MourningFlags_Test" name="testSortFunctionality" time="3.074"/>
  <testcase classname="com.glendale.test.flags.MourningFlags_Test" name="verifyAllFltersEnable" time="2.794"/>
  <testcase classname="com.glendale.test.flags.MourningFlags_Test" name="verifyPageTitle" time="2.672"/>
  <testcase classname="com.glendale.test.flags.MourningFlags_Test" name="verifyPageURL" time="2.765"/>
  <testcase classname="com.glendale.test.flags.MourningFlags_Test" name="verifyProductsNameAndPricePresenceAndButtonsEnable" time="3.197"/>
</testsuite> <!-- Default test -->
