<?xml version="1.0" encoding="UTF-8"?>
<!-- Generated by org.testng.reporters.JUnitXMLReporter -->
<testsuite ignored="0" hostname="ARISTA113-PC" failures="10" tests="204" name="Test" time="3110.034" errors="0" timestamp="2024-08-07T23:55:21 IST">
  <testcase classname="com.glendale.test.codets.Navy_Test" name="verifyBannerIsPresenceAndShopNowButtonRedirection" time="10.661"/>
  <testcase classname="com.glendale.test.codets.Navy_Test" name="verifyBestSellersSectionPresence" time="3.333"/>
  <testcase classname="com.glendale.test.codets.Navy_Test" name="verifyBunleProductSectionPresenceWithProducts" time="34.189">
    <failure type="java.lang.AssertionError" message="Bundle product section is not displayed. expected [false] but found [true]">
      <![CDATA[java.lang.AssertionError: Bundle product section is not displayed. expected [false] but found [true]
at com.glendale.page.codets.NavyPage.verifyBunleProductSectionPresenceWithProducts(NavyPage.java:181)
at com.glendale.test.codets.Navy_Test.verifyBunleProductSectionPresenceWithProducts(Navy_Test.java:59)
at java.base/java.util.ArrayList.forEach(ArrayList.java:1511)
... Removed 30 stack frames]]>
    </failure>
  </testcase> <!-- verifyBunleProductSectionPresenceWithProducts -->
  <testcase classname="com.glendale.test.codets.Navy_Test" name="verifyCustomFlagsSectionPresenceAndRediredirection" time="6.258"/>
  <testcase classname="com.glendale.test.codets.Navy_Test" name="verifyFeaturedCollectionAccessories" time="28.573"/>
  <testcase classname="com.glendale.test.codets.Navy_Test" name="verifyFeaturedCollectionFlagsItems" time="25.865"/>
  <testcase classname="com.glendale.test.codets.Navy_Test" name="verifyFeaturedCollectionTeams" time="28.177"/>
  <testcase classname="com.glendale.test.codets.Navy_Test" name="verifyFeaturedCollectionUniformItems" time="25.709"/>
  <testcase classname="com.glendale.test.codets.Navy_Test" name="verifyFlagsSectionPresenceAndRediredirection" time="9.316"/>
  <testcase classname="com.glendale.test.codets.Navy_Test" name="verifyIconsBelowTheBestSellersIsPresenceAndNavigation" time="36.455"/>
  <testcase classname="com.glendale.test.codets.Navy_Test" name="verifyTextOnTheBanner" time="5.572"/>
  <testcase classname="com.glendale.test.uniforms.HatsAndCarriers_Test" name="testSortFunctionality" time="4.273"/>
  <testcase classname="com.glendale.test.uniforms.HatsAndCarriers_Test" name="verifyAllFltersEnable" time="2.997"/>
  <testcase classname="com.glendale.test.uniforms.HatsAndCarriers_Test" name="verifyPageTitle" time="2.866"/>
  <testcase classname="com.glendale.test.uniforms.HatsAndCarriers_Test" name="verifyPageURL" time="5.001"/>
  <testcase classname="com.glendale.test.uniforms.HatsAndCarriers_Test" name="verifyPaginationEnable" time="3.648"/>
  <testcase classname="com.glendale.test.uniforms.HatsAndCarriers_Test" name="verifyPaginationRedirection" time="15.136"/>
  <testcase classname="com.glendale.test.uniforms.HatsAndCarriers_Test" name="verifyProductButtonAddToCartAndSelectPresenceAndClickable" time="0.842"/>
  <testcase classname="com.glendale.test.uniforms.HatsAndCarriers_Test" name="verifyProductsNameAndPricePresenceAndButtonsEnable" time="3.829"/>
  <testcase classname="com.glendale.test.uniforms.GlovesAndScarves_Test" name="testSortFunctionality" time="3.534"/>
  <testcase classname="com.glendale.test.uniforms.GlovesAndScarves_Test" name="verifyAllFltersEnable" time="3.44"/>
  <testcase classname="com.glendale.test.uniforms.GlovesAndScarves_Test" name="verifyPageTitle" time="3.164"/>
  <testcase classname="com.glendale.test.uniforms.GlovesAndScarves_Test" name="verifyPageURL" time="2.955"/>
  <testcase classname="com.glendale.test.uniforms.GlovesAndScarves_Test" name="verifyPaginationEnable" time="3.092"/>
  <testcase classname="com.glendale.test.uniforms.GlovesAndScarves_Test" name="verifyPaginationRedirection" time="15.72"/>
  <testcase classname="com.glendale.test.uniforms.GlovesAndScarves_Test" name="verifyProductButtonAddToCartAndSelectPresenceAndClickable" time="0.792"/>
  <testcase classname="com.glendale.test.uniforms.GlovesAndScarves_Test" name="verifyProductsNameAndPricePresenceAndButtonsEnable" time="3.833"/>
  <testcase classname="com.glendale.test.millitary.SpaceForce_Test" name="verifyBannerIsPresenceAndShopNowButtonRedirection" time="7.636"/>
  <testcase classname="com.glendale.test.millitary.SpaceForce_Test" name="verifyBestSellersSectionPresence" time="2.783"/>
  <testcase classname="com.glendale.test.millitary.SpaceForce_Test" name="verifyBunleProductSectionPresenceWithProducts" time="33.399">
    <failure type="java.lang.AssertionError" message="Bundle product section is not displayed. expected [false] but found [true]">
      <![CDATA[java.lang.AssertionError: Bundle product section is not displayed. expected [false] but found [true]
at com.glendale.page.millitary.SpaceForcePage.verifyBunleProductSectionPresenceWithProducts(SpaceForcePage.java:181)
at com.glendale.test.millitary.SpaceForce_Test.verifyBunleProductSectionPresenceWithProducts(SpaceForce_Test.java:52)
at java.base/java.util.ArrayList.forEach(ArrayList.java:1511)
... Removed 30 stack frames]]>
    </failure>
  </testcase> <!-- verifyBunleProductSectionPresenceWithProducts -->
  <testcase classname="com.glendale.test.millitary.SpaceForce_Test" name="verifyCustomFlagsSectionPresenceAndRediredirection" time="5.739"/>
  <testcase classname="com.glendale.test.millitary.SpaceForce_Test" name="verifyFeaturedCollectionCeremonialItems" time="25.384"/>
  <testcase classname="com.glendale.test.millitary.SpaceForce_Test" name="verifyFeaturedCollectionFlagAccessories" time="21.672"/>
  <testcase classname="com.glendale.test.millitary.SpaceForce_Test" name="verifyFeaturedCollectionFlags" time="23.221"/>
  <testcase classname="com.glendale.test.millitary.SpaceForce_Test" name="verifyFeaturedCollectionUniformItems" time="22.141"/>
  <testcase classname="com.glendale.test.millitary.SpaceForce_Test" name="verifyFlagsSectionPresenceAndRediredirection" time="5.625"/>
  <testcase classname="com.glendale.test.millitary.SpaceForce_Test" name="verifyIconsBelowTheBestSellersIsPresenceAndNavigation" time="34.068"/>
  <testcase classname="com.glendale.test.millitary.SpaceForce_Test" name="verifyTextOnTheBanner" time="4.459"/>
  <testcase classname="com.glendale.test.codets.Army_Test" name="verifyBannerIsPresenceAndShopNowButtonRedirection" time="7.606"/>
  <testcase classname="com.glendale.test.codets.Army_Test" name="verifyBestSellersSectionPresence" time="3.655"/>
  <testcase classname="com.glendale.test.codets.Army_Test" name="verifyBunleProductSectionPresenceWithProducts" time="34.177">
    <failure type="java.lang.AssertionError" message="Bundle product section is not displayed. expected [false] but found [true]">
      <![CDATA[java.lang.AssertionError: Bundle product section is not displayed. expected [false] but found [true]
at com.glendale.page.codets.ArmyPage.verifyBunleProductSectionPresenceWithProducts(ArmyPage.java:180)
at com.glendale.test.codets.Army_Test.verifyBunleProductSectionPresenceWithProducts(Army_Test.java:60)
at java.base/java.util.ArrayList.forEach(ArrayList.java:1511)
... Removed 30 stack frames]]>
    </failure>
  </testcase> <!-- verifyBunleProductSectionPresenceWithProducts -->
  <testcase classname="com.glendale.test.codets.Army_Test" name="verifyCustomFlagsSectionPresenceAndRediredirection" time="6.62"/>
  <testcase classname="com.glendale.test.codets.Army_Test" name="verifyFeaturedCollectionAccessories" time="28.53"/>
  <testcase classname="com.glendale.test.codets.Army_Test" name="verifyFeaturedCollectionFlagsItems" time="22.421"/>
  <testcase classname="com.glendale.test.codets.Army_Test" name="verifyFeaturedCollectionTeams" time="23.472"/>
  <testcase classname="com.glendale.test.codets.Army_Test" name="verifyFeaturedCollectionUniformItems" time="26.535"/>
  <testcase classname="com.glendale.test.codets.Army_Test" name="verifyFlagsSectionPresenceAndRediredirection" time="6.436"/>
  <testcase classname="com.glendale.test.codets.Army_Test" name="verifyIconsBelowTheBestSellersIsPresenceAndNavigation" time="49.463"/>
  <testcase classname="com.glendale.test.codets.Army_Test" name="verifyTextOnTheBanner" time="4.112"/>
  <testcase classname="com.glendale.test.uniforms.Accessories_Test" name="testSortFunctionality" time="3.85"/>
  <testcase classname="com.glendale.test.uniforms.Accessories_Test" name="verifyAllFltersEnable" time="3.175"/>
  <testcase classname="com.glendale.test.uniforms.Accessories_Test" name="verifyPageTitle" time="3.829"/>
  <testcase classname="com.glendale.test.uniforms.Accessories_Test" name="verifyPageURL" time="2.829"/>
  <testcase classname="com.glendale.test.uniforms.Accessories_Test" name="verifyPaginationEnableAndRedirection" time="30.054"/>
  <testcase classname="com.glendale.test.uniforms.Accessories_Test" name="verifyProductsNameAndPricePresenceAndButtonsEnable" time="3.917"/>
  <testcase classname="com.glendale.test.uniforms.Accessories_Test" name="verifyTextPresenceAndFontSize" time="2.911"/>
  <testcase classname="com.glendale.test.codets.SpaceForce_Test" name="verifyBannerIsPresenceAndShopNowButtonRedirection" time="3.41"/>
  <testcase classname="com.glendale.test.codets.SpaceForce_Test" name="verifyBestSellersSectionPresence" time="4.003"/>
  <testcase classname="com.glendale.test.codets.SpaceForce_Test" name="verifyBunleProductSectionPresenceWithProducts" time="33.067">
    <failure type="java.lang.AssertionError" message="Bundle product section is not displayed. expected [false] but found [true]">
      <![CDATA[java.lang.AssertionError: Bundle product section is not displayed. expected [false] but found [true]
at com.glendale.page.codets.SpaceForcePage.verifyBunleProductSectionPresenceWithProducts(SpaceForcePage.java:182)
at com.glendale.test.codets.SpaceForce_Test.verifyBunleProductSectionPresenceWithProducts(SpaceForce_Test.java:60)
at java.base/java.util.ArrayList.forEach(ArrayList.java:1511)
... Removed 30 stack frames]]>
    </failure>
  </testcase> <!-- verifyBunleProductSectionPresenceWithProducts -->
  <testcase classname="com.glendale.test.codets.SpaceForce_Test" name="verifyCustomFlagsSectionPresenceAndRediredirection" time="6.946"/>
  <testcase classname="com.glendale.test.codets.SpaceForce_Test" name="verifyFeaturedCollectionAccessories" time="27.668"/>
  <testcase classname="com.glendale.test.codets.SpaceForce_Test" name="verifyFeaturedCollectionFlagsItems" time="21.093"/>
  <testcase classname="com.glendale.test.codets.SpaceForce_Test" name="verifyFeaturedCollectionTeams" time="22.127"/>
  <testcase classname="com.glendale.test.codets.SpaceForce_Test" name="verifyFeaturedCollectionUniformItems" time="23.778"/>
  <testcase classname="com.glendale.test.codets.SpaceForce_Test" name="verifyFlagsSectionPresenceAndRediredirection" time="6.452"/>
  <testcase classname="com.glendale.test.codets.SpaceForce_Test" name="verifyIconsBelowTheBestSellersIsPresenceAndNavigation" time="34.895"/>
  <testcase classname="com.glendale.test.codets.SpaceForce_Test" name="verifyTextOnTheBanner" time="4.369"/>
  <testcase classname="com.glendale.test.firstResponder.AllFirstResponder_Test" name="testPageLoadTime" time="3.714"/>
  <testcase classname="com.glendale.test.firstResponder.AllFirstResponder_Test" name="verifyBannerIsPresence" time="3.144"/>
  <testcase classname="com.glendale.test.firstResponder.AllFirstResponder_Test" name="verifyBundleProducts" time="3.362"/>
  <testcase classname="com.glendale.test.firstResponder.AllFirstResponder_Test" name="verifyCustomFlagsSectionPresenceAndRediredirection" time="6.281"/>
  <testcase classname="com.glendale.test.firstResponder.AllFirstResponder_Test" name="verifyDesignYourOwnBadgeSectionPresenceAndRediredirection" time="7.803"/>
  <testcase classname="com.glendale.test.firstResponder.AllFirstResponder_Test" name="verifyFeaturedCollectionAccessories" time="34.163"/>
  <testcase classname="com.glendale.test.firstResponder.AllFirstResponder_Test" name="verifyFeaturedCollectionFlagsSection" time="23.1"/>
  <testcase classname="com.glendale.test.firstResponder.AllFirstResponder_Test" name="verifyFeaturedCollectionUniformItems" time="24.791"/>
  <testcase classname="com.glendale.test.firstResponder.AllFirstResponder_Test" name="verifyIconsBelowTheBestSellersIsPresenceAndNavigation" time="34.475"/>
  <testcase classname="com.glendale.test.firstResponder.AllFirstResponder_Test" name="verifyPageTitle" time="3.215"/>
  <testcase classname="com.glendale.test.firstResponder.AllFirstResponder_Test" name="verifyPageURL" time="3.27"/>
  <testcase classname="com.glendale.test.firstResponder.AllFirstResponder_Test" name="verifyTextOnTheBanner" time="3.569"/>
  <testcase classname="com.glendale.test.replicaRifles.RifleSlings_Test" name="testPageLoadTime" time="3.022"/>
  <testcase classname="com.glendale.test.replicaRifles.RifleSlings_Test" name="testSortFunctionality" time="3.472"/>
  <testcase classname="com.glendale.test.replicaRifles.RifleSlings_Test" name="verifyAllFltersEnable" time="2.817"/>
  <testcase classname="com.glendale.test.replicaRifles.RifleSlings_Test" name="verifyPageTitle" time="2.798">
    <failure type="java.lang.AssertionError" message="Title of the page does not matched. expected [Replica Rifles - Rifle Slings - Glendale Parade Store] but found [Shop High-Quality Rifle Slings | Glendale Parade Store]">
      <![CDATA[java.lang.AssertionError: Title of the page does not matched. expected [Replica Rifles - Rifle Slings - Glendale Parade Store] but found [Shop High-Quality Rifle Slings | Glendale Parade Store]
at com.glendale.page.ReplicaRifles.RifleSlingsPage.verifyPageTitle(RifleSlingsPage.java:65)
at com.glendale.test.replicaRifles.RifleSlings_Test.verifyPageTitle(RifleSlings_Test.java:23)
at java.base/java.util.ArrayList.forEach(ArrayList.java:1511)
... Removed 32 stack frames]]>
    </failure>
  </testcase> <!-- verifyPageTitle -->
  <testcase classname="com.glendale.test.replicaRifles.RifleSlings_Test" name="verifyPageURL" time="2.786"/>
  <testcase classname="com.glendale.test.replicaRifles.RifleSlings_Test" name="verifyProductsNameAndPricePresenceAndButtonsEnable" time="3.041"/>
  <testcase classname="com.glendale.test.replicaRifles.RifleSlings_Test" name="verifyTextOnThePage" time="32.9"/>
  <testcase classname="com.glendale.test.swords.AllSwords_Test" name="testPageLoadTime" time="3.322"/>
  <testcase classname="com.glendale.test.swords.AllSwords_Test" name="testSortFunctionality" time="3.63"/>
  <testcase classname="com.glendale.test.swords.AllSwords_Test" name="verifyAllFltersEnable" time="3.117"/>
  <testcase classname="com.glendale.test.swords.AllSwords_Test" name="verifyPageTitle" time="2.827"/>
  <testcase classname="com.glendale.test.swords.AllSwords_Test" name="verifyPageURL" time="2.887"/>
  <testcase classname="com.glendale.test.swords.AllSwords_Test" name="verifyProductsNameAndPricePresenceAndButtonsEnable" time="2.856"/>
  <testcase classname="com.glendale.test.millitary.MarineCorps_Test" name="verifyBannerIsPresenceAndShopNowButtonRedirection" time="9.605"/>
  <testcase classname="com.glendale.test.millitary.MarineCorps_Test" name="verifyBestSellersSectionPresence" time="2.668"/>
  <testcase classname="com.glendale.test.millitary.MarineCorps_Test" name="verifyBunleProductSectionPresenceWithProducts" time="32.763">
    <failure type="java.lang.AssertionError" message="Bundle product section is not displayed. expected [false] but found [true]">
      <![CDATA[java.lang.AssertionError: Bundle product section is not displayed. expected [false] but found [true]
at com.glendale.page.millitary.MarineCorpsPage.verifyBunleProductSectionPresenceWithProducts(MarineCorpsPage.java:179)
at com.glendale.test.millitary.MarineCorps_Test.verifyBunleProductSectionPresenceWithProducts(MarineCorps_Test.java:53)
at java.base/java.util.ArrayList.forEach(ArrayList.java:1511)
... Removed 30 stack frames]]>
    </failure>
  </testcase> <!-- verifyBunleProductSectionPresenceWithProducts -->
  <testcase classname="com.glendale.test.millitary.MarineCorps_Test" name="verifyCustomFlagsSectionPresenceAndRediredirection" time="5.806"/>
  <testcase classname="com.glendale.test.millitary.MarineCorps_Test" name="verifyFeaturedCollectionCeremonialItems" time="22.771"/>
  <testcase classname="com.glendale.test.millitary.MarineCorps_Test" name="verifyFeaturedCollectionFlagAccessories" time="21.316"/>
  <testcase classname="com.glendale.test.millitary.MarineCorps_Test" name="verifyFeaturedCollectionFlags" time="21.733"/>
  <testcase classname="com.glendale.test.millitary.MarineCorps_Test" name="verifyFeaturedCollectionUniformItems" time="23.261"/>
  <testcase classname="com.glendale.test.millitary.MarineCorps_Test" name="verifyFlagsSectionPresenceAndRediredirection" time="5.19"/>
  <testcase classname="com.glendale.test.millitary.MarineCorps_Test" name="verifyIconsBelowTheBestSellersIsPresenceAndNavigation" time="36.766"/>
  <testcase classname="com.glendale.test.millitary.MarineCorps_Test" name="verifyTextOnTheBanner" time="3.764"/>
  <testcase classname="com.glendale.test.uniforms.AllUnifoms_Test" name="verifyApparelAndCustomWearSectionPresenceAndRedirection" time="7.98"/>
  <testcase classname="com.glendale.test.uniforms.AllUnifoms_Test" name="verifyBannerAndTextOnTheBannerPresence" time="3.817"/>
  <testcase classname="com.glendale.test.uniforms.AllUnifoms_Test" name="verifyBannerSizeAndFontSizeOfTheTextOnTheBanner" time="3.048"/>
  <testcase classname="com.glendale.test.uniforms.AllUnifoms_Test" name="verifyFeaturedCollectionSectionPresenceAndRedirection" time="63.119"/>
  <testcase classname="com.glendale.test.uniforms.AllUnifoms_Test" name="verifyPageTitle" time="24.234">
    <failure type="java.lang.AssertionError" message="Title of the page does not matched. expected [Uniforms] but found [www.glendale.com]">
      <![CDATA[java.lang.AssertionError: Title of the page does not matched. expected [Uniforms] but found [www.glendale.com]
at com.glendale.page.Uniforms.AllUniformsPage.verifyPageTitle(AllUniformsPage.java:59)
at com.glendale.test.uniforms.AllUnifoms_Test.verifyPageTitle(AllUnifoms_Test.java:20)
at java.base/java.util.ArrayList.forEach(ArrayList.java:1511)
... Removed 32 stack frames]]>
    </failure>
  </testcase> <!-- verifyPageTitle -->
  <testcase classname="com.glendale.test.uniforms.AllUnifoms_Test" name="verifyPageURL" time="4.002"/>
  <testcase classname="com.glendale.test.uniforms.AllUnifoms_Test" name="verifySwordsAndSabersSectionPresenceAndRedirection" time="6.079"/>
  <testcase classname="com.glendale.test.codets.AirForce_Test" name="verifyBannerIsPresenceAndShopNowButtonRedirection" time="8.241"/>
  <testcase classname="com.glendale.test.codets.AirForce_Test" name="verifyBestSellersSectionPresence" time="3.14"/>
  <testcase classname="com.glendale.test.codets.AirForce_Test" name="verifyBunleProductSectionPresenceWithProducts" time="33.48">
    <failure type="java.lang.AssertionError" message="Bundle product section is not displayed. expected [false] but found [true]">
      <![CDATA[java.lang.AssertionError: Bundle product section is not displayed. expected [false] but found [true]
at com.glendale.page.codets.AirForcePage.verifyBunleProductSectionPresenceWithProducts(AirForcePage.java:180)
at com.glendale.test.codets.AirForce_Test.verifyBunleProductSectionPresenceWithProducts(AirForce_Test.java:60)
at java.base/java.util.ArrayList.forEach(ArrayList.java:1511)
... Removed 30 stack frames]]>
    </failure>
  </testcase> <!-- verifyBunleProductSectionPresenceWithProducts -->
  <testcase classname="com.glendale.test.codets.AirForce_Test" name="verifyCustomFlagsSectionPresenceAndRediredirection" time="6.079"/>
  <testcase classname="com.glendale.test.codets.AirForce_Test" name="verifyFeaturedCollectionAccessories" time="30.425"/>
  <testcase classname="com.glendale.test.codets.AirForce_Test" name="verifyFeaturedCollectionFlagsItems" time="22.104"/>
  <testcase classname="com.glendale.test.codets.AirForce_Test" name="verifyFeaturedCollectionTeams" time="22.613"/>
  <testcase classname="com.glendale.test.codets.AirForce_Test" name="verifyFeaturedCollectionUniformItems" time="23.462"/>
  <testcase classname="com.glendale.test.codets.AirForce_Test" name="verifyFlagsSectionPresenceAndRediredirection" time="6.263"/>
  <testcase classname="com.glendale.test.codets.AirForce_Test" name="verifyIconsBelowTheBestSellersIsPresenceAndNavigation" time="37.392"/>
  <testcase classname="com.glendale.test.codets.AirForce_Test" name="verifyTextOnTheBanner" time="4.317"/>
  <testcase classname="com.glendale.test.uniforms.SwordsAndSabers_Test" name="testSortFunctionality" time="5.84"/>
  <testcase classname="com.glendale.test.uniforms.SwordsAndSabers_Test" name="verifyAllFltersEnable" time="2.898"/>
  <testcase classname="com.glendale.test.uniforms.SwordsAndSabers_Test" name="verifyPageTitle" time="2.95"/>
  <testcase classname="com.glendale.test.uniforms.SwordsAndSabers_Test" name="verifyPageURL" time="3.568"/>
  <testcase classname="com.glendale.test.uniforms.SwordsAndSabers_Test" name="verifyPaginationEnable" time="2.806"/>
  <testcase classname="com.glendale.test.uniforms.SwordsAndSabers_Test" name="verifyPaginationRedirection" time="16.161"/>
  <testcase classname="com.glendale.test.uniforms.SwordsAndSabers_Test" name="verifyProductButtonAddToCartAndSelectPresenceAndClickable" time="0.312"/>
  <testcase classname="com.glendale.test.uniforms.SwordsAndSabers_Test" name="verifyProductsNameAndPricePresenceAndButtonsEnable" time="4.239"/>
  <testcase classname="com.glendale.test.uniforms.SwordsAndSabers_Test" name="verifyTextPresenceAndFontSize" time="2.863"/>
  <testcase classname="com.glendale.test.uniforms.ApparelAndCustomWear_Test" name="testSortFunctionality" time="3.534"/>
  <testcase classname="com.glendale.test.uniforms.ApparelAndCustomWear_Test" name="verifyAllFltersEnable" time="2.935"/>
  <testcase classname="com.glendale.test.uniforms.ApparelAndCustomWear_Test" name="verifyPageTitle" time="2.999"/>
  <testcase classname="com.glendale.test.uniforms.ApparelAndCustomWear_Test" name="verifyPageURL" time="2.76"/>
  <testcase classname="com.glendale.test.uniforms.ApparelAndCustomWear_Test" name="verifyPaginationEnable" time="30.003"/>
  <testcase classname="com.glendale.test.uniforms.ApparelAndCustomWear_Test" name="verifyPaginationRedirection" time="11.476"/>
  <testcase classname="com.glendale.test.uniforms.ApparelAndCustomWear_Test" name="verifyProductButtonAddToCartAndSelectPresenceAndClickable" time="0.32"/>
  <testcase classname="com.glendale.test.uniforms.ApparelAndCustomWear_Test" name="verifyProductsNameAndPricePresenceAndButtonsEnable" time="4.627"/>
  <testcase classname="com.glendale.test.uniforms.ApparelAndCustomWear_Test" name="verifyTextPresenceAndFontSize" time="3.572"/>
  <testcase classname="com.glendale.test.replicaRifles.RifleCases_Test" name="testPageLoadTime" time="3.142"/>
  <testcase classname="com.glendale.test.replicaRifles.RifleCases_Test" name="testSortFunctionality" time="3.096"/>
  <testcase classname="com.glendale.test.replicaRifles.RifleCases_Test" name="verifyAllFltersEnable" time="3.576"/>
  <testcase classname="com.glendale.test.replicaRifles.RifleCases_Test" name="verifyPageTitle" time="2.953">
    <failure type="java.lang.AssertionError" message="Title of the page does not matched. expected [Replica Rifles - Rifle Cases - Glendale Parade Store] but found [Shop High-Quality Rifle Cases | Glendale Parade Store]">
      <![CDATA[java.lang.AssertionError: Title of the page does not matched. expected [Replica Rifles - Rifle Cases - Glendale Parade Store] but found [Shop High-Quality Rifle Cases | Glendale Parade Store]
at com.glendale.page.ReplicaRifles.RifleCasesPage.verifyPageTitle(RifleCasesPage.java:64)
at com.glendale.test.replicaRifles.RifleCases_Test.verifyPageTitle(RifleCases_Test.java:23)
at java.base/java.util.ArrayList.forEach(ArrayList.java:1511)
... Removed 32 stack frames]]>
    </failure>
  </testcase> <!-- verifyPageTitle -->
  <testcase classname="com.glendale.test.replicaRifles.RifleCases_Test" name="verifyPageURL" time="2.752"/>
  <testcase classname="com.glendale.test.replicaRifles.RifleCases_Test" name="verifyProductsNameAndPricePresenceAndButtonsEnable" time="3.116"/>
  <testcase classname="com.glendale.test.replicaRifles.RifleCases_Test" name="verifyTextOnThePage" time="32.768"/>
  <testcase classname="com.glendale.test.replicaRifles.Rifles_Test" name="testPageLoadTime" time="3.152"/>
  <testcase classname="com.glendale.test.replicaRifles.Rifles_Test" name="testSortFunctionality" time="3.045"/>
  <testcase classname="com.glendale.test.replicaRifles.Rifles_Test" name="verifyAllFltersEnable" time="2.92"/>
  <testcase classname="com.glendale.test.replicaRifles.Rifles_Test" name="verifyPageTitle" time="2.433"/>
  <testcase classname="com.glendale.test.replicaRifles.Rifles_Test" name="verifyPageURL" time="2.727"/>
  <testcase classname="com.glendale.test.replicaRifles.Rifles_Test" name="verifyProductsNameAndPricePresenceAndButtonsEnable" time="3.577"/>
  <testcase classname="com.glendale.test.replicaRifles.Rifles_Test" name="verifyTextOnThePage" time="3.082"/>
  <testcase classname="com.glendale.test.replicaRifles.RifleAccessories_Test" name="testPageLoadTime" time="3.67"/>
  <testcase classname="com.glendale.test.replicaRifles.RifleAccessories_Test" name="testSortFunctionality" time="3.163"/>
  <testcase classname="com.glendale.test.replicaRifles.RifleAccessories_Test" name="verifyAllFltersEnable" time="2.888"/>
  <testcase classname="com.glendale.test.replicaRifles.RifleAccessories_Test" name="verifyPageTitle" time="4.461"/>
  <testcase classname="com.glendale.test.replicaRifles.RifleAccessories_Test" name="verifyPageURL" time="3.004"/>
  <testcase classname="com.glendale.test.replicaRifles.RifleAccessories_Test" name="verifyPaginationEnable" time="2.821"/>
  <testcase classname="com.glendale.test.replicaRifles.RifleAccessories_Test" name="verifyPaginationRedirection" time="22.067"/>
  <testcase classname="com.glendale.test.replicaRifles.RifleAccessories_Test" name="verifyProductsNameAndPricePresenceAndButtonsEnable" time="3.482"/>
  <testcase classname="com.glendale.test.replicaRifles.RifleAccessories_Test" name="verifyTextOnThePage" time="3.405"/>
  <testcase classname="com.glendale.test.flags.MourningFlags_Test" name="testPageLoadTime" time="3.303"/>
  <testcase classname="com.glendale.test.flags.MourningFlags_Test" name="testSortFunctionality" time="3.0"/>
  <testcase classname="com.glendale.test.flags.MourningFlags_Test" name="verifyAllFltersEnable" time="3.029"/>
  <testcase classname="com.glendale.test.flags.MourningFlags_Test" name="verifyPageTitle" time="2.796">
    <failure type="java.lang.AssertionError" message="Title of the page does not matched. expected [Flags - Mourning Flags - Glendale Parade Store] but found [Glendale Parade Store - Shop Mourning Flags Online]">
      <![CDATA[java.lang.AssertionError: Title of the page does not matched. expected [Flags - Mourning Flags - Glendale Parade Store] but found [Glendale Parade Store - Shop Mourning Flags Online]
at com.glendale.page.flags.MourningFlagsPage.verifyPageTitle(MourningFlagsPage.java:61)
at com.glendale.test.flags.MourningFlags_Test.verifyPageTitle(MourningFlags_Test.java:23)
at java.base/java.util.ArrayList.forEach(ArrayList.java:1511)
... Removed 32 stack frames]]>
    </failure>
  </testcase> <!-- verifyPageTitle -->
  <testcase classname="com.glendale.test.flags.MourningFlags_Test" name="verifyPageURL" time="2.781"/>
  <testcase classname="com.glendale.test.flags.MourningFlags_Test" name="verifyProductsNameAndPricePresenceAndButtonsEnable" time="2.994"/>
  <testcase classname="com.glendale.test.flags.FlagStands_Test" name="testPageLoadTime" time="3.507"/>
  <testcase classname="com.glendale.test.flags.FlagStands_Test" name="testSortFunctionality" time="3.955"/>
  <testcase classname="com.glendale.test.flags.FlagStands_Test" name="verifyAllFltersEnable" time="3.427"/>
  <testcase classname="com.glendale.test.flags.FlagStands_Test" name="verifyPageTitle" time="3.24"/>
  <testcase classname="com.glendale.test.flags.FlagStands_Test" name="verifyPageURL" time="3.564"/>
  <testcase classname="com.glendale.test.flags.FlagStands_Test" name="verifyPaginationEnable" time="3.099"/>
  <testcase classname="com.glendale.test.flags.FlagStands_Test" name="verifyPaginationRedirection" time="18.135"/>
  <testcase classname="com.glendale.test.flags.FlagStands_Test" name="verifyProductsNameAndPricePresenceAndButtonsEnable" time="3.245"/>
  <testcase classname="com.glendale.test.flags.FlagStands_Test" name="verifyTextOnThePage" time="2.723"/>
  <testcase classname="com.glendale.test.flags.FlagOrnaments_Test" name="testPageLoadTime" time="4.211"/>
  <testcase classname="com.glendale.test.flags.FlagOrnaments_Test" name="testSortFunctionality" time="3.663"/>
  <testcase classname="com.glendale.test.flags.FlagOrnaments_Test" name="verifyAllFltersEnable" time="3.143"/>
  <testcase classname="com.glendale.test.flags.FlagOrnaments_Test" name="verifyPageTitle" time="4.467"/>
  <testcase classname="com.glendale.test.flags.FlagOrnaments_Test" name="verifyPageURL" time="2.846"/>
  <testcase classname="com.glendale.test.flags.FlagOrnaments_Test" name="verifyPaginationEnable" time="2.802"/>
  <testcase classname="com.glendale.test.flags.FlagOrnaments_Test" name="verifyPaginationRedirection" time="17.366"/>
  <testcase classname="com.glendale.test.flags.FlagOrnaments_Test" name="verifyProductsNameAndPricePresenceAndButtonsEnable" time="3.215"/>
  <testcase classname="com.glendale.test.flags.FlagOrnaments_Test" name="verifyTextOnThePage" time="2.73"/>
  <testcase classname="com.glendale.test.aboutUs.ContactUs_Test" name="testPageLoadTime" time="2.942"/>
  <testcase classname="com.glendale.test.aboutUs.ContactUs_Test" name="verifyAddressSection" time="3.007"/>
  <testcase classname="com.glendale.test.aboutUs.ContactUs_Test" name="verifyEmailSection" time="3.176"/>
  <testcase classname="com.glendale.test.aboutUs.ContactUs_Test" name="verifyHeading" time="2.683"/>
  <testcase classname="com.glendale.test.aboutUs.ContactUs_Test" name="verifyPageTitle" time="2.576"/>
  <testcase classname="com.glendale.test.aboutUs.ContactUs_Test" name="verifyPageURL" time="2.739"/>
  <testcase classname="com.glendale.test.aboutUs.ContactUs_Test" name="verifyPhoneSection" time="3.611"/>
  <testcase classname="com.glendale.test.flags.FlagPoles_Test" name="testPageLoadTime" time="3.145"/>
  <testcase classname="com.glendale.test.flags.FlagPoles_Test" name="testSortFunctionality" time="3.343"/>
  <testcase classname="com.glendale.test.flags.FlagPoles_Test" name="verifyAllFltersEnable" time="2.895"/>
  <testcase classname="com.glendale.test.flags.FlagPoles_Test" name="verifyPageTitle" time="4.529"/>
  <testcase classname="com.glendale.test.flags.FlagPoles_Test" name="verifyPageURL" time="2.83"/>
  <testcase classname="com.glendale.test.flags.FlagPoles_Test" name="verifyPaginationEnable" time="3.03"/>
  <testcase classname="com.glendale.test.flags.FlagPoles_Test" name="verifyPaginationRedirection" time="16.848"/>
  <testcase classname="com.glendale.test.flags.FlagPoles_Test" name="verifyProductsNameAndPricePresenceAndButtonsEnable" time="3.337"/>
  <testcase classname="com.glendale.test.flags.FlagPoles_Test" name="verifyTextOnThePage" time="3.591"/>
  <testcase classname="com.glendale.test.uniforms.BeretsAndHelmets_Test" name="testSortFunctionality" time="3.521"/>
  <testcase classname="com.glendale.test.uniforms.BeretsAndHelmets_Test" name="verifyAllFltersEnable" time="2.818"/>
</testsuite> <!-- Test -->
