<?xml version="1.0" encoding="UTF-8"?>
<!-- Generated by org.testng.reporters.JUnitXMLReporter -->
<testsuite ignored="0" hostname="ARISTA113-PC" failures="28" tests="526" name="Test" time="53821.416" errors="0" timestamp="2024-08-13T13:52:09 IST">
  <testcase classname="com.glendale.base.BaseClass" name="@BeforeMethod openBrowser" time="1.428">
    <failure type="org.openqa.selenium.WebDriverException" message="unknown error: net::ERR_INTERNET_DISCONNECTED
  (Session info: chrome=127.0.6533.100)
Build info: version: &amp;apos;4.11.0&amp;apos;, revision: &amp;apos;040bc5406b&amp;apos;
System info: os.name: &amp;apos;Windows 10&amp;apos;, os.arch: &amp;apos;amd64&amp;apos;, os.version: &amp;apos;10.0&amp;apos;, java.version: &amp;apos;17.0.8&amp;apos;
Driver info: org.openqa.selenium.chrome.ChromeDriver
Command: [1e55d5eb2843173326ecd0b9d139c098, get {url=https://www.glendale.com/}]
Capabilities {acceptInsecureCerts: false, browserName: chrome, browserVersion: 127.0.6533.100, chrome: {chromedriverVersion: 127.0.6533.99 (f31af5097d90..., userDataDir: C:\Users\pawan\AppData\Loca...}, fedcm:accounts: true, goog:chromeOptions: {debuggerAddress: localhost:54003}, networkConnectionEnabled: false, pageLoadStrategy: normal, platformName: windows, proxy: Proxy(), se:cdp: ws://localhost:54003/devtoo..., se:cdpVersion: 127.0.6533.100, setWindowRect: true, strictFileInteractability: false, timeouts: {implicit: 0, pageLoad: 300000, script: 30000}, unhandledPromptBehavior: dismiss and notify, webauthn:extension:credBlob: true, webauthn:extension:largeBlob: true, webauthn:extension:minPinLength: true, webauthn:extension:prf: true, webauthn:virtualAuthenticators: true}
Session ID: 1e55d5eb2843173326ecd0b9d139c098">
      <![CDATA[org.openqa.selenium.WebDriverException: unknown error: net::ERR_INTERNET_DISCONNECTED
  (Session info: chrome=127.0.6533.100)
Build info: version: '4.11.0', revision: '040bc5406b'
System info: os.name: 'Windows 10', os.arch: 'amd64', os.version: '10.0', java.version: '17.0.8'
Driver info: org.openqa.selenium.chrome.ChromeDriver
Command: [1e55d5eb2843173326ecd0b9d139c098, get {url=https://www.glendale.com/}]
Capabilities {acceptInsecureCerts: false, browserName: chrome, browserVersion: 127.0.6533.100, chrome: {chromedriverVersion: 127.0.6533.99 (f31af5097d90..., userDataDir: C:\Users\pawan\AppData\Loca...}, fedcm:accounts: true, goog:chromeOptions: {debuggerAddress: localhost:54003}, networkConnectionEnabled: false, pageLoadStrategy: normal, platformName: windows, proxy: Proxy(), se:cdp: ws://localhost:54003/devtoo..., se:cdpVersion: 127.0.6533.100, setWindowRect: true, strictFileInteractability: false, timeouts: {implicit: 0, pageLoad: 300000, script: 30000}, unhandledPromptBehavior: dismiss and notify, webauthn:extension:credBlob: true, webauthn:extension:largeBlob: true, webauthn:extension:minPinLength: true, webauthn:extension:prf: true, webauthn:virtualAuthenticators: true}
Session ID: 1e55d5eb2843173326ecd0b9d139c098
at org.openqa.selenium.remote.codec.w3c.W3CHttpResponseCodec.createException(W3CHttpResponseCodec.java:200)
at org.openqa.selenium.remote.codec.w3c.W3CHttpResponseCodec.decode(W3CHttpResponseCodec.java:133)
at org.openqa.selenium.remote.codec.w3c.W3CHttpResponseCodec.decode(W3CHttpResponseCodec.java:52)
at org.openqa.selenium.remote.HttpCommandExecutor.execute(HttpCommandExecutor.java:191)
at org.openqa.selenium.remote.service.DriverCommandExecutor.invokeExecute(DriverCommandExecutor.java:196)
at org.openqa.selenium.remote.service.DriverCommandExecutor.execute(DriverCommandExecutor.java:171)
at org.openqa.selenium.remote.RemoteWebDriver.execute(RemoteWebDriver.java:518)
at org.openqa.selenium.remote.RemoteWebDriver.get(RemoteWebDriver.java:300)
at com.glendale.base.BaseClass.openBrowser(BaseClass.java:18)
at java.base/java.util.ArrayList.forEach(ArrayList.java:1511)
... Removed 35 stack frames]]>
    </failure>
  </testcase> <!-- @BeforeMethod openBrowser -->
  <testcase classname="com.glendale.test.honorGuard.AllHonorGuard_Test" name="@BeforeMethod loadObject" time="0.0">
    <skipped/>
  </testcase> <!-- @BeforeMethod loadObject -->
  <testcase classname="com.glendale.base.BaseClass" name="@AfterMethod CloseBrowser" time="0.0">
    <skipped/>
  </testcase> <!-- @AfterMethod CloseBrowser -->
  <testcase classname="com.glendale.base.BaseClass" name="@BeforeMethod openBrowser" time="0.0">
    <skipped/>
  </testcase> <!-- @BeforeMethod openBrowser -->
  <testcase classname="com.glendale.test.honorGuard.AllHonorGuard_Test" name="@BeforeMethod loadObject" time="0.0">
    <skipped/>
  </testcase> <!-- @BeforeMethod loadObject -->
  <testcase classname="com.glendale.base.BaseClass" name="@AfterMethod CloseBrowser" time="0.0">
    <skipped/>
  </testcase> <!-- @AfterMethod CloseBrowser -->
  <testcase classname="com.glendale.base.BaseClass" name="@BeforeMethod openBrowser" time="0.0">
    <skipped/>
  </testcase> <!-- @BeforeMethod openBrowser -->
  <testcase classname="com.glendale.test.honorGuard.AllHonorGuard_Test" name="@BeforeMethod loadObject" time="0.0">
    <skipped/>
  </testcase> <!-- @BeforeMethod loadObject -->
  <testcase classname="com.glendale.base.BaseClass" name="@AfterMethod CloseBrowser" time="0.0">
    <skipped/>
  </testcase> <!-- @AfterMethod CloseBrowser -->
  <testcase classname="com.glendale.base.BaseClass" name="@BeforeMethod openBrowser" time="0.0">
    <skipped/>
  </testcase> <!-- @BeforeMethod openBrowser -->
  <testcase classname="com.glendale.test.honorGuard.AllHonorGuard_Test" name="@BeforeMethod loadObject" time="0.0">
    <skipped/>
  </testcase> <!-- @BeforeMethod loadObject -->
  <testcase classname="com.glendale.base.BaseClass" name="@AfterMethod CloseBrowser" time="0.0">
    <skipped/>
  </testcase> <!-- @AfterMethod CloseBrowser -->
  <testcase classname="com.glendale.base.BaseClass" name="@BeforeMethod openBrowser" time="0.0">
    <skipped/>
  </testcase> <!-- @BeforeMethod openBrowser -->
  <testcase classname="com.glendale.test.honorGuard.AllHonorGuard_Test" name="@BeforeMethod loadObject" time="0.0">
    <skipped/>
  </testcase> <!-- @BeforeMethod loadObject -->
  <testcase classname="com.glendale.base.BaseClass" name="@AfterMethod CloseBrowser" time="0.0">
    <skipped/>
  </testcase> <!-- @AfterMethod CloseBrowser -->
  <testcase classname="com.glendale.base.BaseClass" name="@BeforeMethod openBrowser" time="1.174">
    <failure type="org.openqa.selenium.WebDriverException" message="unknown error: net::ERR_INTERNET_DISCONNECTED
  (Session info: chrome=127.0.6533.100)
Build info: version: &amp;apos;4.11.0&amp;apos;, revision: &amp;apos;040bc5406b&amp;apos;
System info: os.name: &amp;apos;Windows 10&amp;apos;, os.arch: &amp;apos;amd64&amp;apos;, os.version: &amp;apos;10.0&amp;apos;, java.version: &amp;apos;17.0.8&amp;apos;
Driver info: org.openqa.selenium.chrome.ChromeDriver
Command: [b62123b4d163d3391d5d2edd9fef1f80, get {url=https://www.glendale.com/}]
Capabilities {acceptInsecureCerts: false, browserName: chrome, browserVersion: 127.0.6533.100, chrome: {chromedriverVersion: 127.0.6533.99 (f31af5097d90..., userDataDir: C:\Users\pawan\AppData\Loca...}, fedcm:accounts: true, goog:chromeOptions: {debuggerAddress: localhost:54014}, networkConnectionEnabled: false, pageLoadStrategy: normal, platformName: windows, proxy: Proxy(), se:cdp: ws://localhost:54014/devtoo..., se:cdpVersion: 127.0.6533.100, setWindowRect: true, strictFileInteractability: false, timeouts: {implicit: 0, pageLoad: 300000, script: 30000}, unhandledPromptBehavior: dismiss and notify, webauthn:extension:credBlob: true, webauthn:extension:largeBlob: true, webauthn:extension:minPinLength: true, webauthn:extension:prf: true, webauthn:virtualAuthenticators: true}
Session ID: b62123b4d163d3391d5d2edd9fef1f80">
      <![CDATA[org.openqa.selenium.WebDriverException: unknown error: net::ERR_INTERNET_DISCONNECTED
  (Session info: chrome=127.0.6533.100)
Build info: version: '4.11.0', revision: '040bc5406b'
System info: os.name: 'Windows 10', os.arch: 'amd64', os.version: '10.0', java.version: '17.0.8'
Driver info: org.openqa.selenium.chrome.ChromeDriver
Command: [b62123b4d163d3391d5d2edd9fef1f80, get {url=https://www.glendale.com/}]
Capabilities {acceptInsecureCerts: false, browserName: chrome, browserVersion: 127.0.6533.100, chrome: {chromedriverVersion: 127.0.6533.99 (f31af5097d90..., userDataDir: C:\Users\pawan\AppData\Loca...}, fedcm:accounts: true, goog:chromeOptions: {debuggerAddress: localhost:54014}, networkConnectionEnabled: false, pageLoadStrategy: normal, platformName: windows, proxy: Proxy(), se:cdp: ws://localhost:54014/devtoo..., se:cdpVersion: 127.0.6533.100, setWindowRect: true, strictFileInteractability: false, timeouts: {implicit: 0, pageLoad: 300000, script: 30000}, unhandledPromptBehavior: dismiss and notify, webauthn:extension:credBlob: true, webauthn:extension:largeBlob: true, webauthn:extension:minPinLength: true, webauthn:extension:prf: true, webauthn:virtualAuthenticators: true}
Session ID: b62123b4d163d3391d5d2edd9fef1f80
at org.openqa.selenium.remote.codec.w3c.W3CHttpResponseCodec.createException(W3CHttpResponseCodec.java:200)
at org.openqa.selenium.remote.codec.w3c.W3CHttpResponseCodec.decode(W3CHttpResponseCodec.java:133)
at org.openqa.selenium.remote.codec.w3c.W3CHttpResponseCodec.decode(W3CHttpResponseCodec.java:52)
at org.openqa.selenium.remote.HttpCommandExecutor.execute(HttpCommandExecutor.java:191)
at org.openqa.selenium.remote.service.DriverCommandExecutor.invokeExecute(DriverCommandExecutor.java:196)
at org.openqa.selenium.remote.service.DriverCommandExecutor.execute(DriverCommandExecutor.java:171)
at org.openqa.selenium.remote.RemoteWebDriver.execute(RemoteWebDriver.java:518)
at org.openqa.selenium.remote.RemoteWebDriver.get(RemoteWebDriver.java:300)
at com.glendale.base.BaseClass.openBrowser(BaseClass.java:18)
at java.base/java.util.ArrayList.forEach(ArrayList.java:1511)
... Removed 35 stack frames]]>
    </failure>
  </testcase> <!-- @BeforeMethod openBrowser -->
  <testcase classname="com.glendale.test.swords.LetterOpenerSwords_Test" name="@BeforeMethod loadObject" time="0.0">
    <skipped/>
  </testcase> <!-- @BeforeMethod loadObject -->
  <testcase classname="com.glendale.base.BaseClass" name="@AfterMethod CloseBrowser" time="0.0">
    <skipped/>
  </testcase> <!-- @AfterMethod CloseBrowser -->
  <testcase classname="com.glendale.base.BaseClass" name="@BeforeMethod openBrowser" time="0.0">
    <skipped/>
  </testcase> <!-- @BeforeMethod openBrowser -->
  <testcase classname="com.glendale.test.swords.LetterOpenerSwords_Test" name="@BeforeMethod loadObject" time="0.0">
    <skipped/>
  </testcase> <!-- @BeforeMethod loadObject -->
  <testcase classname="com.glendale.base.BaseClass" name="@AfterMethod CloseBrowser" time="0.0">
    <skipped/>
  </testcase> <!-- @AfterMethod CloseBrowser -->
  <testcase classname="com.glendale.base.BaseClass" name="@BeforeMethod openBrowser" time="0.0">
    <skipped/>
  </testcase> <!-- @BeforeMethod openBrowser -->
  <testcase classname="com.glendale.test.swords.LetterOpenerSwords_Test" name="@BeforeMethod loadObject" time="0.0">
    <skipped/>
  </testcase> <!-- @BeforeMethod loadObject -->
  <testcase classname="com.glendale.base.BaseClass" name="@AfterMethod CloseBrowser" time="0.0">
    <skipped/>
  </testcase> <!-- @AfterMethod CloseBrowser -->
  <testcase classname="com.glendale.base.BaseClass" name="@BeforeMethod openBrowser" time="0.0">
    <skipped/>
  </testcase> <!-- @BeforeMethod openBrowser -->
  <testcase classname="com.glendale.test.swords.LetterOpenerSwords_Test" name="@BeforeMethod loadObject" time="0.0">
    <skipped/>
  </testcase> <!-- @BeforeMethod loadObject -->
  <testcase classname="com.glendale.base.BaseClass" name="@AfterMethod CloseBrowser" time="0.0">
    <skipped/>
  </testcase> <!-- @AfterMethod CloseBrowser -->
  <testcase classname="com.glendale.base.BaseClass" name="@BeforeMethod openBrowser" time="0.0">
    <skipped/>
  </testcase> <!-- @BeforeMethod openBrowser -->
  <testcase classname="com.glendale.test.swords.LetterOpenerSwords_Test" name="@BeforeMethod loadObject" time="0.0">
    <skipped/>
  </testcase> <!-- @BeforeMethod loadObject -->
  <testcase classname="com.glendale.base.BaseClass" name="@AfterMethod CloseBrowser" time="0.0">
    <skipped/>
  </testcase> <!-- @AfterMethod CloseBrowser -->
  <testcase classname="com.glendale.base.BaseClass" name="@BeforeMethod openBrowser" time="0.0">
    <skipped/>
  </testcase> <!-- @BeforeMethod openBrowser -->
  <testcase classname="com.glendale.test.swords.LetterOpenerSwords_Test" name="@BeforeMethod loadObject" time="0.0">
    <skipped/>
  </testcase> <!-- @BeforeMethod loadObject -->
  <testcase classname="com.glendale.base.BaseClass" name="@AfterMethod CloseBrowser" time="0.0">
    <skipped/>
  </testcase> <!-- @AfterMethod CloseBrowser -->
  <testcase classname="com.glendale.base.BaseClass" name="@BeforeMethod openBrowser" time="0.0">
    <skipped/>
  </testcase> <!-- @BeforeMethod openBrowser -->
  <testcase classname="com.glendale.test.swords.LetterOpenerSwords_Test" name="@BeforeMethod loadObject" time="0.0">
    <skipped/>
  </testcase> <!-- @BeforeMethod loadObject -->
  <testcase classname="com.glendale.base.BaseClass" name="@AfterMethod CloseBrowser" time="0.0">
    <skipped/>
  </testcase> <!-- @AfterMethod CloseBrowser -->
  <testcase classname="com.glendale.base.BaseClass" name="@BeforeMethod openBrowser" time="0.0">
    <skipped/>
  </testcase> <!-- @BeforeMethod openBrowser -->
  <testcase classname="com.glendale.test.swords.LetterOpenerSwords_Test" name="@BeforeMethod loadObject" time="0.0">
    <skipped/>
  </testcase> <!-- @BeforeMethod loadObject -->
  <testcase classname="com.glendale.base.BaseClass" name="@AfterMethod CloseBrowser" time="0.0">
    <skipped/>
  </testcase> <!-- @AfterMethod CloseBrowser -->
  <testcase classname="com.glendale.base.BaseClass" name="@BeforeMethod openBrowser" time="0.0">
    <skipped/>
  </testcase> <!-- @BeforeMethod openBrowser -->
  <testcase classname="com.glendale.test.swords.LetterOpenerSwords_Test" name="@BeforeMethod loadObject" time="0.0">
    <skipped/>
  </testcase> <!-- @BeforeMethod loadObject -->
  <testcase classname="com.glendale.base.BaseClass" name="@AfterMethod CloseBrowser" time="0.0">
    <skipped/>
  </testcase> <!-- @AfterMethod CloseBrowser -->
  <testcase classname="com.glendale.base.BaseClass" name="@BeforeMethod openBrowser" time="0.0">
    <skipped/>
  </testcase> <!-- @BeforeMethod openBrowser -->
  <testcase classname="com.glendale.test.swords.LetterOpenerSwords_Test" name="@BeforeMethod loadObject" time="0.0">
    <skipped/>
  </testcase> <!-- @BeforeMethod loadObject -->
  <testcase classname="com.glendale.base.BaseClass" name="@AfterMethod CloseBrowser" time="0.0">
    <skipped/>
  </testcase> <!-- @AfterMethod CloseBrowser -->
  <testcase classname="com.glendale.base.BaseClass" name="@BeforeMethod openBrowser" time="0.0">
    <skipped/>
  </testcase> <!-- @BeforeMethod openBrowser -->
  <testcase classname="com.glendale.test.swords.LetterOpenerSwords_Test" name="@BeforeMethod loadObject" time="0.0">
    <skipped/>
  </testcase> <!-- @BeforeMethod loadObject -->
  <testcase classname="com.glendale.base.BaseClass" name="@AfterMethod CloseBrowser" time="0.0">
    <skipped/>
  </testcase> <!-- @AfterMethod CloseBrowser -->
  <testcase classname="com.glendale.base.BaseClass" name="@BeforeMethod openBrowser" time="0.0">
    <skipped/>
  </testcase> <!-- @BeforeMethod openBrowser -->
  <testcase classname="com.glendale.test.swords.LetterOpenerSwords_Test" name="@BeforeMethod loadObject" time="0.0">
    <skipped/>
  </testcase> <!-- @BeforeMethod loadObject -->
  <testcase classname="com.glendale.base.BaseClass" name="@AfterMethod CloseBrowser" time="0.0">
    <skipped/>
  </testcase> <!-- @AfterMethod CloseBrowser -->
  <testcase classname="com.glendale.base.BaseClass" name="@BeforeMethod openBrowser" time="0.0">
    <skipped/>
  </testcase> <!-- @BeforeMethod openBrowser -->
  <testcase classname="com.glendale.test.swords.LetterOpenerSwords_Test" name="@BeforeMethod loadObject" time="0.0">
    <skipped/>
  </testcase> <!-- @BeforeMethod loadObject -->
  <testcase classname="com.glendale.base.BaseClass" name="@AfterMethod CloseBrowser" time="0.0">
    <skipped/>
  </testcase> <!-- @AfterMethod CloseBrowser -->
  <testcase classname="com.glendale.base.BaseClass" name="@BeforeMethod openBrowser" time="0.0">
    <skipped/>
  </testcase> <!-- @BeforeMethod openBrowser -->
  <testcase classname="com.glendale.test.swords.LetterOpenerSwords_Test" name="@BeforeMethod loadObject" time="0.0">
    <skipped/>
  </testcase> <!-- @BeforeMethod loadObject -->
  <testcase classname="com.glendale.base.BaseClass" name="@AfterMethod CloseBrowser" time="0.0">
    <skipped/>
  </testcase> <!-- @AfterMethod CloseBrowser -->
  <testcase classname="com.glendale.base.BaseClass" name="@BeforeMethod openBrowser" time="0.0">
    <skipped/>
  </testcase> <!-- @BeforeMethod openBrowser -->
  <testcase classname="com.glendale.test.swords.LetterOpenerSwords_Test" name="@BeforeMethod loadObject" time="0.0">
    <skipped/>
  </testcase> <!-- @BeforeMethod loadObject -->
  <testcase classname="com.glendale.base.BaseClass" name="@AfterMethod CloseBrowser" time="0.0">
    <skipped/>
  </testcase> <!-- @AfterMethod CloseBrowser -->
  <testcase classname="com.glendale.base.BaseClass" name="@BeforeMethod openBrowser" time="2.783">
    <failure type="org.openqa.selenium.WebDriverException" message="unknown error: net::ERR_NAME_NOT_RESOLVED
  (Session info: chrome=127.0.6533.100)
Build info: version: &amp;apos;4.11.0&amp;apos;, revision: &amp;apos;040bc5406b&amp;apos;
System info: os.name: &amp;apos;Windows 10&amp;apos;, os.arch: &amp;apos;amd64&amp;apos;, os.version: &amp;apos;10.0&amp;apos;, java.version: &amp;apos;17.0.8&amp;apos;
Driver info: org.openqa.selenium.chrome.ChromeDriver
Command: [5c6626cfac8d9d3acfaef96dd6f2cb15, get {url=https://www.glendale.com/}]
Capabilities {acceptInsecureCerts: false, browserName: chrome, browserVersion: 127.0.6533.100, chrome: {chromedriverVersion: 127.0.6533.99 (f31af5097d90..., userDataDir: C:\Users\pawan\AppData\Loca...}, fedcm:accounts: true, goog:chromeOptions: {debuggerAddress: localhost:54028}, networkConnectionEnabled: false, pageLoadStrategy: normal, platformName: windows, proxy: Proxy(), se:cdp: ws://localhost:54028/devtoo..., se:cdpVersion: 127.0.6533.100, setWindowRect: true, strictFileInteractability: false, timeouts: {implicit: 0, pageLoad: 300000, script: 30000}, unhandledPromptBehavior: dismiss and notify, webauthn:extension:credBlob: true, webauthn:extension:largeBlob: true, webauthn:extension:minPinLength: true, webauthn:extension:prf: true, webauthn:virtualAuthenticators: true}
Session ID: 5c6626cfac8d9d3acfaef96dd6f2cb15">
      <![CDATA[org.openqa.selenium.WebDriverException: unknown error: net::ERR_NAME_NOT_RESOLVED
  (Session info: chrome=127.0.6533.100)
Build info: version: '4.11.0', revision: '040bc5406b'
System info: os.name: 'Windows 10', os.arch: 'amd64', os.version: '10.0', java.version: '17.0.8'
Driver info: org.openqa.selenium.chrome.ChromeDriver
Command: [5c6626cfac8d9d3acfaef96dd6f2cb15, get {url=https://www.glendale.com/}]
Capabilities {acceptInsecureCerts: false, browserName: chrome, browserVersion: 127.0.6533.100, chrome: {chromedriverVersion: 127.0.6533.99 (f31af5097d90..., userDataDir: C:\Users\pawan\AppData\Loca...}, fedcm:accounts: true, goog:chromeOptions: {debuggerAddress: localhost:54028}, networkConnectionEnabled: false, pageLoadStrategy: normal, platformName: windows, proxy: Proxy(), se:cdp: ws://localhost:54028/devtoo..., se:cdpVersion: 127.0.6533.100, setWindowRect: true, strictFileInteractability: false, timeouts: {implicit: 0, pageLoad: 300000, script: 30000}, unhandledPromptBehavior: dismiss and notify, webauthn:extension:credBlob: true, webauthn:extension:largeBlob: true, webauthn:extension:minPinLength: true, webauthn:extension:prf: true, webauthn:virtualAuthenticators: true}
Session ID: 5c6626cfac8d9d3acfaef96dd6f2cb15
at org.openqa.selenium.remote.codec.w3c.W3CHttpResponseCodec.createException(W3CHttpResponseCodec.java:200)
at org.openqa.selenium.remote.codec.w3c.W3CHttpResponseCodec.decode(W3CHttpResponseCodec.java:133)
at org.openqa.selenium.remote.codec.w3c.W3CHttpResponseCodec.decode(W3CHttpResponseCodec.java:52)
at org.openqa.selenium.remote.HttpCommandExecutor.execute(HttpCommandExecutor.java:191)
at org.openqa.selenium.remote.service.DriverCommandExecutor.invokeExecute(DriverCommandExecutor.java:196)
at org.openqa.selenium.remote.service.DriverCommandExecutor.execute(DriverCommandExecutor.java:171)
at org.openqa.selenium.remote.RemoteWebDriver.execute(RemoteWebDriver.java:518)
at org.openqa.selenium.remote.RemoteWebDriver.get(RemoteWebDriver.java:300)
at com.glendale.base.BaseClass.openBrowser(BaseClass.java:18)
at java.base/java.util.ArrayList.forEach(ArrayList.java:1511)
... Removed 35 stack frames]]>
    </failure>
  </testcase> <!-- @BeforeMethod openBrowser -->
  <testcase classname="com.glendale.test.millitary.Army_Test" name="@BeforeMethod loadObject" time="0.0">
    <skipped/>
  </testcase> <!-- @BeforeMethod loadObject -->
  <testcase classname="com.glendale.base.BaseClass" name="@AfterMethod CloseBrowser" time="0.0">
    <skipped/>
  </testcase> <!-- @AfterMethod CloseBrowser -->
  <testcase classname="com.glendale.base.BaseClass" name="@BeforeMethod openBrowser" time="0.0">
    <skipped/>
  </testcase> <!-- @BeforeMethod openBrowser -->
  <testcase classname="com.glendale.test.millitary.Army_Test" name="@BeforeMethod loadObject" time="0.0">
    <skipped/>
  </testcase> <!-- @BeforeMethod loadObject -->
  <testcase classname="com.glendale.base.BaseClass" name="@AfterMethod CloseBrowser" time="0.0">
    <skipped/>
  </testcase> <!-- @AfterMethod CloseBrowser -->
  <testcase classname="com.glendale.base.BaseClass" name="@BeforeMethod openBrowser" time="0.0">
    <skipped/>
  </testcase> <!-- @BeforeMethod openBrowser -->
  <testcase classname="com.glendale.test.millitary.Army_Test" name="@BeforeMethod loadObject" time="0.0">
    <skipped/>
  </testcase> <!-- @BeforeMethod loadObject -->
  <testcase classname="com.glendale.base.BaseClass" name="@AfterMethod CloseBrowser" time="0.0">
    <skipped/>
  </testcase> <!-- @AfterMethod CloseBrowser -->
  <testcase classname="com.glendale.base.BaseClass" name="@BeforeMethod openBrowser" time="0.0">
    <skipped/>
  </testcase> <!-- @BeforeMethod openBrowser -->
  <testcase classname="com.glendale.test.millitary.Army_Test" name="@BeforeMethod loadObject" time="0.0">
    <skipped/>
  </testcase> <!-- @BeforeMethod loadObject -->
  <testcase classname="com.glendale.base.BaseClass" name="@AfterMethod CloseBrowser" time="0.0">
    <skipped/>
  </testcase> <!-- @AfterMethod CloseBrowser -->
  <testcase classname="com.glendale.base.BaseClass" name="@BeforeMethod openBrowser" time="0.0">
    <skipped/>
  </testcase> <!-- @BeforeMethod openBrowser -->
  <testcase classname="com.glendale.test.millitary.Army_Test" name="@BeforeMethod loadObject" time="0.0">
    <skipped/>
  </testcase> <!-- @BeforeMethod loadObject -->
  <testcase classname="com.glendale.base.BaseClass" name="@AfterMethod CloseBrowser" time="0.0">
    <skipped/>
  </testcase> <!-- @AfterMethod CloseBrowser -->
  <testcase classname="com.glendale.base.BaseClass" name="@BeforeMethod openBrowser" time="0.0">
    <skipped/>
  </testcase> <!-- @BeforeMethod openBrowser -->
  <testcase classname="com.glendale.test.millitary.Army_Test" name="@BeforeMethod loadObject" time="0.0">
    <skipped/>
  </testcase> <!-- @BeforeMethod loadObject -->
  <testcase classname="com.glendale.base.BaseClass" name="@AfterMethod CloseBrowser" time="0.0">
    <skipped/>
  </testcase> <!-- @AfterMethod CloseBrowser -->
  <testcase classname="com.glendale.base.BaseClass" name="@BeforeMethod openBrowser" time="0.0">
    <skipped/>
  </testcase> <!-- @BeforeMethod openBrowser -->
  <testcase classname="com.glendale.test.millitary.Army_Test" name="@BeforeMethod loadObject" time="0.0">
    <skipped/>
  </testcase> <!-- @BeforeMethod loadObject -->
  <testcase classname="com.glendale.base.BaseClass" name="@AfterMethod CloseBrowser" time="0.0">
    <skipped/>
  </testcase> <!-- @AfterMethod CloseBrowser -->
  <testcase classname="com.glendale.base.BaseClass" name="@BeforeMethod openBrowser" time="0.0">
    <skipped/>
  </testcase> <!-- @BeforeMethod openBrowser -->
  <testcase classname="com.glendale.test.millitary.Army_Test" name="@BeforeMethod loadObject" time="0.0">
    <skipped/>
  </testcase> <!-- @BeforeMethod loadObject -->
  <testcase classname="com.glendale.base.BaseClass" name="@AfterMethod CloseBrowser" time="0.0">
    <skipped/>
  </testcase> <!-- @AfterMethod CloseBrowser -->
  <testcase classname="com.glendale.base.BaseClass" name="@BeforeMethod openBrowser" time="0.0">
    <skipped/>
  </testcase> <!-- @BeforeMethod openBrowser -->
  <testcase classname="com.glendale.test.millitary.Army_Test" name="@BeforeMethod loadObject" time="0.0">
    <skipped/>
  </testcase> <!-- @BeforeMethod loadObject -->
  <testcase classname="com.glendale.base.BaseClass" name="@AfterMethod CloseBrowser" time="0.0">
    <skipped/>
  </testcase> <!-- @AfterMethod CloseBrowser -->
  <testcase classname="com.glendale.base.BaseClass" name="@BeforeMethod openBrowser" time="0.0">
    <skipped/>
  </testcase> <!-- @BeforeMethod openBrowser -->
  <testcase classname="com.glendale.test.millitary.Army_Test" name="@BeforeMethod loadObject" time="0.0">
    <skipped/>
  </testcase> <!-- @BeforeMethod loadObject -->
  <testcase classname="com.glendale.base.BaseClass" name="@AfterMethod CloseBrowser" time="0.0">
    <skipped/>
  </testcase> <!-- @AfterMethod CloseBrowser -->
  <testcase classname="com.glendale.base.BaseClass" name="@BeforeMethod openBrowser" time="2.778">
    <failure type="org.openqa.selenium.WebDriverException" message="unknown error: net::ERR_NAME_NOT_RESOLVED
  (Session info: chrome=127.0.6533.100)
Build info: version: &amp;apos;4.11.0&amp;apos;, revision: &amp;apos;040bc5406b&amp;apos;
System info: os.name: &amp;apos;Windows 10&amp;apos;, os.arch: &amp;apos;amd64&amp;apos;, os.version: &amp;apos;10.0&amp;apos;, java.version: &amp;apos;17.0.8&amp;apos;
Driver info: org.openqa.selenium.chrome.ChromeDriver
Command: [e93e58472ced045fdd997d477ae3702d, get {url=https://www.glendale.com/}]
Capabilities {acceptInsecureCerts: false, browserName: chrome, browserVersion: 127.0.6533.100, chrome: {chromedriverVersion: 127.0.6533.99 (f31af5097d90..., userDataDir: C:\Users\pawan\AppData\Loca...}, fedcm:accounts: true, goog:chromeOptions: {debuggerAddress: localhost:54042}, networkConnectionEnabled: false, pageLoadStrategy: normal, platformName: windows, proxy: Proxy(), se:cdp: ws://localhost:54042/devtoo..., se:cdpVersion: 127.0.6533.100, setWindowRect: true, strictFileInteractability: false, timeouts: {implicit: 0, pageLoad: 300000, script: 30000}, unhandledPromptBehavior: dismiss and notify, webauthn:extension:credBlob: true, webauthn:extension:largeBlob: true, webauthn:extension:minPinLength: true, webauthn:extension:prf: true, webauthn:virtualAuthenticators: true}
Session ID: e93e58472ced045fdd997d477ae3702d">
      <![CDATA[org.openqa.selenium.WebDriverException: unknown error: net::ERR_NAME_NOT_RESOLVED
  (Session info: chrome=127.0.6533.100)
Build info: version: '4.11.0', revision: '040bc5406b'
System info: os.name: 'Windows 10', os.arch: 'amd64', os.version: '10.0', java.version: '17.0.8'
Driver info: org.openqa.selenium.chrome.ChromeDriver
Command: [e93e58472ced045fdd997d477ae3702d, get {url=https://www.glendale.com/}]
Capabilities {acceptInsecureCerts: false, browserName: chrome, browserVersion: 127.0.6533.100, chrome: {chromedriverVersion: 127.0.6533.99 (f31af5097d90..., userDataDir: C:\Users\pawan\AppData\Loca...}, fedcm:accounts: true, goog:chromeOptions: {debuggerAddress: localhost:54042}, networkConnectionEnabled: false, pageLoadStrategy: normal, platformName: windows, proxy: Proxy(), se:cdp: ws://localhost:54042/devtoo..., se:cdpVersion: 127.0.6533.100, setWindowRect: true, strictFileInteractability: false, timeouts: {implicit: 0, pageLoad: 300000, script: 30000}, unhandledPromptBehavior: dismiss and notify, webauthn:extension:credBlob: true, webauthn:extension:largeBlob: true, webauthn:extension:minPinLength: true, webauthn:extension:prf: true, webauthn:virtualAuthenticators: true}
Session ID: e93e58472ced045fdd997d477ae3702d
at org.openqa.selenium.remote.codec.w3c.W3CHttpResponseCodec.createException(W3CHttpResponseCodec.java:200)
at org.openqa.selenium.remote.codec.w3c.W3CHttpResponseCodec.decode(W3CHttpResponseCodec.java:133)
at org.openqa.selenium.remote.codec.w3c.W3CHttpResponseCodec.decode(W3CHttpResponseCodec.java:52)
at org.openqa.selenium.remote.HttpCommandExecutor.execute(HttpCommandExecutor.java:191)
at org.openqa.selenium.remote.service.DriverCommandExecutor.invokeExecute(DriverCommandExecutor.java:196)
at org.openqa.selenium.remote.service.DriverCommandExecutor.execute(DriverCommandExecutor.java:171)
at org.openqa.selenium.remote.RemoteWebDriver.execute(RemoteWebDriver.java:518)
at org.openqa.selenium.remote.RemoteWebDriver.get(RemoteWebDriver.java:300)
at com.glendale.base.BaseClass.openBrowser(BaseClass.java:18)
at java.base/java.util.ArrayList.forEach(ArrayList.java:1511)
... Removed 35 stack frames]]>
    </failure>
  </testcase> <!-- @BeforeMethod openBrowser -->
  <testcase classname="com.glendale.test.firstResponder.BadgeHoldersWallets_Test" name="@BeforeMethod loadObject" time="0.0">
    <skipped/>
  </testcase> <!-- @BeforeMethod loadObject -->
  <testcase classname="com.glendale.base.BaseClass" name="@AfterMethod CloseBrowser" time="0.0">
    <skipped/>
  </testcase> <!-- @AfterMethod CloseBrowser -->
  <testcase classname="com.glendale.base.BaseClass" name="@BeforeMethod openBrowser" time="0.0">
    <skipped/>
  </testcase> <!-- @BeforeMethod openBrowser -->
  <testcase classname="com.glendale.test.firstResponder.BadgeHoldersWallets_Test" name="@BeforeMethod loadObject" time="0.0">
    <skipped/>
  </testcase> <!-- @BeforeMethod loadObject -->
  <testcase classname="com.glendale.base.BaseClass" name="@AfterMethod CloseBrowser" time="0.0">
    <skipped/>
  </testcase> <!-- @AfterMethod CloseBrowser -->
  <testcase classname="com.glendale.base.BaseClass" name="@BeforeMethod openBrowser" time="0.0">
    <skipped/>
  </testcase> <!-- @BeforeMethod openBrowser -->
  <testcase classname="com.glendale.test.firstResponder.BadgeHoldersWallets_Test" name="@BeforeMethod loadObject" time="0.0">
    <skipped/>
  </testcase> <!-- @BeforeMethod loadObject -->
  <testcase classname="com.glendale.base.BaseClass" name="@AfterMethod CloseBrowser" time="0.0">
    <skipped/>
  </testcase> <!-- @AfterMethod CloseBrowser -->
  <testcase classname="com.glendale.base.BaseClass" name="@BeforeMethod openBrowser" time="0.0">
    <skipped/>
  </testcase> <!-- @BeforeMethod openBrowser -->
  <testcase classname="com.glendale.test.firstResponder.BadgeHoldersWallets_Test" name="@BeforeMethod loadObject" time="0.0">
    <skipped/>
  </testcase> <!-- @BeforeMethod loadObject -->
  <testcase classname="com.glendale.base.BaseClass" name="@AfterMethod CloseBrowser" time="0.0">
    <skipped/>
  </testcase> <!-- @AfterMethod CloseBrowser -->
  <testcase classname="com.glendale.base.BaseClass" name="@BeforeMethod openBrowser" time="0.0">
    <skipped/>
  </testcase> <!-- @BeforeMethod openBrowser -->
  <testcase classname="com.glendale.test.firstResponder.BadgeHoldersWallets_Test" name="@BeforeMethod loadObject" time="0.0">
    <skipped/>
  </testcase> <!-- @BeforeMethod loadObject -->
  <testcase classname="com.glendale.base.BaseClass" name="@AfterMethod CloseBrowser" time="0.0">
    <skipped/>
  </testcase> <!-- @AfterMethod CloseBrowser -->
  <testcase classname="com.glendale.base.BaseClass" name="@BeforeMethod openBrowser" time="0.0">
    <skipped/>
  </testcase> <!-- @BeforeMethod openBrowser -->
  <testcase classname="com.glendale.test.firstResponder.BadgeHoldersWallets_Test" name="@BeforeMethod loadObject" time="0.0">
    <skipped/>
  </testcase> <!-- @BeforeMethod loadObject -->
  <testcase classname="com.glendale.base.BaseClass" name="@AfterMethod CloseBrowser" time="0.0">
    <skipped/>
  </testcase> <!-- @AfterMethod CloseBrowser -->
  <testcase classname="com.glendale.base.BaseClass" name="@BeforeMethod openBrowser" time="46818.84">
    <failure type="org.openqa.selenium.remote.UnreachableBrowserException" message="Error communicating with the remote browser. It may have died.
Build info: version: &amp;apos;4.11.0&amp;apos;, revision: &amp;apos;040bc5406b&amp;apos;
System info: os.name: &amp;apos;Windows 10&amp;apos;, os.arch: &amp;apos;amd64&amp;apos;, os.version: &amp;apos;10.0&amp;apos;, java.version: &amp;apos;17.0.8&amp;apos;
Driver info: org.openqa.selenium.chrome.ChromeDriver
Command: [56c62b61422dcd7b16e6fa4b77ced156, get [url]]
Capabilities {acceptInsecureCerts: false, browserName: chrome, browserVersion: 127.0.6533.100, chrome: {chromedriverVersion: 127.0.6533.99 (f31af5097d90..., userDataDir: C:\Users\pawan\AppData\Loca...}, fedcm:accounts: true, goog:chromeOptions: {debuggerAddress: localhost:51534}, networkConnectionEnabled: false, pageLoadStrategy: normal, platformName: windows, proxy: Proxy(), se:cdp: ws://localhost:51534/devtoo..., se:cdpVersion: 127.0.6533.100, setWindowRect: true, strictFileInteractability: false, timeouts: {implicit: 0, pageLoad: 300000, script: 30000}, unhandledPromptBehavior: dismiss and notify, webauthn:extension:credBlob: true, webauthn:extension:largeBlob: true, webauthn:extension:minPinLength: true, webauthn:extension:prf: true, webauthn:virtualAuthenticators: true}
Session ID: 56c62b61422dcd7b16e6fa4b77ced156">
      <![CDATA[org.openqa.selenium.remote.UnreachableBrowserException: Error communicating with the remote browser. It may have died.
Build info: version: '4.11.0', revision: '040bc5406b'
System info: os.name: 'Windows 10', os.arch: 'amd64', os.version: '10.0', java.version: '17.0.8'
Driver info: org.openqa.selenium.chrome.ChromeDriver
Command: [56c62b61422dcd7b16e6fa4b77ced156, get [url]]
Capabilities {acceptInsecureCerts: false, browserName: chrome, browserVersion: 127.0.6533.100, chrome: {chromedriverVersion: 127.0.6533.99 (f31af5097d90..., userDataDir: C:\Users\pawan\AppData\Loca...}, fedcm:accounts: true, goog:chromeOptions: {debuggerAddress: localhost:51534}, networkConnectionEnabled: false, pageLoadStrategy: normal, platformName: windows, proxy: Proxy(), se:cdp: ws://localhost:51534/devtoo..., se:cdpVersion: 127.0.6533.100, setWindowRect: true, strictFileInteractability: false, timeouts: {implicit: 0, pageLoad: 300000, script: 30000}, unhandledPromptBehavior: dismiss and notify, webauthn:extension:credBlob: true, webauthn:extension:largeBlob: true, webauthn:extension:minPinLength: true, webauthn:extension:prf: true, webauthn:virtualAuthenticators: true}
Session ID: 56c62b61422dcd7b16e6fa4b77ced156
at org.openqa.selenium.remote.RemoteWebDriver.execute(RemoteWebDriver.java:545)
at org.openqa.selenium.remote.RemoteWebDriver.get(RemoteWebDriver.java:300)
at com.glendale.base.BaseClass.openBrowser(BaseClass.java:18)
at java.base/java.util.ArrayList.forEach(ArrayList.java:1511)
Caused by: java.lang.RuntimeException: NettyHttpHandler request execution error
at org.openqa.selenium.remote.http.netty.NettyHttpHandler.makeCall(NettyHttpHandler.java:76)
at org.openqa.selenium.remote.http.AddSeleniumUserAgent.lambda$apply$0(AddSeleniumUserAgent.java:42)
at org.openqa.selenium.remote.http.Filter.lambda$andFinally$1(Filter.java:55)
at org.openqa.selenium.remote.http.netty.NettyHttpHandler.execute(NettyHttpHandler.java:48)
at org.openqa.selenium.remote.http.netty.NettyClient.execute(NettyClient.java:96)
at org.openqa.selenium.remote.HttpCommandExecutor.execute(HttpCommandExecutor.java:188)
at org.openqa.selenium.remote.service.DriverCommandExecutor.invokeExecute(DriverCommandExecutor.java:196)
at org.openqa.selenium.remote.service.DriverCommandExecutor.execute(DriverCommandExecutor.java:171)
at org.openqa.selenium.remote.RemoteWebDriver.execute(RemoteWebDriver.java:518)
... 33 more
Caused by: java.util.concurrent.ExecutionException: java.util.concurrent.TimeoutException: Request timeout to localhost/127.0.0.1:24944 after 180000 ms
at java.base/java.util.concurrent.CompletableFuture.reportGet(CompletableFuture.java:396)
at java.base/java.util.concurrent.CompletableFuture.get(CompletableFuture.java:2096)
at org.asynchttpclient.netty.NettyResponseFuture.get(NettyResponseFuture.java:206)
at org.openqa.selenium.remote.http.netty.NettyHttpHandler.makeCall(NettyHttpHandler.java:59)
... 41 more
Caused by: java.util.concurrent.TimeoutException: Request timeout to localhost/127.0.0.1:24944 after 180000 ms
at org.asynchttpclient.netty.timeout.TimeoutTimerTask.expire(TimeoutTimerTask.java:43)
at org.asynchttpclient.netty.timeout.RequestTimeoutTimerTask.run(RequestTimeoutTimerTask.java:50)
at io.netty.util.HashedWheelTimer$HashedWheelTimeout.run(HashedWheelTimer.java:715)
at io.netty.util.concurrent.ImmediateExecutor.execute(ImmediateExecutor.java:34)
at io.netty.util.HashedWheelTimer$HashedWheelTimeout.expire(HashedWheelTimer.java:703)
at io.netty.util.HashedWheelTimer$HashedWheelBucket.expireTimeouts(HashedWheelTimer.java:790)
at io.netty.util.HashedWheelTimer$Worker.run(HashedWheelTimer.java:503)
at io.netty.util.concurrent.FastThreadLocalRunnable.run(FastThreadLocalRunnable.java:30)
at java.base/java.lang.Thread.run(Thread.java:833)
... Removed 30 stack frames]]>
    </failure>
  </testcase> <!-- @BeforeMethod openBrowser -->
  <testcase classname="com.glendale.test.uniforms.ShoulderCords_Test" name="@BeforeMethod loadObject" time="0.0">
    <skipped/>
  </testcase> <!-- @BeforeMethod loadObject -->
  <testcase classname="com.glendale.base.BaseClass" name="@AfterMethod CloseBrowser" time="0.0">
    <skipped/>
  </testcase> <!-- @AfterMethod CloseBrowser -->
  <testcase classname="com.glendale.base.BaseClass" name="@BeforeMethod openBrowser" time="2.633">
    <failure type="org.openqa.selenium.remote.NoSuchDriverException" message="Unable to obtain: Capabilities {browserName: chrome, goog:chromeOptions: {args: [--remote-allow-origins=*], extensions: []}}, error Command failed with code: 65, executed: [C:\Users\pawan\AppData\Local\Temp\selenium-manager34053996843370011175534301797113406\selenium-manager.exe, --browser, chrome, --output, json]
error sending request for url (https://googlechromelabs.github.io/chrome-for-testing/known-good-versions-with-downloads.json): error trying to connect: dns error: No such host is known. (os error 11001)
Build info: version: &amp;apos;4.11.0&amp;apos;, revision: &amp;apos;040bc5406b&amp;apos;
System info: os.name: &amp;apos;Windows 10&amp;apos;, os.arch: &amp;apos;amd64&amp;apos;, os.version: &amp;apos;10.0&amp;apos;, java.version: &amp;apos;17.0.8&amp;apos;
Driver info: driver.version: ChromeDriver">
      <![CDATA[org.openqa.selenium.remote.NoSuchDriverException: Unable to obtain: Capabilities {browserName: chrome, goog:chromeOptions: {args: [--remote-allow-origins=*], extensions: []}}, error Command failed with code: 65, executed: [C:\Users\pawan\AppData\Local\Temp\selenium-manager34053996843370011175534301797113406\selenium-manager.exe, --browser, chrome, --output, json]
error sending request for url (https://googlechromelabs.github.io/chrome-for-testing/known-good-versions-with-downloads.json): error trying to connect: dns error: No such host is known. (os error 11001)
Build info: version: '4.11.0', revision: '040bc5406b'
System info: os.name: 'Windows 10', os.arch: 'amd64', os.version: '10.0', java.version: '17.0.8'
Driver info: driver.version: ChromeDriver
at org.openqa.selenium.remote.service.DriverFinder.getPath(DriverFinder.java:25)
at org.openqa.selenium.remote.service.DriverFinder.getPath(DriverFinder.java:13)
at org.openqa.selenium.chrome.ChromeDriver.generateExecutor(ChromeDriver.java:99)
at org.openqa.selenium.chrome.ChromeDriver.<init>(ChromeDriver.java:88)
at org.openqa.selenium.chrome.ChromeDriver.<init>(ChromeDriver.java:83)
at org.openqa.selenium.chrome.ChromeDriver.<init>(ChromeDriver.java:51)
at com.glendale.base.BaseClass.openBrowser(BaseClass.java:16)
at java.base/java.util.ArrayList.forEach(ArrayList.java:1511)
Caused by: org.openqa.selenium.WebDriverException: Command failed with code: 65, executed: [C:\Users\pawan\AppData\Local\Temp\selenium-manager34053996843370011175534301797113406\selenium-manager.exe, --browser, chrome, --output, json]
error sending request for url (https://googlechromelabs.github.io/chrome-for-testing/known-good-versions-with-downloads.json): error trying to connect: dns error: No such host is known. (os error 11001)
Build info: version: '4.11.0', revision: '040bc5406b'
System info: os.name: 'Windows 10', os.arch: 'amd64', os.version: '10.0', java.version: '17.0.8'
Driver info: driver.version: ChromeDriver
at org.openqa.selenium.manager.SeleniumManager.runCommand(SeleniumManager.java:151)
at org.openqa.selenium.manager.SeleniumManager.getDriverPath(SeleniumManager.java:273)
at org.openqa.selenium.remote.service.DriverFinder.getPath(DriverFinder.java:22)
... 37 more
... Removed 30 stack frames]]>
    </failure>
  </testcase> <!-- @BeforeMethod openBrowser -->
  <testcase classname="com.glendale.test.uniforms.AchievementMedals_Test" name="@BeforeMethod loadObject" time="0.0">
    <skipped/>
  </testcase> <!-- @BeforeMethod loadObject -->
  <testcase classname="com.glendale.base.BaseClass" name="@AfterMethod CloseBrowser" time="0.0">
    <skipped/>
  </testcase> <!-- @AfterMethod CloseBrowser -->
  <testcase classname="com.glendale.base.BaseClass" name="@BeforeMethod openBrowser" time="0.0">
    <skipped/>
  </testcase> <!-- @BeforeMethod openBrowser -->
  <testcase classname="com.glendale.test.uniforms.AchievementMedals_Test" name="@BeforeMethod loadObject" time="0.0">
    <skipped/>
  </testcase> <!-- @BeforeMethod loadObject -->
  <testcase classname="com.glendale.base.BaseClass" name="@AfterMethod CloseBrowser" time="0.0">
    <skipped/>
  </testcase> <!-- @AfterMethod CloseBrowser -->
  <testcase classname="com.glendale.base.BaseClass" name="@BeforeMethod openBrowser" time="0.0">
    <skipped/>
  </testcase> <!-- @BeforeMethod openBrowser -->
  <testcase classname="com.glendale.test.uniforms.AchievementMedals_Test" name="@BeforeMethod loadObject" time="0.0">
    <skipped/>
  </testcase> <!-- @BeforeMethod loadObject -->
  <testcase classname="com.glendale.base.BaseClass" name="@AfterMethod CloseBrowser" time="0.0">
    <skipped/>
  </testcase> <!-- @AfterMethod CloseBrowser -->
  <testcase classname="com.glendale.base.BaseClass" name="@BeforeMethod openBrowser" time="0.0">
    <skipped/>
  </testcase> <!-- @BeforeMethod openBrowser -->
  <testcase classname="com.glendale.test.uniforms.AchievementMedals_Test" name="@BeforeMethod loadObject" time="0.0">
    <skipped/>
  </testcase> <!-- @BeforeMethod loadObject -->
  <testcase classname="com.glendale.base.BaseClass" name="@AfterMethod CloseBrowser" time="0.0">
    <skipped/>
  </testcase> <!-- @AfterMethod CloseBrowser -->
  <testcase classname="com.glendale.base.BaseClass" name="@BeforeMethod openBrowser" time="0.0">
    <skipped/>
  </testcase> <!-- @BeforeMethod openBrowser -->
  <testcase classname="com.glendale.test.uniforms.AchievementMedals_Test" name="@BeforeMethod loadObject" time="0.0">
    <skipped/>
  </testcase> <!-- @BeforeMethod loadObject -->
  <testcase classname="com.glendale.base.BaseClass" name="@AfterMethod CloseBrowser" time="0.0">
    <skipped/>
  </testcase> <!-- @AfterMethod CloseBrowser -->
  <testcase classname="com.glendale.base.BaseClass" name="@BeforeMethod openBrowser" time="0.0">
    <skipped/>
  </testcase> <!-- @BeforeMethod openBrowser -->
  <testcase classname="com.glendale.test.uniforms.AchievementMedals_Test" name="@BeforeMethod loadObject" time="0.0">
    <skipped/>
  </testcase> <!-- @BeforeMethod loadObject -->
  <testcase classname="com.glendale.base.BaseClass" name="@AfterMethod CloseBrowser" time="0.0">
    <skipped/>
  </testcase> <!-- @AfterMethod CloseBrowser -->
  <testcase classname="com.glendale.base.BaseClass" name="@BeforeMethod openBrowser" time="0.0">
    <skipped/>
  </testcase> <!-- @BeforeMethod openBrowser -->
  <testcase classname="com.glendale.test.uniforms.AchievementMedals_Test" name="@BeforeMethod loadObject" time="0.0">
    <skipped/>
  </testcase> <!-- @BeforeMethod loadObject -->
  <testcase classname="com.glendale.base.BaseClass" name="@AfterMethod CloseBrowser" time="0.0">
    <skipped/>
  </testcase> <!-- @AfterMethod CloseBrowser -->
  <testcase classname="com.glendale.base.BaseClass" name="@BeforeMethod openBrowser" time="0.0">
    <skipped/>
  </testcase> <!-- @BeforeMethod openBrowser -->
  <testcase classname="com.glendale.test.uniforms.AchievementMedals_Test" name="@BeforeMethod loadObject" time="0.0">
    <skipped/>
  </testcase> <!-- @BeforeMethod loadObject -->
  <testcase classname="com.glendale.base.BaseClass" name="@AfterMethod CloseBrowser" time="0.0">
    <skipped/>
  </testcase> <!-- @AfterMethod CloseBrowser -->
  <testcase classname="com.glendale.base.BaseClass" name="@BeforeMethod openBrowser" time="0.0">
    <skipped/>
  </testcase> <!-- @BeforeMethod openBrowser -->
  <testcase classname="com.glendale.test.uniforms.AchievementMedals_Test" name="@BeforeMethod loadObject" time="0.0">
    <skipped/>
  </testcase> <!-- @BeforeMethod loadObject -->
  <testcase classname="com.glendale.base.BaseClass" name="@AfterMethod CloseBrowser" time="0.0">
    <skipped/>
  </testcase> <!-- @AfterMethod CloseBrowser -->
  <testcase classname="com.glendale.base.BaseClass" name="@BeforeMethod openBrowser" time="0.365">
    <failure type="org.openqa.selenium.remote.NoSuchDriverException" message="Unable to obtain: Capabilities {browserName: chrome, goog:chromeOptions: {args: [--remote-allow-origins=*], extensions: []}}, error Command failed with code: 65, executed: [C:\Users\pawan\AppData\Local\Temp\selenium-manager34053996843370011175534301797113406\selenium-manager.exe, --browser, chrome, --output, json]
error sending request for url (https://googlechromelabs.github.io/chrome-for-testing/known-good-versions-with-downloads.json): error trying to connect: dns error: No such host is known. (os error 11001)
Build info: version: &amp;apos;4.11.0&amp;apos;, revision: &amp;apos;040bc5406b&amp;apos;
System info: os.name: &amp;apos;Windows 10&amp;apos;, os.arch: &amp;apos;amd64&amp;apos;, os.version: &amp;apos;10.0&amp;apos;, java.version: &amp;apos;17.0.8&amp;apos;
Driver info: driver.version: ChromeDriver">
      <![CDATA[org.openqa.selenium.remote.NoSuchDriverException: Unable to obtain: Capabilities {browserName: chrome, goog:chromeOptions: {args: [--remote-allow-origins=*], extensions: []}}, error Command failed with code: 65, executed: [C:\Users\pawan\AppData\Local\Temp\selenium-manager34053996843370011175534301797113406\selenium-manager.exe, --browser, chrome, --output, json]
error sending request for url (https://googlechromelabs.github.io/chrome-for-testing/known-good-versions-with-downloads.json): error trying to connect: dns error: No such host is known. (os error 11001)
Build info: version: '4.11.0', revision: '040bc5406b'
System info: os.name: 'Windows 10', os.arch: 'amd64', os.version: '10.0', java.version: '17.0.8'
Driver info: driver.version: ChromeDriver
at org.openqa.selenium.remote.service.DriverFinder.getPath(DriverFinder.java:25)
at org.openqa.selenium.remote.service.DriverFinder.getPath(DriverFinder.java:13)
at org.openqa.selenium.chrome.ChromeDriver.generateExecutor(ChromeDriver.java:99)
at org.openqa.selenium.chrome.ChromeDriver.<init>(ChromeDriver.java:88)
at org.openqa.selenium.chrome.ChromeDriver.<init>(ChromeDriver.java:83)
at org.openqa.selenium.chrome.ChromeDriver.<init>(ChromeDriver.java:51)
at com.glendale.base.BaseClass.openBrowser(BaseClass.java:16)
at java.base/java.util.ArrayList.forEach(ArrayList.java:1511)
Caused by: org.openqa.selenium.WebDriverException: Command failed with code: 65, executed: [C:\Users\pawan\AppData\Local\Temp\selenium-manager34053996843370011175534301797113406\selenium-manager.exe, --browser, chrome, --output, json]
error sending request for url (https://googlechromelabs.github.io/chrome-for-testing/known-good-versions-with-downloads.json): error trying to connect: dns error: No such host is known. (os error 11001)
Build info: version: '4.11.0', revision: '040bc5406b'
System info: os.name: 'Windows 10', os.arch: 'amd64', os.version: '10.0', java.version: '17.0.8'
Driver info: driver.version: ChromeDriver
at org.openqa.selenium.manager.SeleniumManager.runCommand(SeleniumManager.java:151)
at org.openqa.selenium.manager.SeleniumManager.getDriverPath(SeleniumManager.java:273)
at org.openqa.selenium.remote.service.DriverFinder.getPath(DriverFinder.java:22)
... 37 more
... Removed 30 stack frames]]>
    </failure>
  </testcase> <!-- @BeforeMethod openBrowser -->
  <testcase classname="com.glendale.test.uniforms.Socks_Test" name="@BeforeMethod loadObject" time="0.0">
    <skipped/>
  </testcase> <!-- @BeforeMethod loadObject -->
  <testcase classname="com.glendale.base.BaseClass" name="@AfterMethod CloseBrowser" time="0.0">
    <skipped/>
  </testcase> <!-- @AfterMethod CloseBrowser -->
  <testcase classname="com.glendale.base.BaseClass" name="@BeforeMethod openBrowser" time="0.0">
    <skipped/>
  </testcase> <!-- @BeforeMethod openBrowser -->
  <testcase classname="com.glendale.test.uniforms.Socks_Test" name="@BeforeMethod loadObject" time="0.0">
    <skipped/>
  </testcase> <!-- @BeforeMethod loadObject -->
  <testcase classname="com.glendale.base.BaseClass" name="@AfterMethod CloseBrowser" time="0.0">
    <skipped/>
  </testcase> <!-- @AfterMethod CloseBrowser -->
  <testcase classname="com.glendale.base.BaseClass" name="@BeforeMethod openBrowser" time="0.0">
    <skipped/>
  </testcase> <!-- @BeforeMethod openBrowser -->
  <testcase classname="com.glendale.test.uniforms.Socks_Test" name="@BeforeMethod loadObject" time="0.0">
    <skipped/>
  </testcase> <!-- @BeforeMethod loadObject -->
  <testcase classname="com.glendale.base.BaseClass" name="@AfterMethod CloseBrowser" time="0.0">
    <skipped/>
  </testcase> <!-- @AfterMethod CloseBrowser -->
  <testcase classname="com.glendale.base.BaseClass" name="@BeforeMethod openBrowser" time="0.0">
    <skipped/>
  </testcase> <!-- @BeforeMethod openBrowser -->
  <testcase classname="com.glendale.test.uniforms.Socks_Test" name="@BeforeMethod loadObject" time="0.0">
    <skipped/>
  </testcase> <!-- @BeforeMethod loadObject -->
  <testcase classname="com.glendale.base.BaseClass" name="@AfterMethod CloseBrowser" time="0.0">
    <skipped/>
  </testcase> <!-- @AfterMethod CloseBrowser -->
  <testcase classname="com.glendale.base.BaseClass" name="@BeforeMethod openBrowser" time="0.0">
    <skipped/>
  </testcase> <!-- @BeforeMethod openBrowser -->
  <testcase classname="com.glendale.test.uniforms.Socks_Test" name="@BeforeMethod loadObject" time="0.0">
    <skipped/>
  </testcase> <!-- @BeforeMethod loadObject -->
  <testcase classname="com.glendale.base.BaseClass" name="@AfterMethod CloseBrowser" time="0.0">
    <skipped/>
  </testcase> <!-- @AfterMethod CloseBrowser -->
  <testcase classname="com.glendale.base.BaseClass" name="@BeforeMethod openBrowser" time="0.0">
    <skipped/>
  </testcase> <!-- @BeforeMethod openBrowser -->
  <testcase classname="com.glendale.test.uniforms.Socks_Test" name="@BeforeMethod loadObject" time="0.0">
    <skipped/>
  </testcase> <!-- @BeforeMethod loadObject -->
  <testcase classname="com.glendale.base.BaseClass" name="@AfterMethod CloseBrowser" time="0.0">
    <skipped/>
  </testcase> <!-- @AfterMethod CloseBrowser -->
  <testcase classname="com.glendale.base.BaseClass" name="@BeforeMethod openBrowser" time="0.0">
    <skipped/>
  </testcase> <!-- @BeforeMethod openBrowser -->
  <testcase classname="com.glendale.test.uniforms.Socks_Test" name="@BeforeMethod loadObject" time="0.0">
    <skipped/>
  </testcase> <!-- @BeforeMethod loadObject -->
  <testcase classname="com.glendale.base.BaseClass" name="@AfterMethod CloseBrowser" time="0.0">
    <skipped/>
  </testcase> <!-- @AfterMethod CloseBrowser -->
  <testcase classname="com.glendale.base.BaseClass" name="@BeforeMethod openBrowser" time="0.0">
    <skipped/>
  </testcase> <!-- @BeforeMethod openBrowser -->
  <testcase classname="com.glendale.test.uniforms.Socks_Test" name="@BeforeMethod loadObject" time="0.0">
    <skipped/>
  </testcase> <!-- @BeforeMethod loadObject -->
  <testcase classname="com.glendale.base.BaseClass" name="@AfterMethod CloseBrowser" time="0.0">
    <skipped/>
  </testcase> <!-- @AfterMethod CloseBrowser -->
  <testcase classname="com.glendale.base.BaseClass" name="@BeforeMethod openBrowser" time="0.0">
    <skipped/>
  </testcase> <!-- @BeforeMethod openBrowser -->
  <testcase classname="com.glendale.test.uniforms.Socks_Test" name="@BeforeMethod loadObject" time="0.0">
    <skipped/>
  </testcase> <!-- @BeforeMethod loadObject -->
  <testcase classname="com.glendale.base.BaseClass" name="@AfterMethod CloseBrowser" time="0.0">
    <skipped/>
  </testcase> <!-- @AfterMethod CloseBrowser -->
  <testcase classname="com.glendale.base.BaseClass" name="@BeforeMethod openBrowser" time="0.437">
    <failure type="org.openqa.selenium.remote.NoSuchDriverException" message="Unable to obtain: Capabilities {browserName: chrome, goog:chromeOptions: {args: [--remote-allow-origins=*], extensions: []}}, error Command failed with code: 65, executed: [C:\Users\pawan\AppData\Local\Temp\selenium-manager34053996843370011175534301797113406\selenium-manager.exe, --browser, chrome, --output, json]
error sending request for url (https://googlechromelabs.github.io/chrome-for-testing/known-good-versions-with-downloads.json): error trying to connect: dns error: No such host is known. (os error 11001)
Build info: version: &amp;apos;4.11.0&amp;apos;, revision: &amp;apos;040bc5406b&amp;apos;
System info: os.name: &amp;apos;Windows 10&amp;apos;, os.arch: &amp;apos;amd64&amp;apos;, os.version: &amp;apos;10.0&amp;apos;, java.version: &amp;apos;17.0.8&amp;apos;
Driver info: driver.version: ChromeDriver">
      <![CDATA[org.openqa.selenium.remote.NoSuchDriverException: Unable to obtain: Capabilities {browserName: chrome, goog:chromeOptions: {args: [--remote-allow-origins=*], extensions: []}}, error Command failed with code: 65, executed: [C:\Users\pawan\AppData\Local\Temp\selenium-manager34053996843370011175534301797113406\selenium-manager.exe, --browser, chrome, --output, json]
error sending request for url (https://googlechromelabs.github.io/chrome-for-testing/known-good-versions-with-downloads.json): error trying to connect: dns error: No such host is known. (os error 11001)
Build info: version: '4.11.0', revision: '040bc5406b'
System info: os.name: 'Windows 10', os.arch: 'amd64', os.version: '10.0', java.version: '17.0.8'
Driver info: driver.version: ChromeDriver
at org.openqa.selenium.remote.service.DriverFinder.getPath(DriverFinder.java:25)
at org.openqa.selenium.remote.service.DriverFinder.getPath(DriverFinder.java:13)
at org.openqa.selenium.chrome.ChromeDriver.generateExecutor(ChromeDriver.java:99)
at org.openqa.selenium.chrome.ChromeDriver.<init>(ChromeDriver.java:88)
at org.openqa.selenium.chrome.ChromeDriver.<init>(ChromeDriver.java:83)
at org.openqa.selenium.chrome.ChromeDriver.<init>(ChromeDriver.java:51)
at com.glendale.base.BaseClass.openBrowser(BaseClass.java:16)
at java.base/java.util.ArrayList.forEach(ArrayList.java:1511)
Caused by: org.openqa.selenium.WebDriverException: Command failed with code: 65, executed: [C:\Users\pawan\AppData\Local\Temp\selenium-manager34053996843370011175534301797113406\selenium-manager.exe, --browser, chrome, --output, json]
error sending request for url (https://googlechromelabs.github.io/chrome-for-testing/known-good-versions-with-downloads.json): error trying to connect: dns error: No such host is known. (os error 11001)
Build info: version: '4.11.0', revision: '040bc5406b'
System info: os.name: 'Windows 10', os.arch: 'amd64', os.version: '10.0', java.version: '17.0.8'
Driver info: driver.version: ChromeDriver
at org.openqa.selenium.manager.SeleniumManager.runCommand(SeleniumManager.java:151)
at org.openqa.selenium.manager.SeleniumManager.getDriverPath(SeleniumManager.java:273)
at org.openqa.selenium.remote.service.DriverFinder.getPath(DriverFinder.java:22)
... 37 more
... Removed 30 stack frames]]>
    </failure>
  </testcase> <!-- @BeforeMethod openBrowser -->
  <testcase classname="com.glendale.test.codets.MarineCorps_Test" name="@BeforeMethod loadObject" time="0.0">
    <skipped/>
  </testcase> <!-- @BeforeMethod loadObject -->
  <testcase classname="com.glendale.base.BaseClass" name="@AfterMethod CloseBrowser" time="0.0">
    <skipped/>
  </testcase> <!-- @AfterMethod CloseBrowser -->
  <testcase classname="com.glendale.base.BaseClass" name="@BeforeMethod openBrowser" time="0.0">
    <skipped/>
  </testcase> <!-- @BeforeMethod openBrowser -->
  <testcase classname="com.glendale.test.codets.MarineCorps_Test" name="@BeforeMethod loadObject" time="0.0">
    <skipped/>
  </testcase> <!-- @BeforeMethod loadObject -->
  <testcase classname="com.glendale.base.BaseClass" name="@AfterMethod CloseBrowser" time="0.0">
    <skipped/>
  </testcase> <!-- @AfterMethod CloseBrowser -->
  <testcase classname="com.glendale.base.BaseClass" name="@BeforeMethod openBrowser" time="0.0">
    <skipped/>
  </testcase> <!-- @BeforeMethod openBrowser -->
  <testcase classname="com.glendale.test.codets.MarineCorps_Test" name="@BeforeMethod loadObject" time="0.0">
    <skipped/>
  </testcase> <!-- @BeforeMethod loadObject -->
  <testcase classname="com.glendale.base.BaseClass" name="@AfterMethod CloseBrowser" time="0.0">
    <skipped/>
  </testcase> <!-- @AfterMethod CloseBrowser -->
  <testcase classname="com.glendale.base.BaseClass" name="@BeforeMethod openBrowser" time="0.0">
    <skipped/>
  </testcase> <!-- @BeforeMethod openBrowser -->
  <testcase classname="com.glendale.test.codets.MarineCorps_Test" name="@BeforeMethod loadObject" time="0.0">
    <skipped/>
  </testcase> <!-- @BeforeMethod loadObject -->
  <testcase classname="com.glendale.base.BaseClass" name="@AfterMethod CloseBrowser" time="0.0">
    <skipped/>
  </testcase> <!-- @AfterMethod CloseBrowser -->
  <testcase classname="com.glendale.base.BaseClass" name="@BeforeMethod openBrowser" time="0.0">
    <skipped/>
  </testcase> <!-- @BeforeMethod openBrowser -->
  <testcase classname="com.glendale.test.codets.MarineCorps_Test" name="@BeforeMethod loadObject" time="0.0">
    <skipped/>
  </testcase> <!-- @BeforeMethod loadObject -->
  <testcase classname="com.glendale.base.BaseClass" name="@AfterMethod CloseBrowser" time="0.0">
    <skipped/>
  </testcase> <!-- @AfterMethod CloseBrowser -->
  <testcase classname="com.glendale.base.BaseClass" name="@BeforeMethod openBrowser" time="0.0">
    <skipped/>
  </testcase> <!-- @BeforeMethod openBrowser -->
  <testcase classname="com.glendale.test.codets.MarineCorps_Test" name="@BeforeMethod loadObject" time="0.0">
    <skipped/>
  </testcase> <!-- @BeforeMethod loadObject -->
  <testcase classname="com.glendale.base.BaseClass" name="@AfterMethod CloseBrowser" time="0.0">
    <skipped/>
  </testcase> <!-- @AfterMethod CloseBrowser -->
  <testcase classname="com.glendale.base.BaseClass" name="@BeforeMethod openBrowser" time="0.0">
    <skipped/>
  </testcase> <!-- @BeforeMethod openBrowser -->
  <testcase classname="com.glendale.test.codets.MarineCorps_Test" name="@BeforeMethod loadObject" time="0.0">
    <skipped/>
  </testcase> <!-- @BeforeMethod loadObject -->
  <testcase classname="com.glendale.base.BaseClass" name="@AfterMethod CloseBrowser" time="0.0">
    <skipped/>
  </testcase> <!-- @AfterMethod CloseBrowser -->
  <testcase classname="com.glendale.base.BaseClass" name="@BeforeMethod openBrowser" time="0.0">
    <skipped/>
  </testcase> <!-- @BeforeMethod openBrowser -->
  <testcase classname="com.glendale.test.codets.MarineCorps_Test" name="@BeforeMethod loadObject" time="0.0">
    <skipped/>
  </testcase> <!-- @BeforeMethod loadObject -->
  <testcase classname="com.glendale.base.BaseClass" name="@AfterMethod CloseBrowser" time="0.0">
    <skipped/>
  </testcase> <!-- @AfterMethod CloseBrowser -->
  <testcase classname="com.glendale.base.BaseClass" name="@BeforeMethod openBrowser" time="0.0">
    <skipped/>
  </testcase> <!-- @BeforeMethod openBrowser -->
  <testcase classname="com.glendale.test.codets.MarineCorps_Test" name="@BeforeMethod loadObject" time="0.0">
    <skipped/>
  </testcase> <!-- @BeforeMethod loadObject -->
  <testcase classname="com.glendale.base.BaseClass" name="@AfterMethod CloseBrowser" time="0.0">
    <skipped/>
  </testcase> <!-- @AfterMethod CloseBrowser -->
  <testcase classname="com.glendale.base.BaseClass" name="@BeforeMethod openBrowser" time="0.0">
    <skipped/>
  </testcase> <!-- @BeforeMethod openBrowser -->
  <testcase classname="com.glendale.test.codets.MarineCorps_Test" name="@BeforeMethod loadObject" time="0.0">
    <skipped/>
  </testcase> <!-- @BeforeMethod loadObject -->
  <testcase classname="com.glendale.base.BaseClass" name="@AfterMethod CloseBrowser" time="0.0">
    <skipped/>
  </testcase> <!-- @AfterMethod CloseBrowser -->
  <testcase classname="com.glendale.base.BaseClass" name="@BeforeMethod openBrowser" time="0.0">
    <skipped/>
  </testcase> <!-- @BeforeMethod openBrowser -->
  <testcase classname="com.glendale.test.codets.MarineCorps_Test" name="@BeforeMethod loadObject" time="0.0">
    <skipped/>
  </testcase> <!-- @BeforeMethod loadObject -->
  <testcase classname="com.glendale.base.BaseClass" name="@AfterMethod CloseBrowser" time="0.0">
    <skipped/>
  </testcase> <!-- @AfterMethod CloseBrowser -->
  <testcase classname="com.glendale.test.codets.Navy_Test" name="verifyBannerIsPresenceAndShopNowButtonRedirection" time="7.345"/>
  <testcase classname="com.glendale.test.codets.Navy_Test" name="verifyBestSellersSectionPresence" time="4.179"/>
  <testcase classname="com.glendale.test.codets.Navy_Test" name="verifyBunleProductSectionPresenceWithProducts" time="3.389"/>
  <testcase classname="com.glendale.test.codets.Navy_Test" name="verifyCustomFlagsSectionPresenceAndRediredirection" time="6.637"/>
  <testcase classname="com.glendale.test.codets.Navy_Test" name="verifyFeaturedCollectionAccessories" time="30.446"/>
  <testcase classname="com.glendale.test.codets.Navy_Test" name="verifyFeaturedCollectionFlagsItems" time="23.111"/>
  <testcase classname="com.glendale.test.codets.Navy_Test" name="verifyFeaturedCollectionTeams" time="21.842"/>
  <testcase classname="com.glendale.test.codets.Navy_Test" name="verifyFeaturedCollectionUniformItems" time="24.442"/>
  <testcase classname="com.glendale.test.codets.Navy_Test" name="verifyFlagsSectionPresenceAndRediredirection" time="6.652"/>
  <testcase classname="com.glendale.test.codets.Navy_Test" name="verifyIconsBelowTheBestSellersIsPresenceAndNavigation" time="36.518"/>
  <testcase classname="com.glendale.test.codets.Navy_Test" name="verifyTextOnTheBanner" time="4.233"/>
  <testcase classname="com.glendale.test.uniforms.HatsAndCarriers_Test" name="testSortFunctionality" time="4.187"/>
  <testcase classname="com.glendale.test.uniforms.HatsAndCarriers_Test" name="verifyAllFltersEnable" time="2.892"/>
  <testcase classname="com.glendale.test.uniforms.HatsAndCarriers_Test" name="verifyPageTitle" time="3.005"/>
  <testcase classname="com.glendale.test.uniforms.HatsAndCarriers_Test" name="verifyPageURL" time="2.792"/>
  <testcase classname="com.glendale.test.uniforms.HatsAndCarriers_Test" name="verifyPaginationEnable" time="4.383"/>
  <testcase classname="com.glendale.test.uniforms.HatsAndCarriers_Test" name="verifyPaginationRedirection" time="12.515"/>
  <testcase classname="com.glendale.test.uniforms.HatsAndCarriers_Test" name="verifyProductButtonAddToCartAndSelectPresenceAndClickable" time="0.287"/>
  <testcase classname="com.glendale.test.uniforms.HatsAndCarriers_Test" name="verifyProductsNameAndPricePresenceAndButtonsEnable" time="3.56"/>
  <testcase classname="com.glendale.test.uniforms.GlovesAndScarves_Test" name="testSortFunctionality" time="3.809"/>
  <testcase classname="com.glendale.test.uniforms.GlovesAndScarves_Test" name="verifyAllFltersEnable" time="2.801"/>
  <testcase classname="com.glendale.test.uniforms.GlovesAndScarves_Test" name="verifyPageTitle" time="3.378"/>
  <testcase classname="com.glendale.test.uniforms.GlovesAndScarves_Test" name="verifyPageURL" time="3.057"/>
  <testcase classname="com.glendale.test.uniforms.GlovesAndScarves_Test" name="verifyPaginationEnable" time="2.851"/>
  <testcase classname="com.glendale.test.uniforms.GlovesAndScarves_Test" name="verifyPaginationRedirection" time="13.537"/>
  <testcase classname="com.glendale.test.uniforms.GlovesAndScarves_Test" name="verifyProductButtonAddToCartAndSelectPresenceAndClickable" time="0.616"/>
  <testcase classname="com.glendale.test.uniforms.GlovesAndScarves_Test" name="verifyProductsNameAndPricePresenceAndButtonsEnable" time="3.764"/>
  <testcase classname="com.glendale.test.millitary.SpaceForce_Test" name="verifyBannerIsPresenceAndShopNowButtonRedirection" time="8.137"/>
  <testcase classname="com.glendale.test.millitary.SpaceForce_Test" name="verifyBestSellersSectionPresence" time="2.648"/>
  <testcase classname="com.glendale.test.millitary.SpaceForce_Test" name="verifyBunleProductSectionPresenceWithProducts" time="2.914"/>
  <testcase classname="com.glendale.test.millitary.SpaceForce_Test" name="verifyCustomFlagsSectionPresenceAndRediredirection" time="5.862"/>
  <testcase classname="com.glendale.test.millitary.SpaceForce_Test" name="verifyFeaturedCollectionCeremonialItems" time="22.542"/>
  <testcase classname="com.glendale.test.millitary.SpaceForce_Test" name="verifyFeaturedCollectionFlagAccessories" time="22.417"/>
  <testcase classname="com.glendale.test.millitary.SpaceForce_Test" name="verifyFeaturedCollectionFlags" time="20.629"/>
  <testcase classname="com.glendale.test.millitary.SpaceForce_Test" name="verifyFeaturedCollectionUniformItems" time="21.832"/>
  <testcase classname="com.glendale.test.millitary.SpaceForce_Test" name="verifyFlagsSectionPresenceAndRediredirection" time="5.191"/>
  <testcase classname="com.glendale.test.millitary.SpaceForce_Test" name="verifyIconsBelowTheBestSellersIsPresenceAndNavigation" time="39.202"/>
  <testcase classname="com.glendale.test.millitary.SpaceForce_Test" name="verifyTextOnTheBanner" time="4.089"/>
  <testcase classname="com.glendale.test.codets.Army_Test" name="verifyBannerIsPresenceAndShopNowButtonRedirection" time="8.814"/>
  <testcase classname="com.glendale.test.codets.Army_Test" name="verifyBestSellersSectionPresence" time="3.294"/>
  <testcase classname="com.glendale.test.codets.Army_Test" name="verifyBunleProductSectionPresenceWithProducts" time="3.734"/>
  <testcase classname="com.glendale.test.codets.Army_Test" name="verifyCustomFlagsSectionPresenceAndRediredirection" time="5.929"/>
  <testcase classname="com.glendale.test.codets.Army_Test" name="verifyFeaturedCollectionAccessories" time="28.986"/>
  <testcase classname="com.glendale.test.codets.Army_Test" name="verifyFeaturedCollectionFlagsItems" time="21.952"/>
  <testcase classname="com.glendale.test.codets.Army_Test" name="verifyFeaturedCollectionTeams" time="24.5"/>
  <testcase classname="com.glendale.test.codets.Army_Test" name="verifyFeaturedCollectionUniformItems" time="26.743"/>
  <testcase classname="com.glendale.test.codets.Army_Test" name="verifyFlagsSectionPresenceAndRediredirection" time="5.566"/>
  <testcase classname="com.glendale.test.codets.Army_Test" name="verifyIconsBelowTheBestSellersIsPresenceAndNavigation" time="36.335"/>
  <testcase classname="com.glendale.test.codets.Army_Test" name="verifyTextOnTheBanner" time="3.978"/>
  <testcase classname="com.glendale.test.uniforms.Accessories_Test" name="testSortFunctionality" time="3.624"/>
  <testcase classname="com.glendale.test.uniforms.Accessories_Test" name="verifyAllFltersEnable" time="3.094"/>
  <testcase classname="com.glendale.test.uniforms.Accessories_Test" name="verifyPageTitle" time="4.431"/>
  <testcase classname="com.glendale.test.uniforms.Accessories_Test" name="verifyPageURL" time="2.708"/>
  <testcase classname="com.glendale.test.uniforms.Accessories_Test" name="verifyPaginationEnableAndRedirection" time="30.04"/>
  <testcase classname="com.glendale.test.uniforms.Accessories_Test" name="verifyProductsNameAndPricePresenceAndButtonsEnable" time="3.556"/>
  <testcase classname="com.glendale.test.uniforms.Accessories_Test" name="verifyTextPresenceAndFontSize" time="2.699"/>
  <testcase classname="com.glendale.test.codets.SpaceForce_Test" name="verifyBannerIsPresenceAndShopNowButtonRedirection" time="5.86"/>
  <testcase classname="com.glendale.test.codets.SpaceForce_Test" name="verifyBestSellersSectionPresence" time="3.432"/>
  <testcase classname="com.glendale.test.codets.SpaceForce_Test" name="verifyBunleProductSectionPresenceWithProducts" time="3.046"/>
  <testcase classname="com.glendale.test.codets.SpaceForce_Test" name="verifyCustomFlagsSectionPresenceAndRediredirection" time="6.897"/>
  <testcase classname="com.glendale.test.codets.SpaceForce_Test" name="verifyFeaturedCollectionAccessories" time="26.197"/>
  <testcase classname="com.glendale.test.codets.SpaceForce_Test" name="verifyFeaturedCollectionFlagsItems" time="22.257"/>
  <testcase classname="com.glendale.test.codets.SpaceForce_Test" name="verifyFeaturedCollectionTeams" time="23.835"/>
  <testcase classname="com.glendale.test.codets.SpaceForce_Test" name="verifyFeaturedCollectionUniformItems" time="22.395"/>
  <testcase classname="com.glendale.test.codets.SpaceForce_Test" name="verifyFlagsSectionPresenceAndRediredirection" time="5.513"/>
  <testcase classname="com.glendale.test.codets.SpaceForce_Test" name="verifyIconsBelowTheBestSellersIsPresenceAndNavigation" time="38.429"/>
  <testcase classname="com.glendale.test.codets.SpaceForce_Test" name="verifyTextOnTheBanner" time="4.61"/>
  <testcase classname="com.glendale.test.firstResponder.AllFirstResponder_Test" name="testPageLoadTime" time="3.313"/>
  <testcase classname="com.glendale.test.firstResponder.AllFirstResponder_Test" name="verifyBannerIsPresence" time="3.02"/>
  <testcase classname="com.glendale.test.firstResponder.AllFirstResponder_Test" name="verifyBundleProducts" time="3.121"/>
  <testcase classname="com.glendale.test.firstResponder.AllFirstResponder_Test" name="verifyCustomFlagsSectionPresenceAndRediredirection" time="6.097"/>
  <testcase classname="com.glendale.test.firstResponder.AllFirstResponder_Test" name="verifyDesignYourOwnBadgeSectionPresenceAndRediredirection" time="7.677"/>
  <testcase classname="com.glendale.test.firstResponder.AllFirstResponder_Test" name="verifyFeaturedCollectionAccessories" time="23.662"/>
  <testcase classname="com.glendale.test.firstResponder.AllFirstResponder_Test" name="verifyFeaturedCollectionFlagsSection" time="20.98"/>
  <testcase classname="com.glendale.test.firstResponder.AllFirstResponder_Test" name="verifyFeaturedCollectionUniformItems" time="24.043"/>
  <testcase classname="com.glendale.test.firstResponder.AllFirstResponder_Test" name="verifyIconsBelowTheBestSellersIsPresenceAndNavigation" time="37.529"/>
  <testcase classname="com.glendale.test.firstResponder.AllFirstResponder_Test" name="verifyPageTitle" time="2.999"/>
  <testcase classname="com.glendale.test.firstResponder.AllFirstResponder_Test" name="verifyPageURL" time="3.239"/>
  <testcase classname="com.glendale.test.firstResponder.AllFirstResponder_Test" name="verifyTextOnTheBanner" time="3.468"/>
  <testcase classname="com.glendale.test.replicaRifles.RifleSlings_Test" name="testPageLoadTime" time="2.938"/>
  <testcase classname="com.glendale.test.replicaRifles.RifleSlings_Test" name="testSortFunctionality" time="3.097"/>
  <testcase classname="com.glendale.test.replicaRifles.RifleSlings_Test" name="verifyAllFltersEnable" time="2.74"/>
  <testcase classname="com.glendale.test.replicaRifles.RifleSlings_Test" name="verifyPageTitle" time="2.671">
    <failure type="java.lang.AssertionError" message="Title of the page does not matched. expected [Replica Rifles - Rifle Slings - Glendale Parade Store] but found [Shop High-Quality Rifle Slings | Glendale Parade Store]">
      <![CDATA[java.lang.AssertionError: Title of the page does not matched. expected [Replica Rifles - Rifle Slings - Glendale Parade Store] but found [Shop High-Quality Rifle Slings | Glendale Parade Store]
at com.glendale.page.ReplicaRifles.RifleSlingsPage.verifyPageTitle(RifleSlingsPage.java:65)
at com.glendale.test.replicaRifles.RifleSlings_Test.verifyPageTitle(RifleSlings_Test.java:23)
at java.base/java.util.ArrayList.forEach(ArrayList.java:1511)
... Removed 32 stack frames]]>
    </failure>
  </testcase> <!-- verifyPageTitle -->
  <testcase classname="com.glendale.test.replicaRifles.RifleSlings_Test" name="verifyPageURL" time="2.694"/>
  <testcase classname="com.glendale.test.replicaRifles.RifleSlings_Test" name="verifyProductsNameAndPricePresenceAndButtonsEnable" time="3.129"/>
  <testcase classname="com.glendale.test.replicaRifles.RifleSlings_Test" name="verifyTextOnThePage" time="32.682"/>
  <testcase classname="com.glendale.test.swords.AllSwords_Test" name="testPageLoadTime" time="3.405"/>
  <testcase classname="com.glendale.test.swords.AllSwords_Test" name="testSortFunctionality" time="3.823"/>
  <testcase classname="com.glendale.test.swords.AllSwords_Test" name="verifyAllFltersEnable" time="3.759"/>
  <testcase classname="com.glendale.test.swords.AllSwords_Test" name="verifyPageTitle" time="3.896">
    <failure type="java.lang.AssertionError" message="Title of the page does not matched. expected [Swords - Glendale Parade Store] but found [Swords - Page 1 - Glendale Parade Store]">
      <![CDATA[java.lang.AssertionError: Title of the page does not matched. expected [Swords - Glendale Parade Store] but found [Swords - Page 1 - Glendale Parade Store]
at com.glendale.page.swords.AllSwordsPage.verifyPageTitle(AllSwordsPage.java:61)
at com.glendale.test.swords.AllSwords_Test.verifyPageTitle(AllSwords_Test.java:23)
at java.base/java.util.ArrayList.forEach(ArrayList.java:1511)
... Removed 32 stack frames]]>
    </failure>
  </testcase> <!-- verifyPageTitle -->
  <testcase classname="com.glendale.test.swords.AllSwords_Test" name="verifyPageURL" time="2.82"/>
  <testcase classname="com.glendale.test.swords.AllSwords_Test" name="verifyProductsNameAndPricePresenceAndButtonsEnable" time="3.611"/>
  <testcase classname="com.glendale.test.millitary.MarineCorps_Test" name="verifyBannerIsPresenceAndShopNowButtonRedirection" time="8.517"/>
  <testcase classname="com.glendale.test.millitary.MarineCorps_Test" name="verifyBestSellersSectionPresence" time="2.924"/>
  <testcase classname="com.glendale.test.millitary.MarineCorps_Test" name="verifyBunleProductSectionPresenceWithProducts" time="2.86"/>
  <testcase classname="com.glendale.test.millitary.MarineCorps_Test" name="verifyCustomFlagsSectionPresenceAndRediredirection" time="5.475"/>
  <testcase classname="com.glendale.test.millitary.MarineCorps_Test" name="verifyFeaturedCollectionCeremonialItems" time="22.669"/>
  <testcase classname="com.glendale.test.millitary.MarineCorps_Test" name="verifyFeaturedCollectionFlagAccessories" time="24.142"/>
  <testcase classname="com.glendale.test.millitary.MarineCorps_Test" name="verifyFeaturedCollectionFlags" time="22.299"/>
  <testcase classname="com.glendale.test.millitary.MarineCorps_Test" name="verifyFeaturedCollectionUniformItems" time="22.005"/>
  <testcase classname="com.glendale.test.millitary.MarineCorps_Test" name="verifyFlagsSectionPresenceAndRediredirection" time="5.527"/>
  <testcase classname="com.glendale.test.millitary.MarineCorps_Test" name="verifyIconsBelowTheBestSellersIsPresenceAndNavigation" time="36.09"/>
  <testcase classname="com.glendale.test.millitary.MarineCorps_Test" name="verifyTextOnTheBanner" time="3.874"/>
  <testcase classname="com.glendale.test.uniforms.AllUnifoms_Test" name="verifyApparelAndCustomWearSectionPresenceAndRedirection" time="6.815"/>
  <testcase classname="com.glendale.test.uniforms.AllUnifoms_Test" name="verifyBannerAndTextOnTheBannerPresence" time="3.403"/>
  <testcase classname="com.glendale.test.uniforms.AllUnifoms_Test" name="verifyBannerSizeAndFontSizeOfTheTextOnTheBanner" time="3.199"/>
  <testcase classname="com.glendale.test.uniforms.AllUnifoms_Test" name="verifyFeaturedCollectionSectionPresenceAndRedirection" time="64.328"/>
  <testcase classname="com.glendale.test.uniforms.AllUnifoms_Test" name="verifyPageTitle" time="3.624"/>
  <testcase classname="com.glendale.test.uniforms.AllUnifoms_Test" name="verifyPageURL" time="3.274"/>
  <testcase classname="com.glendale.test.uniforms.AllUnifoms_Test" name="verifySwordsAndSabersSectionPresenceAndRedirection" time="6.739">
    <failure type="java.lang.AssertionError" message="Actual and expected URL not matched. expected [https://www.glendale.com/uniforms/swords-sabers/] but found [https://www.glendale.com/swords/ceremonial-military-swords/]">
      <![CDATA[java.lang.AssertionError: Actual and expected URL not matched. expected [https://www.glendale.com/uniforms/swords-sabers/] but found [https://www.glendale.com/swords/ceremonial-military-swords/]
at com.glendale.page.Uniforms.AllUniformsPage.verifySwordsAndSabersSectionPresenceAndRedirection(AllUniformsPage.java:118)
at com.glendale.test.uniforms.AllUnifoms_Test.verifySwordsAndSabersSectionPresenceAndRedirection(AllUnifoms_Test.java:45)
at java.base/java.util.ArrayList.forEach(ArrayList.java:1511)
... Removed 32 stack frames]]>
    </failure>
  </testcase> <!-- verifySwordsAndSabersSectionPresenceAndRedirection -->
  <testcase classname="com.glendale.test.codets.AirForce_Test" name="verifyBannerIsPresenceAndShopNowButtonRedirection" time="7.624"/>
  <testcase classname="com.glendale.test.codets.AirForce_Test" name="verifyBestSellersSectionPresence" time="3.331"/>
  <testcase classname="com.glendale.test.codets.AirForce_Test" name="verifyBunleProductSectionPresenceWithProducts" time="4.123"/>
  <testcase classname="com.glendale.test.codets.AirForce_Test" name="verifyCustomFlagsSectionPresenceAndRediredirection" time="5.974"/>
  <testcase classname="com.glendale.test.codets.AirForce_Test" name="verifyFeaturedCollectionAccessories" time="26.111"/>
  <testcase classname="com.glendale.test.codets.AirForce_Test" name="verifyFeaturedCollectionFlagsItems" time="20.914"/>
  <testcase classname="com.glendale.test.codets.AirForce_Test" name="verifyFeaturedCollectionTeams" time="25.56"/>
[...]
  (Session info: chrome=127.0.6533.100)
For documentation on this error, please visit: https://www.selenium.dev/documentation/webdriver/troubleshooting/errors#no-such-element-exception
Build info: version: &amp;apos;4.11.0&amp;apos;, revision: &amp;apos;040bc5406b&amp;apos;
System info: os.name: &amp;apos;Windows 10&amp;apos;, os.arch: &amp;apos;amd64&amp;apos;, os.version: &amp;apos;10.0&amp;apos;, java.version: &amp;apos;17.0.8&amp;apos;
Driver info: org.openqa.selenium.chrome.ChromeDriver
Command: [3c7cea417e4c0faf8d64984465ce5a3f, findElement {using=xpath, value=//div[@class=&amp;apos;productView-img-container&amp;apos;]/a/img}]
Capabilities {acceptInsecureCerts: false, browserName: chrome, browserVersion: 127.0.6533.100, chrome: {chromedriverVersion: 127.0.6533.99 (f31af5097d90..., userDataDir: C:\Users\pawan\AppData\Loca...}, fedcm:accounts: true, goog:chromeOptions: {debuggerAddress: localhost:60501}, networkConnectionEnabled: false, pageLoadStrategy: normal, platformName: windows, proxy: Proxy(), se:cdp: ws://localhost:60501/devtoo..., se:cdpVersion: 127.0.6533.100, setWindowRect: true, strictFileInteractability: false, timeouts: {implicit: 0, pageLoad: 300000, script: 30000}, unhandledPromptBehavior: dismiss and notify, webauthn:extension:credBlob: true, webauthn:extension:largeBlob: true, webauthn:extension:minPinLength: true, webauthn:extension:prf: true, webauthn:virtualAuthenticators: true}
Session ID: 3c7cea417e4c0faf8d64984465ce5a3f">
      <![CDATA[org.openqa.selenium.NoSuchElementException: no such element: Unable to locate element: {"method":"xpath","selector":"//div[@class='productView-img-container']/a/img"}
  (Session info: chrome=127.0.6533.100)
For documentation on this error, please visit: https://www.selenium.dev/documentation/webdriver/troubleshooting/errors#no-such-element-exception
Build info: version: '4.11.0', revision: '040bc5406b'
System info: os.name: 'Windows 10', os.arch: 'amd64', os.version: '10.0', java.version: '17.0.8'
Driver info: org.openqa.selenium.chrome.ChromeDriver
Command: [3c7cea417e4c0faf8d64984465ce5a3f, findElement {using=xpath, value=//div[@class='productView-img-container']/a/img}]
Capabilities {acceptInsecureCerts: false, browserName: chrome, browserVersion: 127.0.6533.100, chrome: {chromedriverVersion: 127.0.6533.99 (f31af5097d90..., userDataDir: C:\Users\pawan\AppData\Loca...}, fedcm:accounts: true, goog:chromeOptions: {debuggerAddress: localhost:60501}, networkConnectionEnabled: false, pageLoadStrategy: normal, platformName: windows, proxy: Proxy(), se:cdp: ws://localhost:60501/devtoo..., se:cdpVersion: 127.0.6533.100, setWindowRect: true, strictFileInteractability: false, timeouts: {implicit: 0, pageLoad: 300000, script: 30000}, unhandledPromptBehavior: dismiss and notify, webauthn:extension:credBlob: true, webauthn:extension:largeBlob: true, webauthn:extension:minPinLength: true, webauthn:extension:prf: true, webauthn:virtualAuthenticators: true}
Session ID: 3c7cea417e4c0faf8d64984465ce5a3f
at org.openqa.selenium.remote.codec.w3c.W3CHttpResponseCodec.createException(W3CHttpResponseCodec.java:200)
at org.openqa.selenium.remote.codec.w3c.W3CHttpResponseCodec.decode(W3CHttpResponseCodec.java:133)
at org.openqa.selenium.remote.codec.w3c.W3CHttpResponseCodec.decode(W3CHttpResponseCodec.java:52)
at org.openqa.selenium.remote.HttpCommandExecutor.execute(HttpCommandExecutor.java:191)
at org.openqa.selenium.remote.service.DriverCommandExecutor.invokeExecute(DriverCommandExecutor.java:196)
at org.openqa.selenium.remote.service.DriverCommandExecutor.execute(DriverCommandExecutor.java:171)
at org.openqa.selenium.remote.RemoteWebDriver.execute(RemoteWebDriver.java:518)
at org.openqa.selenium.remote.ElementLocation$ElementFinder$2.findElement(ElementLocation.java:165)
at org.openqa.selenium.remote.ElementLocation.findElement(ElementLocation.java:59)
at org.openqa.selenium.remote.RemoteWebDriver.findElement(RemoteWebDriver.java:355)
at org.openqa.selenium.remote.RemoteWebDriver.findElement(RemoteWebDriver.java:349)
at org.openqa.selenium.support.pagefactory.DefaultElementLocator.findElement(DefaultElementLocator.java:68)
at org.openqa.selenium.support.pagefactory.internal.LocatingElementHandler.invoke(LocatingElementHandler.java:38)
at jdk.proxy2/jdk.proxy2.$Proxy20.isDisplayed(Unknown Source)
at com.glendale.page.swords.CeremonialMillitarySwordsPage.veryImageOfTheProductIsPresence(CeremonialMillitarySwordsPage.java:97)
at com.glendale.test.swords.CeremonialMillitarySwords_Test.veryImageOfTheProductIsPresence(CeremonialMillitarySwords_Test.java:70)
at java.base/java.util.ArrayList.forEach(ArrayList.java:1511)
... Removed 32 stack frames]]>
    </failure>
  </testcase> <!-- veryImageOfTheProductIsPresence -->
  <testcase classname="com.glendale.test.firstResponder.SmithAndWarrenBadges_Test" name="testPageLoadTime" time="4.918"/>
  <testcase classname="com.glendale.test.firstResponder.SmithAndWarrenBadges_Test" name="verifyPageTitle" time="5.01"/>
  <testcase classname="com.glendale.test.firstResponder.SmithAndWarrenBadges_Test" name="verifyPageURL" time="4.822"/>
  <testcase classname="com.glendale.test.firstResponder.SmithAndWarrenBadges_Test" name="verifyTextOnThePage" time="4.956"/>
  <testcase classname="com.glendale.test.millitary.CoastGuard_Test" name="verifyBannerIsPresenceAndShopNowButtonRedirection" time="8.209"/>
  <testcase classname="com.glendale.test.millitary.CoastGuard_Test" name="verifyBestSellersSectionPresence" time="2.716"/>
  <testcase classname="com.glendale.test.millitary.CoastGuard_Test" name="verifyBunleProductSectionPresenceWithProducts" time="2.988"/>
  <testcase classname="com.glendale.test.millitary.CoastGuard_Test" name="verifyCustomFlagsSectionPresenceAndRediredirection" time="7.076"/>
  <testcase classname="com.glendale.test.millitary.CoastGuard_Test" name="verifyFeaturedCollectionCeremonialItems" time="22.141"/>
  <testcase classname="com.glendale.test.millitary.CoastGuard_Test" name="verifyFeaturedCollectionFlagAccessories" time="24.043"/>
  <testcase classname="com.glendale.test.millitary.CoastGuard_Test" name="verifyFeaturedCollectionFlags" time="21.094"/>
  <testcase classname="com.glendale.test.millitary.CoastGuard_Test" name="verifyFeaturedCollectionUniformItems" time="21.917"/>
  <testcase classname="com.glendale.test.millitary.CoastGuard_Test" name="verifyFlagsSectionPresenceAndRediredirection" time="5.476"/>
  <testcase classname="com.glendale.test.millitary.CoastGuard_Test" name="verifyIconsBelowTheBestSellersIsPresenceAndNavigation" time="37.115"/>
  <testcase classname="com.glendale.test.millitary.CoastGuard_Test" name="verifyTextOnTheBanner" time="3.217"/>
  <testcase classname="com.glendale.test.honorGuard.Millitary_Test" name="testPageLoadTime" time="3.972"/>
  <testcase classname="com.glendale.test.honorGuard.Millitary_Test" name="testSortFunctionality" time="2.964"/>
  <testcase classname="com.glendale.test.honorGuard.Millitary_Test" name="verifyAllFltersEnable" time="2.832"/>
  <testcase classname="com.glendale.test.honorGuard.Millitary_Test" name="verifyPageTitle" time="2.799"/>
  <testcase classname="com.glendale.test.honorGuard.Millitary_Test" name="verifyPageURL" time="2.791"/>
  <testcase classname="com.glendale.test.honorGuard.Millitary_Test" name="verifyPaginationEnable" time="2.677"/>
  <testcase classname="com.glendale.test.honorGuard.Millitary_Test" name="verifyPaginationRedirection" time="16.809"/>
  <testcase classname="com.glendale.test.honorGuard.Millitary_Test" name="verifyProductsNameAndPricePresenceAndButtonsEnable" time="4.029"/>
  <testcase classname="com.glendale.test.uniforms.RibbonsMountsAndMedals_Test" name="testSortFunctionality" time="3.495"/>
  <testcase classname="com.glendale.test.uniforms.RibbonsMountsAndMedals_Test" name="verifyAllFltersEnable" time="2.728"/>
  <testcase classname="com.glendale.test.uniforms.RibbonsMountsAndMedals_Test" name="verifyPageTitle" time="2.674"/>
  <testcase classname="com.glendale.test.uniforms.RibbonsMountsAndMedals_Test" name="verifyPageURL" time="2.753"/>
  <testcase classname="com.glendale.test.uniforms.RibbonsMountsAndMedals_Test" name="verifyPaginationEnable" time="2.762"/>
  <testcase classname="com.glendale.test.uniforms.RibbonsMountsAndMedals_Test" name="verifyPaginationRedirection" time="23.129"/>
  <testcase classname="com.glendale.test.uniforms.RibbonsMountsAndMedals_Test" name="verifyProductButtonAddToCartAndSelectPresenceAndClickable" time="0.251"/>
  <testcase classname="com.glendale.test.uniforms.RibbonsMountsAndMedals_Test" name="verifyProductsNameAndPricePresenceAndButtonsEnable" time="4.545"/>
  <testcase classname="com.glendale.test.uniforms.RibbonsMountsAndMedals_Test" name="verifyTextPresenceAndFontSize" time="2.77"/>
  <testcase classname="com.glendale.test.uniforms.OtherCords_Test" name="testSortFunctionality" time="3.7"/>
  <testcase classname="com.glendale.test.uniforms.OtherCords_Test" name="verifyAllFltersEnable" time="2.86"/>
  <testcase classname="com.glendale.test.uniforms.OtherCords_Test" name="verifyPageTitle" time="2.78"/>
  <testcase classname="com.glendale.test.uniforms.OtherCords_Test" name="verifyPageURL" time="3.734"/>
  <testcase classname="com.glendale.test.uniforms.OtherCords_Test" name="verifyPaginationEnable" time="4.298"/>
  <testcase classname="com.glendale.test.uniforms.OtherCords_Test" name="verifyPaginationRedirection" time="17.68"/>
  <testcase classname="com.glendale.test.uniforms.OtherCords_Test" name="verifyProductButtonAddToCartAndSelectPresenceAndClickable" time="0.234"/>
  <testcase classname="com.glendale.test.uniforms.OtherCords_Test" name="verifyProductsNameAndPricePresenceAndButtonsEnable" time="4.323"/>
  <testcase classname="com.glendale.test.uniforms.OtherCords_Test" name="verifyTextPresenceAndFontSize" time="2.974"/>
  <testcase classname="com.glendale.test.codets.ThePershingRiflesGroup_Test" name="verifyAccessibility" time="3.45"/>
  <testcase classname="com.glendale.test.codets.ThePershingRiflesGroup_Test" name="verifyAllFltersEnable" time="2.865"/>
  <testcase classname="com.glendale.test.codets.ThePershingRiflesGroup_Test" name="verifyAllProductsOnThePageLoaded" time="33.919"/>
  <testcase classname="com.glendale.test.codets.ThePershingRiflesGroup_Test" name="verifyCrossBrowserCompatibility" time="14.967"/>
  <testcase classname="com.glendale.test.codets.ThePershingRiflesGroup_Test" name="verifyCurrentURL" time="2.68"/>
  <testcase classname="com.glendale.test.codets.ThePershingRiflesGroup_Test" name="verifyMainImgOnThePageLoadingAndText" time="3.726"/>
  <testcase classname="com.glendale.test.codets.ThePershingRiflesGroup_Test" name="verifyPageLoadTime" time="5.291"/>
  <testcase classname="com.glendale.test.codets.ThePershingRiflesGroup_Test" name="verifyPageTitle" time="2.682"/>
  <testcase classname="com.glendale.test.codets.ThePershingRiflesGroup_Test" name="verifyPaginationIsClickable" time="2.814"/>
  <testcase classname="com.glendale.test.codets.ThePershingRiflesGroup_Test" name="verifyProductsNameAndPricePresenceAndButtonsEnable" time="3.383"/>
  <testcase classname="com.glendale.test.codets.ThePershingRiflesGroup_Test" name="verifyResponsiveDesign" time="3.26"/>
  <testcase classname="com.glendale.test.codets.ThePershingRiflesGroup_Test" name="verifySortByFilterEnable" time="3.167"/>
  <testcase classname="com.glendale.test.honorGuard.Veterans_Test" name="testPageLoadTime" time="2.969"/>
  <testcase classname="com.glendale.test.honorGuard.Veterans_Test" name="testSortFunctionality" time="3.468"/>
  <testcase classname="com.glendale.test.honorGuard.Veterans_Test" name="verifyAllFltersEnable" time="3.262"/>
  <testcase classname="com.glendale.test.honorGuard.Veterans_Test" name="verifyPageTitle" time="2.694">
    <failure type="java.lang.AssertionError" message="Title of the page does not matched. expected [Honor Guard - Veterans - Page 1 - Glendale Parade Store] but found [Veterans | Veterans Accessories | Glendale Parade Store]">
      <![CDATA[java.lang.AssertionError: Title of the page does not matched. expected [Honor Guard - Veterans - Page 1 - Glendale Parade Store] but found [Veterans | Veterans Accessories | Glendale Parade Store]
at com.glendale.page.honorGuard.VeteransPage.verifyPageTitle(VeteransPage.java:63)
at com.glendale.test.honorGuard.Veterans_Test.verifyPageTitle(Veterans_Test.java:23)
at java.base/java.util.ArrayList.forEach(ArrayList.java:1511)
... Removed 32 stack frames]]>
    </failure>
  </testcase> <!-- verifyPageTitle -->
  <testcase classname="com.glendale.test.honorGuard.Veterans_Test" name="verifyPageURL" time="3.397"/>
  <testcase classname="com.glendale.test.honorGuard.Veterans_Test" name="verifyPaginationEnable" time="2.93"/>
  <testcase classname="com.glendale.test.honorGuard.Veterans_Test" name="verifyPaginationRedirection" time="38.889"/>
  <testcase classname="com.glendale.test.honorGuard.Veterans_Test" name="verifyProductsNameAndPricePresenceAndButtonsEnable" time="4.354"/>
  <testcase classname="com.glendale.test.uniforms.ShoulderCords_Test" name="testSortFunctionality" time="3.424"/>
  <testcase classname="com.glendale.test.uniforms.ShoulderCords_Test" name="verifyAllFltersEnable" time="2.819"/>
  <testcase classname="com.glendale.test.uniforms.ShoulderCords_Test" name="verifyPageTitle" time="2.838"/>
  <testcase classname="com.glendale.test.uniforms.ShoulderCords_Test" name="verifyPageURL" time="3.212"/>
  <testcase classname="com.glendale.test.uniforms.ShoulderCords_Test" name="verifyPaginationEnable" time="3.326"/>
  <testcase classname="com.glendale.test.uniforms.ShoulderCords_Test" name="verifyPaginationRedirection" time="21.674"/>
  <testcase classname="com.glendale.test.uniforms.ShoulderCords_Test" name="verifyProductButtonAddToCartAndSelectPresenceAndClickable" time="1.231"/>
  <testcase classname="com.glendale.test.uniforms.ShoulderCords_Test" name="verifyProductsNameAndPricePresenceAndButtonsEnable" time="3.641"/>
  <testcase classname="com.glendale.test.uniforms.ShoulderCords_Test" name="verifyTextPresenceAndFontSize" time="0.001">
    <skipped/>
  </testcase> <!-- verifyTextPresenceAndFontSize -->
  <testcase classname="com.glendale.test.uniforms.AchievementMedals_Test" name="testSortFunctionality" time="0.0">
    <skipped/>
  </testcase> <!-- testSortFunctionality -->
  <testcase classname="com.glendale.test.uniforms.AchievementMedals_Test" name="verifyAllFltersEnable" time="0.0">
    <skipped/>
  </testcase> <!-- verifyAllFltersEnable -->
  <testcase classname="com.glendale.test.uniforms.AchievementMedals_Test" name="verifyPageTitle" time="0.001">
    <skipped/>
  </testcase> <!-- verifyPageTitle -->
  <testcase classname="com.glendale.test.uniforms.AchievementMedals_Test" name="verifyPageURL" time="0.0">
    <skipped/>
  </testcase> <!-- verifyPageURL -->
  <testcase classname="com.glendale.test.uniforms.AchievementMedals_Test" name="verifyPaginationEnable" time="0.0">
    <skipped/>
  </testcase> <!-- verifyPaginationEnable -->
  <testcase classname="com.glendale.test.uniforms.AchievementMedals_Test" name="verifyPaginationRedirection" time="0.0">
    <skipped/>
  </testcase> <!-- verifyPaginationRedirection -->
  <testcase classname="com.glendale.test.uniforms.AchievementMedals_Test" name="verifyProductButtonAddToCartAndSelectPresenceAndClickable" time="0.0">
    <skipped/>
  </testcase> <!-- verifyProductButtonAddToCartAndSelectPresenceAndClickable -->
  <testcase classname="com.glendale.test.uniforms.AchievementMedals_Test" name="verifyProductsNameAndPricePresenceAndButtonsEnable" time="0.0">
    <skipped/>
  </testcase> <!-- verifyProductsNameAndPricePresenceAndButtonsEnable -->
  <testcase classname="com.glendale.test.uniforms.AchievementMedals_Test" name="verifyTextPresenceAndFontSize" time="0.0">
    <skipped/>
  </testcase> <!-- verifyTextPresenceAndFontSize -->
  <testcase classname="com.glendale.test.uniforms.Socks_Test" name="testSortFunctionality" time="0.0">
    <skipped/>
  </testcase> <!-- testSortFunctionality -->
  <testcase classname="com.glendale.test.uniforms.Socks_Test" name="verifyAllFltersEnable" time="0.0">
    <skipped/>
  </testcase> <!-- verifyAllFltersEnable -->
  <testcase classname="com.glendale.test.uniforms.Socks_Test" name="verifyCrossBrowserCompatibility" time="0.0">
    <skipped/>
  </testcase> <!-- verifyCrossBrowserCompatibility -->
  <testcase classname="com.glendale.test.uniforms.Socks_Test" name="verifyPageLoadTime" time="0.0">
    <skipped/>
  </testcase> <!-- verifyPageLoadTime -->
  <testcase classname="com.glendale.test.uniforms.Socks_Test" name="verifyPageTitle" time="0.0">
    <skipped/>
  </testcase> <!-- verifyPageTitle -->
  <testcase classname="com.glendale.test.uniforms.Socks_Test" name="verifyPageURL" time="0.0">
    <skipped/>
  </testcase> <!-- verifyPageURL -->
  <testcase classname="com.glendale.test.uniforms.Socks_Test" name="verifyProductImageSize" time="0.0">
    <skipped/>
  </testcase> <!-- verifyProductImageSize -->
  <testcase classname="com.glendale.test.uniforms.Socks_Test" name="verifyProductsNameAndPricePresenceAndButtonsEnable" time="0.0">
    <skipped/>
  </testcase> <!-- verifyProductsNameAndPricePresenceAndButtonsEnable -->
  <testcase classname="com.glendale.test.uniforms.Socks_Test" name="verifyResponsiveDesign" time="0.0">
    <skipped/>
  </testcase> <!-- verifyResponsiveDesign -->
  <testcase classname="com.glendale.test.codets.MarineCorps_Test" name="verifyBannerIsPresenceAndShopNowButtonRedirection" time="0.0">
    <skipped/>
  </testcase> <!-- verifyBannerIsPresenceAndShopNowButtonRedirection -->
  <testcase classname="com.glendale.test.codets.MarineCorps_Test" name="verifyBestSellersSectionPresence" time="0.0">
    <skipped/>
  </testcase> <!-- verifyBestSellersSectionPresence -->
  <testcase classname="com.glendale.test.codets.MarineCorps_Test" name="verifyBunleProductSectionPresenceWithProducts" time="0.0">
    <skipped/>
  </testcase> <!-- verifyBunleProductSectionPresenceWithProducts -->
  <testcase classname="com.glendale.test.codets.MarineCorps_Test" name="verifyCustomFlagsSectionPresenceAndRediredirection" time="0.0">
    <skipped/>
  </testcase> <!-- verifyCustomFlagsSectionPresenceAndRediredirection -->
  <testcase classname="com.glendale.test.codets.MarineCorps_Test" name="verifyFeaturedCollectionAccessories" time="0.0">
    <skipped/>
  </testcase> <!-- verifyFeaturedCollectionAccessories -->
  <testcase classname="com.glendale.test.codets.MarineCorps_Test" name="verifyFeaturedCollectionFlagsItems" time="0.0">
    <skipped/>
  </testcase> <!-- verifyFeaturedCollectionFlagsItems -->
  <testcase classname="com.glendale.test.codets.MarineCorps_Test" name="verifyFeaturedCollectionTeams" time="0.0">
    <skipped/>
  </testcase> <!-- verifyFeaturedCollectionTeams -->
  <testcase classname="com.glendale.test.codets.MarineCorps_Test" name="verifyFeaturedCollectionUniformItems" time="0.0">
    <skipped/>
  </testcase> <!-- verifyFeaturedCollectionUniformItems -->
  <testcase classname="com.glendale.test.codets.MarineCorps_Test" name="verifyFlagsSectionPresenceAndRediredirection" time="0.0">
    <skipped/>
  </testcase> <!-- verifyFlagsSectionPresenceAndRediredirection -->
  <testcase classname="com.glendale.test.codets.MarineCorps_Test" name="verifyIconsBelowTheBestSellersIsPresenceAndNavigation" time="0.0">
    <skipped/>
  </testcase> <!-- verifyIconsBelowTheBestSellersIsPresenceAndNavigation -->
  <testcase classname="com.glendale.test.codets.MarineCorps_Test" name="verifyTextOnTheBanner" time="0.0">
    <skipped/>
  </testcase> <!-- verifyTextOnTheBanner -->
</testsuite> <!-- Test -->
