<?xml version="1.0" encoding="UTF-8"?>
<testng-results ignored="0" total="526" passed="509" failed="5" skipped="12">
  <reporter-output>
  </reporter-output>
  <suite started-at="2024-07-11T16:20:22 IST" name="Suite" finished-at="2024-07-11T18:20:11 IST" duration-ms="7189202">
    <groups>
    </groups>
    <test started-at="2024-07-11T16:20:22 IST" name="Test" finished-at="2024-07-11T18:20:11 IST" duration-ms="7189202">
      <class name="com.glendale.test.millitary.MarineCorps_Test">
        <test-method is-config="true" signature="openBrowser()[pri:0, instance:com.glendale.test.millitary.MarineCorps_Test@6aaceffd]" started-at="2024-07-11T16:45:26 IST" name="openBrowser" finished-at="2024-07-11T16:45:31 IST" duration-ms="4082" status="PASS">
          <reporter-output>
          </reporter-output>
        </test-method> <!-- openBrowser -->
        <test-method is-config="true" signature="loadObject()[pri:0, instance:com.glendale.test.millitary.MarineCorps_Test@6aaceffd]" started-at="2024-07-11T16:45:31 IST" name="loadObject" finished-at="2024-07-11T16:45:31 IST" duration-ms="6" status="PASS">
          <reporter-output>
          </reporter-output>
        </test-method> <!-- loadObject -->
        <test-method signature="verifyBannerIsPresenceAndShopNowButtonRedirection()[pri:0, instance:com.glendale.test.millitary.MarineCorps_Test@6aaceffd]" started-at="2024-07-11T16:45:31 IST" name="verifyBannerIsPresenceAndShopNowButtonRedirection" finished-at="2024-07-11T16:45:39 IST" duration-ms="8448" status="PASS">
          <reporter-output>
          </reporter-output>
        </test-method> <!-- verifyBannerIsPresenceAndShopNowButtonRedirection -->
        <test-method is-config="true" signature="CloseBrowser()[pri:0, instance:com.glendale.test.millitary.MarineCorps_Test@6aaceffd]" started-at="2024-07-11T16:45:39 IST" name="CloseBrowser" finished-at="2024-07-11T16:45:39 IST" duration-ms="94" status="PASS">
          <reporter-output>
          </reporter-output>
        </test-method> <!-- CloseBrowser -->
        <test-method is-config="true" signature="openBrowser()[pri:0, instance:com.glendale.test.millitary.MarineCorps_Test@6aaceffd]" started-at="2024-07-11T16:45:39 IST" name="openBrowser" finished-at="2024-07-11T16:45:43 IST" duration-ms="4065" status="PASS">
          <reporter-output>
          </reporter-output>
        </test-method> <!-- openBrowser -->
        <test-method is-config="true" signature="loadObject()[pri:0, instance:com.glendale.test.millitary.MarineCorps_Test@6aaceffd]" started-at="2024-07-11T16:45:43 IST" name="loadObject" finished-at="2024-07-11T16:45:43 IST" duration-ms="1" status="PASS">
          <reporter-output>
          </reporter-output>
        </test-method> <!-- loadObject -->
        <test-method signature="verifyBestSellersSectionPresence()[pri:0, instance:com.glendale.test.millitary.MarineCorps_Test@6aaceffd]" started-at="2024-07-11T16:45:43 IST" name="verifyBestSellersSectionPresence" finished-at="2024-07-11T16:45:46 IST" duration-ms="2707" status="PASS">
          <reporter-output>
          </reporter-output>
        </test-method> <!-- verifyBestSellersSectionPresence -->
        <test-method is-config="true" signature="CloseBrowser()[pri:0, instance:com.glendale.test.millitary.MarineCorps_Test@6aaceffd]" started-at="2024-07-11T16:45:46 IST" name="CloseBrowser" finished-at="2024-07-11T16:45:46 IST" duration-ms="90" status="PASS">
          <reporter-output>
          </reporter-output>
        </test-method> <!-- CloseBrowser -->
        <test-method is-config="true" signature="openBrowser()[pri:0, instance:com.glendale.test.millitary.MarineCorps_Test@6aaceffd]" started-at="2024-07-11T16:45:46 IST" name="openBrowser" finished-at="2024-07-11T16:45:50 IST" duration-ms="3729" status="PASS">
          <reporter-output>
          </reporter-output>
        </test-method> <!-- openBrowser -->
        <test-method is-config="true" signature="loadObject()[pri:0, instance:com.glendale.test.millitary.MarineCorps_Test@6aaceffd]" started-at="2024-07-11T16:45:50 IST" name="loadObject" finished-at="2024-07-11T16:45:50 IST" duration-ms="0" status="PASS">
          <reporter-output>
          </reporter-output>
        </test-method> <!-- loadObject -->
        <test-method signature="verifyBunleProductSectionPresenceWithProducts()[pri:0, instance:com.glendale.test.millitary.MarineCorps_Test@6aaceffd]" started-at="2024-07-11T16:45:50 IST" name="verifyBunleProductSectionPresenceWithProducts" finished-at="2024-07-11T16:45:53 IST" duration-ms="3028" status="PASS">
          <reporter-output>
          </reporter-output>
        </test-method> <!-- verifyBunleProductSectionPresenceWithProducts -->
        <test-method is-config="true" signature="CloseBrowser()[pri:0, instance:com.glendale.test.millitary.MarineCorps_Test@6aaceffd]" started-at="2024-07-11T16:45:53 IST" name="CloseBrowser" finished-at="2024-07-11T16:45:53 IST" duration-ms="86" status="PASS">
          <reporter-output>
          </reporter-output>
        </test-method> <!-- CloseBrowser -->
        <test-method is-config="true" signature="openBrowser()[pri:0, instance:com.glendale.test.millitary.MarineCorps_Test@6aaceffd]" started-at="2024-07-11T16:45:53 IST" name="openBrowser" finished-at="2024-07-11T16:45:56 IST" duration-ms="3661" status="PASS">
          <reporter-output>
          </reporter-output>
        </test-method> <!-- openBrowser -->
        <test-method is-config="true" signature="loadObject()[pri:0, instance:com.glendale.test.millitary.MarineCorps_Test@6aaceffd]" started-at="2024-07-11T16:45:56 IST" name="loadObject" finished-at="2024-07-11T16:45:56 IST" duration-ms="0" status="PASS">
          <reporter-output>
          </reporter-output>
        </test-method> <!-- loadObject -->
        <test-method signature="verifyCustomFlagsSectionPresenceAndRediredirection()[pri:0, instance:com.glendale.test.millitary.MarineCorps_Test@6aaceffd]" started-at="2024-07-11T16:45:56 IST" name="verifyCustomFlagsSectionPresenceAndRediredirection" finished-at="2024-07-11T16:46:02 IST" duration-ms="5270" status="PASS">
          <reporter-output>
          </reporter-output>
        </test-method> <!-- verifyCustomFlagsSectionPresenceAndRediredirection -->
        <test-method is-config="true" signature="CloseBrowser()[pri:0, instance:com.glendale.test.millitary.MarineCorps_Test@6aaceffd]" started-at="2024-07-11T16:46:02 IST" name="CloseBrowser" finished-at="2024-07-11T16:46:02 IST" duration-ms="96" status="PASS">
          <reporter-output>
          </reporter-output>
        </test-method> <!-- CloseBrowser -->
        <test-method is-config="true" signature="openBrowser()[pri:0, instance:com.glendale.test.millitary.MarineCorps_Test@6aaceffd]" started-at="2024-07-11T16:46:02 IST" name="openBrowser" finished-at="2024-07-11T16:46:06 IST" duration-ms="4427" status="PASS">
          <reporter-output>
          </reporter-output>
        </test-method> <!-- openBrowser -->
        <test-method signature="verifyFeaturedCollectionCeremonialItems()[pri:0, instance:com.glendale.test.millitary.MarineCorps_Test@6aaceffd]" started-at="2024-07-11T16:46:06 IST" name="verifyFeaturedCollectionCeremonialItems" finished-at="2024-07-11T16:46:29 IST" duration-ms="22548" status="PASS">
          <reporter-output>
          </reporter-output>
        </test-method> <!-- verifyFeaturedCollectionCeremonialItems -->
        <test-method is-config="true" signature="loadObject()[pri:0, instance:com.glendale.test.millitary.MarineCorps_Test@6aaceffd]" started-at="2024-07-11T16:46:06 IST" name="loadObject" finished-at="2024-07-11T16:46:06 IST" duration-ms="0" status="PASS">
          <reporter-output>
          </reporter-output>
        </test-method> <!-- loadObject -->
        <test-method is-config="true" signature="CloseBrowser()[pri:0, instance:com.glendale.test.millitary.MarineCorps_Test@6aaceffd]" started-at="2024-07-11T16:46:29 IST" name="CloseBrowser" finished-at="2024-07-11T16:46:29 IST" duration-ms="103" status="PASS">
          <reporter-output>
          </reporter-output>
        </test-method> <!-- CloseBrowser -->
        <test-method is-config="true" signature="openBrowser()[pri:0, instance:com.glendale.test.millitary.MarineCorps_Test@6aaceffd]" started-at="2024-07-11T16:46:29 IST" name="openBrowser" finished-at="2024-07-11T16:46:33 IST" duration-ms="4208" status="PASS">
          <reporter-output>
          </reporter-output>
        </test-method> <!-- openBrowser -->
        <test-method signature="verifyFeaturedCollectionFlagAccessories()[pri:0, instance:com.glendale.test.millitary.MarineCorps_Test@6aaceffd]" started-at="2024-07-11T16:46:33 IST" name="verifyFeaturedCollectionFlagAccessories" finished-at="2024-07-11T16:46:56 IST" duration-ms="22508" status="PASS">
          <reporter-output>
          </reporter-output>
        </test-method> <!-- verifyFeaturedCollectionFlagAccessories -->
        <test-method is-config="true" signature="loadObject()[pri:0, instance:com.glendale.test.millitary.MarineCorps_Test@6aaceffd]" started-at="2024-07-11T16:46:33 IST" name="loadObject" finished-at="2024-07-11T16:46:33 IST" duration-ms="0" status="PASS">
          <reporter-output>
          </reporter-output>
        </test-method> <!-- loadObject -->
        <test-method is-config="true" signature="CloseBrowser()[pri:0, instance:com.glendale.test.millitary.MarineCorps_Test@6aaceffd]" started-at="2024-07-11T16:46:56 IST" name="CloseBrowser" finished-at="2024-07-11T16:46:56 IST" duration-ms="82" status="PASS">
          <reporter-output>
          </reporter-output>
        </test-method> <!-- CloseBrowser -->
        <test-method is-config="true" signature="openBrowser()[pri:0, instance:com.glendale.test.millitary.MarineCorps_Test@6aaceffd]" started-at="2024-07-11T16:46:56 IST" name="openBrowser" finished-at="2024-07-11T16:47:00 IST" duration-ms="4109" status="PASS">
          <reporter-output>
          </reporter-output>
        </test-method> <!-- openBrowser -->
        <test-method signature="verifyFeaturedCollectionFlags()[pri:0, instance:com.glendale.test.millitary.MarineCorps_Test@6aaceffd]" started-at="2024-07-11T16:47:00 IST" name="verifyFeaturedCollectionFlags" finished-at="2024-07-11T16:47:22 IST" duration-ms="21865" status="PASS">
          <reporter-output>
          </reporter-output>
        </test-method> <!-- verifyFeaturedCollectionFlags -->
        <test-method is-config="true" signature="loadObject()[pri:0, instance:com.glendale.test.millitary.MarineCorps_Test@6aaceffd]" started-at="2024-07-11T16:47:00 IST" name="loadObject" finished-at="2024-07-11T16:47:00 IST" duration-ms="0" status="PASS">
          <reporter-output>
          </reporter-output>
        </test-method> <!-- loadObject -->
        <test-method is-config="true" signature="CloseBrowser()[pri:0, instance:com.glendale.test.millitary.MarineCorps_Test@6aaceffd]" started-at="2024-07-11T16:47:22 IST" name="CloseBrowser" finished-at="2024-07-11T16:47:22 IST" duration-ms="103" status="PASS">
          <reporter-output>
          </reporter-output>
        </test-method> <!-- CloseBrowser -->
        <test-method is-config="true" signature="openBrowser()[pri:0, instance:com.glendale.test.millitary.MarineCorps_Test@6aaceffd]" started-at="2024-07-11T16:47:22 IST" name="openBrowser" finished-at="2024-07-11T16:47:26 IST" duration-ms="3881" status="PASS">
          <reporter-output>
          </reporter-output>
        </test-method> <!-- openBrowser -->
        <test-method signature="verifyFeaturedCollectionUniformItems()[pri:0, instance:com.glendale.test.millitary.MarineCorps_Test@6aaceffd]" started-at="2024-07-11T16:47:26 IST" name="verifyFeaturedCollectionUniformItems" finished-at="2024-07-11T16:47:49 IST" duration-ms="23234" status="PASS">
          <reporter-output>
          </reporter-output>
        </test-method> <!-- verifyFeaturedCollectionUniformItems -->
        <test-method is-config="true" signature="loadObject()[pri:0, instance:com.glendale.test.millitary.MarineCorps_Test@6aaceffd]" started-at="2024-07-11T16:47:26 IST" name="loadObject" finished-at="2024-07-11T16:47:26 IST" duration-ms="0" status="PASS">
          <reporter-output>
          </reporter-output>
        </test-method> <!-- loadObject -->
        <test-method is-config="true" signature="CloseBrowser()[pri:0, instance:com.glendale.test.millitary.MarineCorps_Test@6aaceffd]" started-at="2024-07-11T16:47:49 IST" name="CloseBrowser" finished-at="2024-07-11T16:47:49 IST" duration-ms="105" status="PASS">
          <reporter-output>
          </reporter-output>
        </test-method> <!-- CloseBrowser -->
        <test-method is-config="true" signature="openBrowser()[pri:0, instance:com.glendale.test.millitary.MarineCorps_Test@6aaceffd]" started-at="2024-07-11T16:47:49 IST" name="openBrowser" finished-at="2024-07-11T16:47:53 IST" duration-ms="3936" status="PASS">
          <reporter-output>
          </reporter-output>
        </test-method> <!-- openBrowser -->
        <test-method signature="verifyFlagsSectionPresenceAndRediredirection()[pri:0, instance:com.glendale.test.millitary.MarineCorps_Test@6aaceffd]" started-at="2024-07-11T16:47:53 IST" name="verifyFlagsSectionPresenceAndRediredirection" finished-at="2024-07-11T16:47:59 IST" duration-ms="5570" status="PASS">
          <reporter-output>
          </reporter-output>
        </test-method> <!-- verifyFlagsSectionPresenceAndRediredirection -->
        <test-method is-config="true" signature="loadObject()[pri:0, instance:com.glendale.test.millitary.MarineCorps_Test@6aaceffd]" started-at="2024-07-11T16:47:53 IST" name="loadObject" finished-at="2024-07-11T16:47:53 IST" duration-ms="0" status="PASS">
          <reporter-output>
          </reporter-output>
        </test-method> <!-- loadObject -->
        <test-method is-config="true" signature="CloseBrowser()[pri:0, instance:com.glendale.test.millitary.MarineCorps_Test@6aaceffd]" started-at="2024-07-11T16:47:59 IST" name="CloseBrowser" finished-at="2024-07-11T16:47:59 IST" duration-ms="98" status="PASS">
          <reporter-output>
          </reporter-output>
        </test-method> <!-- CloseBrowser -->
        <test-method is-config="true" signature="openBrowser()[pri:0, instance:com.glendale.test.millitary.MarineCorps_Test@6aaceffd]" started-at="2024-07-11T16:47:59 IST" name="openBrowser" finished-at="2024-07-11T16:48:02 IST" duration-ms="3812" status="PASS">
          <reporter-output>
          </reporter-output>
        </test-method> <!-- openBrowser -->
        <test-method is-config="true" signature="loadObject()[pri:0, instance:com.glendale.test.millitary.MarineCorps_Test@6aaceffd]" started-at="2024-07-11T16:48:02 IST" name="loadObject" finished-at="2024-07-11T16:48:02 IST" duration-ms="1" status="PASS">
          <reporter-output>
          </reporter-output>
        </test-method> <!-- loadObject -->
        <test-method signature="verifyIconsBelowTheBestSellersIsPresenceAndNavigation()[pri:0, instance:com.glendale.test.millitary.MarineCorps_Test@6aaceffd]" started-at="2024-07-11T16:48:02 IST" name="verifyIconsBelowTheBestSellersIsPresenceAndNavigation" finished-at="2024-07-11T16:48:39 IST" duration-ms="36998" status="PASS">
          <reporter-output>
          </reporter-output>
        </test-method> <!-- verifyIconsBelowTheBestSellersIsPresenceAndNavigation -->
        <test-method is-config="true" signature="CloseBrowser()[pri:0, instance:com.glendale.test.millitary.MarineCorps_Test@6aaceffd]" started-at="2024-07-11T16:48:39 IST" name="CloseBrowser" finished-at="2024-07-11T16:48:40 IST" duration-ms="91" status="PASS">
          <reporter-output>
          </reporter-output>
        </test-method> <!-- CloseBrowser -->
        <test-method is-config="true" signature="openBrowser()[pri:0, instance:com.glendale.test.millitary.MarineCorps_Test@6aaceffd]" started-at="2024-07-11T16:48:40 IST" name="openBrowser" finished-at="2024-07-11T16:48:44 IST" duration-ms="4053" status="PASS">
          <reporter-output>
          </reporter-output>
        </test-method> <!-- openBrowser -->
        <test-method is-config="true" signature="loadObject()[pri:0, instance:com.glendale.test.millitary.MarineCorps_Test@6aaceffd]" started-at="2024-07-11T16:48:44 IST" name="loadObject" finished-at="2024-07-11T16:48:44 IST" duration-ms="1" status="PASS">
          <reporter-output>
          </reporter-output>
        </test-method> <!-- loadObject -->
        <test-method signature="verifyTextOnTheBanner()[pri:0, instance:com.glendale.test.millitary.MarineCorps_Test@6aaceffd]" started-at="2024-07-11T16:48:44 IST" name="verifyTextOnTheBanner" finished-at="2024-07-11T16:48:47 IST" duration-ms="3758" status="PASS">
          <reporter-output>
          </reporter-output>
        </test-method> <!-- verifyTextOnTheBanner -->
        <test-method is-config="true" signature="CloseBrowser()[pri:0, instance:com.glendale.test.millitary.MarineCorps_Test@6aaceffd]" started-at="2024-07-11T16:48:47 IST" name="CloseBrowser" finished-at="2024-07-11T16:48:47 IST" duration-ms="93" status="PASS">
          <reporter-output>
          </reporter-output>
        </test-method> <!-- CloseBrowser -->
      </class> <!-- com.glendale.test.millitary.MarineCorps_Test -->
      <class name="com.glendale.test.flags.MourningFlags_Test">
        <test-method is-config="true" signature="openBrowser()[pri:0, instance:com.glendale.test.flags.MourningFlags_Test@37883b97]" started-at="2024-07-11T17:01:13 IST" name="openBrowser" finished-at="2024-07-11T17:01:17 IST" duration-ms="4000" status="PASS">
          <reporter-output>
          </reporter-output>
        </test-method> <!-- openBrowser -->
        <test-method is-config="true" signature="loadObject()[pri:0, instance:com.glendale.test.flags.MourningFlags_Test@37883b97]" started-at="2024-07-11T17:01:17 IST" name="loadObject" finished-at="2024-07-11T17:01:17 IST" duration-ms="5" status="PASS">
          <reporter-output>
          </reporter-output>
        </test-method> <!-- loadObject -->
        <test-method signature="testPageLoadTime()[pri:0, instance:com.glendale.test.flags.MourningFlags_Test@37883b97]" started-at="2024-07-11T17:01:17 IST" name="testPageLoadTime" finished-at="2024-07-11T17:01:21 IST" duration-ms="4076" status="PASS">
          <reporter-output>
          </reporter-output>
        </test-method> <!-- testPageLoadTime -->
        <test-method is-config="true" signature="CloseBrowser()[pri:0, instance:com.glendale.test.flags.MourningFlags_Test@37883b97]" started-at="2024-07-11T17:01:21 IST" name="CloseBrowser" finished-at="2024-07-11T17:01:21 IST" duration-ms="92" status="PASS">
          <reporter-output>
          </reporter-output>
        </test-method> <!-- CloseBrowser -->
        <test-method is-config="true" signature="openBrowser()[pri:0, instance:com.glendale.test.flags.MourningFlags_Test@37883b97]" started-at="2024-07-11T17:01:21 IST" name="openBrowser" finished-at="2024-07-11T17:01:25 IST" duration-ms="3895" status="PASS">
          <reporter-output>
          </reporter-output>
        </test-method> <!-- openBrowser -->
        <test-method is-config="true" signature="loadObject()[pri:0, instance:com.glendale.test.flags.MourningFlags_Test@37883b97]" started-at="2024-07-11T17:01:25 IST" name="loadObject" finished-at="2024-07-11T17:01:25 IST" duration-ms="1" status="PASS">
          <reporter-output>
          </reporter-output>
        </test-method> <!-- loadObject -->
        <test-method signature="testSortFunctionality()[pri:0, instance:com.glendale.test.flags.MourningFlags_Test@37883b97]" started-at="2024-07-11T17:01:25 IST" name="testSortFunctionality" finished-at="2024-07-11T17:01:28 IST" duration-ms="2953" status="PASS">
          <reporter-output>
          </reporter-output>
        </test-method> <!-- testSortFunctionality -->
        <test-method is-config="true" signature="CloseBrowser()[pri:0, instance:com.glendale.test.flags.MourningFlags_Test@37883b97]" started-at="2024-07-11T17:01:28 IST" name="CloseBrowser" finished-at="2024-07-11T17:01:28 IST" duration-ms="90" status="PASS">
          <reporter-output>
          </reporter-output>
        </test-method> <!-- CloseBrowser -->
        <test-method is-config="true" signature="openBrowser()[pri:0, instance:com.glendale.test.flags.MourningFlags_Test@37883b97]" started-at="2024-07-11T17:01:28 IST" name="openBrowser" finished-at="2024-07-11T17:01:32 IST" duration-ms="3791" status="PASS">
          <reporter-output>
          </reporter-output>
        </test-method> <!-- openBrowser -->
        <test-method is-config="true" signature="loadObject()[pri:0, instance:com.glendale.test.flags.MourningFlags_Test@37883b97]" started-at="2024-07-11T17:01:32 IST" name="loadObject" finished-at="2024-07-11T17:01:32 IST" duration-ms="1" status="PASS">
          <reporter-output>
          </reporter-output>
        </test-method> <!-- loadObject -->
        <test-method signature="verifyAllFltersEnable()[pri:0, instance:com.glendale.test.flags.MourningFlags_Test@37883b97]" started-at="2024-07-11T17:01:32 IST" name="verifyAllFltersEnable" finished-at="2024-07-11T17:01:35 IST" duration-ms="2770" status="PASS">
          <reporter-output>
          </reporter-output>
        </test-method> <!-- verifyAllFltersEnable -->
        <test-method is-config="true" signature="CloseBrowser()[pri:0, instance:com.glendale.test.flags.MourningFlags_Test@37883b97]" started-at="2024-07-11T17:01:35 IST" name="CloseBrowser" finished-at="2024-07-11T17:01:35 IST" duration-ms="95" status="PASS">
          <reporter-output>
          </reporter-output>
        </test-method> <!-- CloseBrowser -->
        <test-method is-config="true" signature="openBrowser()[pri:0, instance:com.glendale.test.flags.MourningFlags_Test@37883b97]" started-at="2024-07-11T17:01:35 IST" name="openBrowser" finished-at="2024-07-11T17:01:40 IST" duration-ms="5189" status="PASS">
          <reporter-output>
          </reporter-output>
        </test-method> <!-- openBrowser -->
        <test-method signature="verifyPageTitle()[pri:0, instance:com.glendale.test.flags.MourningFlags_Test@37883b97]" started-at="2024-07-11T17:01:40 IST" name="verifyPageTitle" finished-at="2024-07-11T17:01:43 IST" duration-ms="2776" status="PASS">
          <reporter-output>
          </reporter-output>
        </test-method> <!-- verifyPageTitle -->
        <test-method is-config="true" signature="loadObject()[pri:0, instance:com.glendale.test.flags.MourningFlags_Test@37883b97]" started-at="2024-07-11T17:01:40 IST" name="loadObject" finished-at="2024-07-11T17:01:40 IST" duration-ms="0" status="PASS">
          <reporter-output>
          </reporter-output>
        </test-method> <!-- loadObject -->
        <test-method is-config="true" signature="CloseBrowser()[pri:0, instance:com.glendale.test.flags.MourningFlags_Test@37883b97]" started-at="2024-07-11T17:01:43 IST" name="CloseBrowser" finished-at="2024-07-11T17:01:43 IST" duration-ms="82" status="PASS">
          <reporter-output>
          </reporter-output>
        </test-method> <!-- CloseBrowser -->
        <test-method is-config="true" signature="openBrowser()[pri:0, instance:com.glendale.test.flags.MourningFlags_Test@37883b97]" started-at="2024-07-11T17:01:43 IST" name="openBrowser" finished-at="2024-07-11T17:01:47 IST" duration-ms="3835" status="PASS">
          <reporter-output>
          </reporter-output>
        </test-method> <!-- openBrowser -->
        <test-method signature="verifyPageURL()[pri:0, instance:com.glendale.test.flags.MourningFlags_Test@37883b97]" started-at="2024-07-11T17:01:47 IST" name="verifyPageURL" finished-at="2024-07-11T17:01:49 IST" duration-ms="2635" status="PASS">
          <reporter-output>
          </reporter-output>
        </test-method> <!-- verifyPageURL -->
        <test-method is-config="true" signature="loadObject()[pri:0, instance:com.glendale.test.flags.MourningFlags_Test@37883b97]" started-at="2024-07-11T17:01:47 IST" name="loadObject" finished-at="2024-07-11T17:01:47 IST" duration-ms="0" status="PASS">
          <reporter-output>
          </reporter-output>
        </test-method> <!-- loadObject -->
        <test-method is-config="true" signature="CloseBrowser()[pri:0, instance:com.glendale.test.flags.MourningFlags_Test@37883b97]" started-at="2024-07-11T17:01:49 IST" name="CloseBrowser" finished-at="2024-07-11T17:01:49 IST" duration-ms="85" status="PASS">
          <reporter-output>
          </reporter-output>
        </test-method> <!-- CloseBrowser -->
        <test-method is-config="true" signature="openBrowser()[pri:0, instance:com.glendale.test.flags.MourningFlags_Test@37883b97]" started-at="2024-07-11T17:01:49 IST" name="openBrowser" finished-at="2024-07-11T17:01:53 IST" duration-ms="3963" status="PASS">
          <reporter-output>
          </reporter-output>
        </test-method> <!-- openBrowser -->
        <test-method is-config="true" signature="loadObject()[pri:0, instance:com.glendale.test.flags.MourningFlags_Test@37883b97]" started-at="2024-07-11T17:01:53 IST" name="loadObject" finished-at="2024-07-11T17:01:53 IST" duration-ms="1" status="PASS">
          <reporter-output>
          </reporter-output>
        </test-method> <!-- loadObject -->
        <test-method signature="verifyProductsNameAndPricePresenceAndButtonsEnable()[pri:0, instance:com.glendale.test.flags.MourningFlags_Test@37883b97]" started-at="2024-07-11T17:01:53 IST" name="verifyProductsNameAndPricePresenceAndButtonsEnable" finished-at="2024-07-11T17:01:56 IST" duration-ms="3123" status="PASS">
          <reporter-output>
          </reporter-output>
        </test-method> <!-- verifyProductsNameAndPricePresenceAndButtonsEnable -->
        <test-method is-config="true" signature="CloseBrowser()[pri:0, instance:com.glendale.test.flags.MourningFlags_Test@37883b97]" started-at="2024-07-11T17:01:56 IST" name="CloseBrowser" finished-at="2024-07-11T17:01:56 IST" duration-ms="93" status="PASS">
          <reporter-output>
          </reporter-output>
        </test-method> <!-- CloseBrowser -->
      </class> <!-- com.glendale.test.flags.MourningFlags_Test -->
      <class name="com.glendale.test.uniforms.BeltsAndBuckles_Test">
        <test-method is-config="true" signature="openBrowser()[pri:0, instance:com.glendale.test.uniforms.BeltsAndBuckles_Test@68e5eea7]" started-at="2024-07-11T17:32:13 IST" name="openBrowser" finished-at="2024-07-11T17:32:17 IST" duration-ms="3697" status="PASS">
          <reporter-output>
          </reporter-output>
        </test-method> <!-- openBrowser -->
        <test-method is-config="true" signature="loadObject()[pri:0, instance:com.glendale.test.uniforms.BeltsAndBuckles_Test@68e5eea7]" started-at="2024-07-11T17:32:17 IST" name="loadObject" finished-at="2024-07-11T17:32:17 IST" duration-ms="4" status="PASS">
          <reporter-output>
          </reporter-output>
        </test-method> <!-- loadObject -->
        <test-method signature="testSortFunctionality()[pri:0, instance:com.glendale.test.uniforms.BeltsAndBuckles_Test@68e5eea7]" started-at="2024-07-11T17:32:17 IST" name="testSortFunctionality" finished-at="2024-07-11T17:32:21 IST" duration-ms="4454" status="PASS">
          <reporter-output>
          </reporter-output>
        </test-method> <!-- testSortFunctionality -->
        <test-method is-config="true" signature="CloseBrowser()[pri:0, instance:com.glendale.test.uniforms.BeltsAndBuckles_Test@68e5eea7]" started-at="2024-07-11T17:32:21 IST" name="CloseBrowser" finished-at="2024-07-11T17:32:22 IST" duration-ms="90" status="PASS">
          <reporter-output>
          </reporter-output>
        </test-method> <!-- CloseBrowser -->
        <test-method is-config="true" signature="openBrowser()[pri:0, instance:com.glendale.test.uniforms.BeltsAndBuckles_Test@68e5eea7]" started-at="2024-07-11T17:32:22 IST" name="openBrowser" finished-at="2024-07-11T17:32:27 IST" duration-ms="5097" status="PASS">
          <reporter-output>
          </reporter-output>
        </test-method> <!-- openBrowser -->
        <test-method signature="verifyAllFltersEnable()[pri:0, instance:com.glendale.test.uniforms.BeltsAndBuckles_Test@68e5eea7]" started-at="2024-07-11T17:32:27 IST" name="verifyAllFltersEnable" finished-at="2024-07-11T17:32:30 IST" duration-ms="2949" status="PASS">
          <reporter-output>
          </reporter-output>
        </test-method> <!-- verifyAllFltersEnable -->
        <test-method is-config="true" signature="loadObject()[pri:0, instance:com.glendale.test.uniforms.BeltsAndBuckles_Test@68e5eea7]" started-at="2024-07-11T17:32:27 IST" name="loadObject" finished-at="2024-07-11T17:32:27 IST" duration-ms="0" status="PASS">
          <reporter-output>
          </reporter-output>
        </test-method> <!-- loadObject -->
        <test-method is-config="true" signature="CloseBrowser()[pri:0, instance:com.glendale.test.uniforms.BeltsAndBuckles_Test@68e5eea7]" started-at="2024-07-11T17:32:30 IST" name="CloseBrowser" finished-at="2024-07-11T17:32:30 IST" duration-ms="83" status="PASS">
          <reporter-output>
          </reporter-output>
        </test-method> <!-- CloseBrowser -->
        <test-method is-config="true" signature="openBrowser()[pri:0, instance:com.glendale.test.uniforms.BeltsAndBuckles_Test@68e5eea7]" started-at="2024-07-11T17:32:30 IST" name="openBrowser" finished-at="2024-07-11T17:32:34 IST" duration-ms="3878" status="PASS">
          <reporter-output>
          </reporter-output>
        </test-method> <!-- openBrowser -->
        <test-method signature="verifyPageTitle()[pri:0, instance:com.glendale.test.uniforms.BeltsAndBuckles_Test@68e5eea7]" started-at="2024-07-11T17:32:34 IST" name="verifyPageTitle" finished-at="2024-07-11T17:32:36 IST" duration-ms="2760" status="PASS">
          <reporter-output>
          </reporter-output>
        </test-method> <!-- verifyPageTitle -->
        <test-method is-config="true" signature="loadObject()[pri:0, instance:com.glendale.test.uniforms.BeltsAndBuckles_Test@68e5eea7]" started-at="2024-07-11T17:32:34 IST" name="loadObject" finished-at="2024-07-11T17:32:34 IST" duration-ms="0" status="PASS">
          <reporter-output>
          </reporter-output>
        </test-method> <!-- loadObject -->
        <test-method is-config="true" signature="CloseBrowser()[pri:0, instance:com.glendale.test.uniforms.BeltsAndBuckles_Test@68e5eea7]" started-at="2024-07-11T17:32:36 IST" name="CloseBrowser" finished-at="2024-07-11T17:32:36 IST" duration-ms="93" status="PASS">
          <reporter-output>
          </reporter-output>
        </test-method> <!-- CloseBrowser -->
        <test-method is-config="true" signature="openBrowser()[pri:0, instance:com.glendale.test.uniforms.BeltsAndBuckles_Test@68e5eea7]" started-at="2024-07-11T17:32:36 IST" name="openBrowser" finished-at="2024-07-11T17:32:40 IST" duration-ms="4030" status="PASS">
          <reporter-output>
          </reporter-output>
        </test-method> <!-- openBrowser -->
        <test-method signature="verifyPageURL()[pri:0, instance:com.glendale.test.uniforms.BeltsAndBuckles_Test@68e5eea7]" started-at="2024-07-11T17:32:40 IST" name="verifyPageURL" finished-at="2024-07-11T17:32:43 IST" duration-ms="2674" status="PASS">
          <reporter-output>
          </reporter-output>
        </test-method> <!-- verifyPageURL -->
        <test-method is-config="true" signature="loadObject()[pri:0, instance:com.glendale.test.uniforms.BeltsAndBuckles_Test@68e5eea7]" started-at="2024-07-11T17:32:40 IST" name="loadObject" finished-at="2024-07-11T17:32:40 IST" duration-ms="0" status="PASS">
          <reporter-output>
          </reporter-output>
        </test-method> <!-- loadObject -->
        <test-method is-config="true" signature="CloseBrowser()[pri:0, instance:com.glendale.test.uniforms.BeltsAndBuckles_Test@68e5eea7]" started-at="2024-07-11T17:32:43 IST" name="CloseBrowser" finished-at="2024-07-11T17:32:43 IST" duration-ms="81" status="PASS">
          <reporter-output>
          </reporter-output>
        </test-method> <!-- CloseBrowser -->
        <test-method is-config="true" signature="openBrowser()[pri:0, instance:com.glendale.test.uniforms.BeltsAndBuckles_Test@68e5eea7]" started-at="2024-07-11T17:32:43 IST" name="openBrowser" finished-at="2024-07-11T17:32:47 IST" duration-ms="3595" status="PASS">
          <reporter-output>
          </reporter-output>
        </test-method> <!-- openBrowser -->
        <test-method signature="verifyPaginationEnable()[pri:0, instance:com.glendale.test.uniforms.BeltsAndBuckles_Test@68e5eea7]" started-at="2024-07-11T17:32:47 IST" name="verifyPaginationEnable" finished-at="2024-07-11T17:32:50 IST" duration-ms="2837" status="PASS">
          <reporter-output>
          </reporter-output>
        </test-method> <!-- verifyPaginationEnable -->
        <test-method is-config="true" signature="loadObject()[pri:0, instance:com.glendale.test.uniforms.BeltsAndBuckles_Test@68e5eea7]" started-at="2024-07-11T17:32:47 IST" name="loadObject" finished-at="2024-07-11T17:32:47 IST" duration-ms="0" status="PASS">
          <reporter-output>
          </reporter-output>
        </test-method> <!-- loadObject -->
        <test-method is-config="true" signature="CloseBrowser()[pri:0, instance:com.glendale.test.uniforms.BeltsAndBuckles_Test@68e5eea7]" started-at="2024-07-11T17:32:50 IST" name="CloseBrowser" finished-at="2024-07-11T17:32:50 IST" duration-ms="90" status="PASS">
          <reporter-output>
          </reporter-output>
        </test-method> <!-- CloseBrowser -->
        <test-method is-config="true" signature="openBrowser()[pri:0, instance:com.glendale.test.uniforms.BeltsAndBuckles_Test@68e5eea7]" started-at="2024-07-11T17:32:50 IST" name="openBrowser" finished-at="2024-07-11T17:32:54 IST" duration-ms="4009" status="PASS">
          <reporter-output>
          </reporter-output>
        </test-method> <!-- openBrowser -->
        <test-method signature="verifyPaginationRedirection()[pri:0, instance:com.glendale.test.uniforms.BeltsAndBuckles_Test@68e5eea7]" started-at="2024-07-11T17:32:54 IST" name="verifyPaginationRedirection" finished-at="2024-07-11T17:33:14 IST" duration-ms="19820" status="PASS">
          <reporter-output>
          </reporter-output>
        </test-method> <!-- verifyPaginationRedirection -->
        <test-method is-config="true" signature="loadObject()[pri:0, instance:com.glendale.test.uniforms.BeltsAndBuckles_Test@68e5eea7]" started-at="2024-07-11T17:32:54 IST" name="loadObject" finished-at="2024-07-11T17:32:54 IST" duration-ms="0" status="PASS">
          <reporter-output>
          </reporter-output>
        </test-method> <!-- loadObject -->
        <test-method is-config="true" signature="CloseBrowser()[pri:0, instance:com.glendale.test.uniforms.BeltsAndBuckles_Test@68e5eea7]" started-at="2024-07-11T17:33:14 IST" name="CloseBrowser" finished-at="2024-07-11T17:33:14 IST" duration-ms="89" status="PASS">
          <reporter-output>
          </reporter-output>
        </test-method> <!-- CloseBrowser -->
        <test-method is-config="true" signature="openBrowser()[pri:0, instance:com.glendale.test.uniforms.BeltsAndBuckles_Test@68e5eea7]" started-at="2024-07-11T17:33:14 IST" name="openBrowser" finished-at="2024-07-11T17:33:17 IST" duration-ms="3816" status="PASS">
          <reporter-output>
          </reporter-output>
        </test-method> <!-- openBrowser -->
        <test-method is-config="true" signature="loadObject()[pri:0, instance:com.glendale.test.uniforms.BeltsAndBuckles_Test@68e5eea7]" started-at="2024-07-11T17:33:17 IST" name="loadObject" finished-at="2024-07-11T17:33:17 IST" duration-ms="1" status="PASS">
          <reporter-output>
          </reporter-output>
        </test-method> <!-- loadObject -->
        <test-method signature="verifyProductButtonAddToCartAndSelectPresenceAndClickable()[pri:0, instance:com.glendale.test.uniforms.BeltsAndBuckles_Test@68e5eea7]" started-at="2024-07-11T17:33:17 IST" name="verifyProductButtonAddToCartAndSelectPresenceAndClickable" finished-at="2024-07-11T17:33:19 IST" duration-ms="1147" status="PASS">
          <reporter-output>
          </reporter-output>
        </test-method> <!-- verifyProductButtonAddToCartAndSelectPresenceAndClickable -->
        <test-method is-config="true" signature="CloseBrowser()[pri:0, instance:com.glendale.test.uniforms.BeltsAndBuckles_Test@68e5eea7]" started-at="2024-07-11T17:33:19 IST" name="CloseBrowser" finished-at="2024-07-11T17:33:19 IST" duration-ms="97" status="PASS">
          <reporter-output>
          </reporter-output>
        </test-method> <!-- CloseBrowser -->
        <test-method is-config="true" signature="openBrowser()[pri:0, instance:com.glendale.test.uniforms.BeltsAndBuckles_Test@68e5eea7]" started-at="2024-07-11T17:33:19 IST" name="openBrowser" finished-at="2024-07-11T17:33:24 IST" duration-ms="5071" status="PASS">
          <reporter-output>
          </reporter-output>
        </test-method> <!-- openBrowser -->
        <test-method signature="verifyProductsNameAndPricePresenceAndButtonsEnable()[pri:0, instance:com.glendale.test.uniforms.BeltsAndBuckles_Test@68e5eea7]" started-at="2024-07-11T17:33:24 IST" name="verifyProductsNameAndPricePresenceAndButtonsEnable" finished-at="2024-07-11T17:33:28 IST" duration-ms="4416" status="PASS">
          <reporter-output>
          </reporter-output>
        </test-method> <!-- verifyProductsNameAndPricePresenceAndButtonsEnable -->
        <test-method is-config="true" signature="loadObject()[pri:0, instance:com.glendale.test.uniforms.BeltsAndBuckles_Test@68e5eea7]" started-at="2024-07-11T17:33:24 IST" name="loadObject" finished-at="2024-07-11T17:33:24 IST" duration-ms="0" status="PASS">
          <reporter-output>
          </reporter-output>
        </test-method> <!-- loadObject -->
        <test-method is-config="true" signature="CloseBrowser()[pri:0, instance:com.glendale.test.uniforms.BeltsAndBuckles_Test@68e5eea7]" started-at="2024-07-11T17:33:28 IST" name="CloseBrowser" finished-at="2024-07-11T17:33:28 IST" duration-ms="87" status="PASS">
          <reporter-output>
          </reporter-output>
        </test-method> <!-- CloseBrowser -->
        <test-method is-config="true" signature="openBrowser()[pri:0, instance:com.glendale.test.uniforms.BeltsAndBuckles_Test@68e5eea7]" started-at="2024-07-11T17:33:28 IST" name="openBrowser" finished-at="2024-07-11T17:33:32 IST" duration-ms="3858" status="PASS">
          <reporter-output>
          </reporter-output>
        </test-method> <!-- openBrowser -->
        <test-method is-config="true" signature="loadObject()[pri:0, instance:com.glendale.test.uniforms.BeltsAndBuckles_Test@68e5eea7]" started-at="2024-07-11T17:33:32 IST" name="loadObject" finished-at="2024-07-11T17:33:32 IST" duration-ms="1" status="PASS">
          <reporter-output>
          </reporter-output>
        </test-method> <!-- loadObject -->
        <test-method signature="verifyTextPresenceAndFontSize()[pri:0, instance:com.glendale.test.uniforms.BeltsAndBuckles_Test@68e5eea7]" started-at="2024-07-11T17:33:32 IST" name="verifyTextPresenceAndFontSize" finished-at="2024-07-11T17:33:35 IST" duration-ms="2822" status="PASS">
          <reporter-output>
          </reporter-output>
        </test-method> <!-- verifyTextPresenceAndFontSize -->
        <test-method is-config="true" signature="CloseBrowser()[pri:0, instance:com.glendale.test.uniforms.BeltsAndBuckles_Test@68e5eea7]" started-at="2024-07-11T17:33:35 IST" name="CloseBrowser" finished-at="2024-07-11T17:33:35 IST" duration-ms="87" status="PASS">
          <reporter-output>
          </reporter-output>
        </test-method> <!-- CloseBrowser -->
      </class> <!-- com.glendale.test.uniforms.BeltsAndBuckles_Test -->
      <class name="com.glendale.test.firstResponder.AllFirstResponder_Test">
        <test-method is-config="true" signature="openBrowser()[pri:0, instance:com.glendale.test.firstResponder.AllFirstResponder_Test@757277dc]" started-at="2024-07-11T16:39:18 IST" name="openBrowser" finished-at="2024-07-11T16:39:23 IST" duration-ms="5092" status="PASS">
          <reporter-output>
          </reporter-output>
        </test-method> <!-- openBrowser -->
        <test-method is-config="true" signature="loadObject()[pri:0, instance:com.glendale.test.firstResponder.AllFirstResponder_Test@757277dc]" started-at="2024-07-11T16:39:23 IST" name="loadObject" finished-at="2024-07-11T16:39:23 IST" duration-ms="10" status="PASS">
          <reporter-output>
          </reporter-output>
        </test-method> <!-- loadObject -->
        <test-method signature="testPageLoadTime()[pri:0, instance:com.glendale.test.firstResponder.AllFirstResponder_Test@757277dc]" started-at="2024-07-11T16:39:23 IST" name="testPageLoadTime" finished-at="2024-07-11T16:39:26 IST" duration-ms="2955" status="PASS">
          <reporter-output>
          </reporter-output>
        </test-method> <!-- testPageLoadTime -->
        <test-method is-config="true" signature="CloseBrowser()[pri:0, instance:com.glendale.test.firstResponder.AllFirstResponder_Test@757277dc]" started-at="2024-07-11T16:39:26 IST" name="CloseBrowser" finished-at="2024-07-11T16:39:26 IST" duration-ms="126" status="PASS">
          <reporter-output>
          </reporter-output>
        </test-method> <!-- CloseBrowser -->
        <test-method is-config="true" signature="openBrowser()[pri:0, instance:com.glendale.test.firstResponder.AllFirstResponder_Test@757277dc]" started-at="2024-07-11T16:39:26 IST" name="openBrowser" finished-at="2024-07-11T16:39:30 IST" duration-ms="4109" status="PASS">
          <reporter-output>
          </reporter-output>
        </test-method> <!-- openBrowser -->
        <test-method is-config="true" signature="loadObject()[pri:0, instance:com.glendale.test.firstResponder.AllFirstResponder_Test@757277dc]" started-at="2024-07-11T16:39:30 IST" name="loadObject" finished-at="2024-07-11T16:39:30 IST" duration-ms="1" status="PASS">
          <reporter-output>
          </reporter-output>
        </test-method> <!-- loadObject -->
        <test-method signature="verifyBannerIsPresence()[pri:0, instance:com.glendale.test.firstResponder.AllFirstResponder_Test@757277dc]" started-at="2024-07-11T16:39:30 IST" name="verifyBannerIsPresence" finished-at="2024-07-11T16:39:34 IST" duration-ms="3612" status="PASS">
          <reporter-output>
          </reporter-output>
        </test-method> <!-- verifyBannerIsPresence -->
        <test-method is-config="true" signature="CloseBrowser()[pri:0, instance:com.glendale.test.firstResponder.AllFirstResponder_Test@757277dc]" started-at="2024-07-11T16:39:34 IST" name="CloseBrowser" finished-at="2024-07-11T16:39:34 IST" duration-ms="83" status="PASS">
          <reporter-output>
          </reporter-output>
        </test-method> <!-- CloseBrowser -->
        <test-method is-config="true" signature="openBrowser()[pri:0, instance:com.glendale.test.firstResponder.AllFirstResponder_Test@757277dc]" started-at="2024-07-11T16:39:34 IST" name="openBrowser" finished-at="2024-07-11T16:39:48 IST" duration-ms="13901" status="PASS">
          <reporter-output>
          </reporter-output>
        </test-method> <!-- openBrowser -->
        <test-method signature="verifyBundleProducts()[pri:0, instance:com.glendale.test.firstResponder.AllFirstResponder_Test@757277dc]" started-at="2024-07-11T16:39:48 IST" name="verifyBundleProducts" finished-at="2024-07-11T16:39:55 IST" duration-ms="7379" status="PASS">
          <reporter-output>
          </reporter-output>
        </test-method> <!-- verifyBundleProducts -->
        <test-method is-config="true" signature="loadObject()[pri:0, instance:com.glendale.test.firstResponder.AllFirstResponder_Test@757277dc]" started-at="2024-07-11T16:39:48 IST" name="loadObject" finished-at="2024-07-11T16:39:48 IST" duration-ms="0" status="PASS">
          <reporter-output>
          </reporter-output>
        </test-method> <!-- loadObject -->
        <test-method is-config="true" signature="CloseBrowser()[pri:0, instance:com.glendale.test.firstResponder.AllFirstResponder_Test@757277dc]" started-at="2024-07-11T16:39:55 IST" name="CloseBrowser" finished-at="2024-07-11T16:39:55 IST" duration-ms="97" status="PASS">
          <reporter-output>
          </reporter-output>
        </test-method> <!-- CloseBrowser -->
        <test-method is-config="true" signature="openBrowser()[pri:0, instance:com.glendale.test.firstResponder.AllFirstResponder_Test@757277dc]" started-at="2024-07-11T16:39:55 IST" name="openBrowser" finished-at="2024-07-11T16:39:59 IST" duration-ms="4095" status="PASS">
          <reporter-output>
          </reporter-output>
        </test-method> <!-- openBrowser -->
        <test-method is-config="true" signature="loadObject()[pri:0, instance:com.glendale.test.firstResponder.AllFirstResponder_Test@757277dc]" started-at="2024-07-11T16:39:59 IST" name="loadObject" finished-at="2024-07-11T16:39:59 IST" duration-ms="1" status="PASS">
          <reporter-output>
          </reporter-output>
        </test-method> <!-- loadObject -->
        <test-method signature="verifyCustomFlagsSectionPresenceAndRediredirection()[pri:0, instance:com.glendale.test.firstResponder.AllFirstResponder_Test@757277dc]" started-at="2024-07-11T16:39:59 IST" name="verifyCustomFlagsSectionPresenceAndRediredirection" finished-at="2024-07-11T16:40:06 IST" duration-ms="6626" status="PASS">
          <reporter-output>
          </reporter-output>
        </test-method> <!-- verifyCustomFlagsSectionPresenceAndRediredirection -->
        <test-method is-config="true" signature="CloseBrowser()[pri:0, instance:com.glendale.test.firstResponder.AllFirstResponder_Test@757277dc]" started-at="2024-07-11T16:40:06 IST" name="CloseBrowser" finished-at="2024-07-11T16:40:06 IST" duration-ms="133" status="PASS">
          <reporter-output>
          </reporter-output>
        </test-method> <!-- CloseBrowser -->
        <test-method is-config="true" signature="openBrowser()[pri:0, instance:com.glendale.test.firstResponder.AllFirstResponder_Test@757277dc]" started-at="2024-07-11T16:40:06 IST" name="openBrowser" finished-at="2024-07-11T16:40:10 IST" duration-ms="4220" status="PASS">
          <reporter-output>
          </reporter-output>
        </test-method> <!-- openBrowser -->
        <test-method signature="verifyDesignYourOwnBadgeSectionPresenceAndRediredirection()[pri:0, instance:com.glendale.test.firstResponder.AllFirstResponder_Test@757277dc]" started-at="2024-07-11T16:40:10 IST" name="verifyDesignYourOwnBadgeSectionPresenceAndRediredirection" finished-at="2024-07-11T16:40:18 IST" duration-ms="7638" status="PASS">
          <reporter-output>
          </reporter-output>
        </test-method> <!-- verifyDesignYourOwnBadgeSectionPresenceAndRediredirection -->
        <test-method is-config="true" signature="loadObject()[pri:0, instance:com.glendale.test.firstResponder.AllFirstResponder_Test@757277dc]" started-at="2024-07-11T16:40:10 IST" name="loadObject" finished-at="2024-07-11T16:40:10 IST" duration-ms="0" status="PASS">
          <reporter-output>
          </reporter-output>
        </test-method> <!-- loadObject -->
        <test-method is-config="true" signature="CloseBrowser()[pri:0, instance:com.glendale.test.firstResponder.AllFirstResponder_Test@757277dc]" started-at="2024-07-11T16:40:18 IST" name="CloseBrowser" finished-at="2024-07-11T16:40:18 IST" duration-ms="111" status="PASS">
          <reporter-output>
          </reporter-output>
        </test-method> <!-- CloseBrowser -->
        <test-method is-config="true" signature="openBrowser()[pri:0, instance:com.glendale.test.firstResponder.AllFirstResponder_Test@757277dc]" started-at="2024-07-11T16:40:18 IST" name="openBrowser" finished-at="2024-07-11T16:40:23 IST" duration-ms="5178" status="PASS">
          <reporter-output>
          </reporter-output>
        </test-method> <!-- openBrowser -->
        <test-method is-config="true" signature="loadObject()[pri:0, instance:com.glendale.test.firstResponder.AllFirstResponder_Test@757277dc]" started-at="2024-07-11T16:40:23 IST" name="loadObject" finished-at="2024-07-11T16:40:23 IST" duration-ms="1" status="PASS">
          <reporter-output>
          </reporter-output>
        </test-method> <!-- loadObject -->
        <test-method signature="verifyFeaturedCollectionAccessories()[pri:0, instance:com.glendale.test.firstResponder.AllFirstResponder_Test@757277dc]" started-at="2024-07-11T16:40:23 IST" name="verifyFeaturedCollectionAccessories" finished-at="2024-07-11T16:41:02 IST" duration-ms="38480" status="PASS">
          <reporter-output>
          </reporter-output>
        </test-method> <!-- verifyFeaturedCollectionAccessories -->
        <test-method is-config="true" signature="CloseBrowser()[pri:0, instance:com.glendale.test.firstResponder.AllFirstResponder_Test@757277dc]" started-at="2024-07-11T16:41:02 IST" name="CloseBrowser" finished-at="2024-07-11T16:41:02 IST" duration-ms="88" status="PASS">
          <reporter-output>
          </reporter-output>
        </test-method> <!-- CloseBrowser -->
        <test-method is-config="true" signature="openBrowser()[pri:0, instance:com.glendale.test.firstResponder.AllFirstResponder_Test@757277dc]" started-at="2024-07-11T16:41:02 IST" name="openBrowser" finished-at="2024-07-11T16:41:08 IST" duration-ms="5877" status="PASS">
          <reporter-output>
          </reporter-output>
        </test-method> <!-- openBrowser -->
        <test-method signature="verifyFeaturedCollectionFlagsSection()[pri:0, instance:com.glendale.test.firstResponder.AllFirstResponder_Test@757277dc]" started-at="2024-07-11T16:41:08 IST" name="verifyFeaturedCollectionFlagsSection" finished-at="2024-07-11T16:41:31 IST" duration-ms="22993" status="PASS">
          <reporter-output>
          </reporter-output>
        </test-method> <!-- verifyFeaturedCollectionFlagsSection -->
        <test-method is-config="true" signature="loadObject()[pri:0, instance:com.glendale.test.firstResponder.AllFirstResponder_Test@757277dc]" started-at="2024-07-11T16:41:08 IST" name="loadObject" finished-at="2024-07-11T16:41:08 IST" duration-ms="0" status="PASS">
          <reporter-output>
          </reporter-output>
        </test-method> <!-- loadObject -->
        <test-method is-config="true" signature="CloseBrowser()[pri:0, instance:com.glendale.test.firstResponder.AllFirstResponder_Test@757277dc]" started-at="2024-07-11T16:41:31 IST" name="CloseBrowser" finished-at="2024-07-11T16:41:31 IST" duration-ms="105" status="PASS">
          <reporter-output>
          </reporter-output>
        </test-method> <!-- CloseBrowser -->
        <test-method is-config="true" signature="openBrowser()[pri:0, instance:com.glendale.test.firstResponder.AllFirstResponder_Test@757277dc]" started-at="2024-07-11T16:41:31 IST" name="openBrowser" finished-at="2024-07-11T16:41:53 IST" duration-ms="22086" status="PASS">
          <reporter-output>
          </reporter-output>
        </test-method> <!-- openBrowser -->
        <test-method signature="verifyFeaturedCollectionUniformItems()[pri:0, instance:com.glendale.test.firstResponder.AllFirstResponder_Test@757277dc]" started-at="2024-07-11T16:41:53 IST" name="verifyFeaturedCollectionUniformItems" finished-at="2024-07-11T16:42:19 IST" duration-ms="26089" status="PASS">
          <reporter-output>
          </reporter-output>
        </test-method> <!-- verifyFeaturedCollectionUniformItems -->
        <test-method is-config="true" signature="loadObject()[pri:0, instance:com.glendale.test.firstResponder.AllFirstResponder_Test@757277dc]" started-at="2024-07-11T16:41:53 IST" name="loadObject" finished-at="2024-07-11T16:41:53 IST" duration-ms="0" status="PASS">
          <reporter-output>
          </reporter-output>
        </test-method> <!-- loadObject -->
        <test-method is-config="true" signature="CloseBrowser()[pri:0, instance:com.glendale.test.firstResponder.AllFirstResponder_Test@757277dc]" started-at="2024-07-11T16:42:19 IST" name="CloseBrowser" finished-at="2024-07-11T16:42:19 IST" duration-ms="83" status="PASS">
          <reporter-output>
          </reporter-output>
        </test-method> <!-- CloseBrowser -->
        <test-method is-config="true" signature="openBrowser()[pri:0, instance:com.glendale.test.firstResponder.AllFirstResponder_Test@757277dc]" started-at="2024-07-11T16:42:19 IST" name="openBrowser" finished-at="2024-07-11T16:42:23 IST" duration-ms="4045" status="PASS">
          <reporter-output>
          </reporter-output>
        </test-method> <!-- openBrowser -->
        <test-method signature="verifyIconsBelowTheBestSellersIsPresenceAndNavigation()[pri:0, instance:com.glendale.test.firstResponder.AllFirstResponder_Test@757277dc]" started-at="2024-07-11T16:42:23 IST" name="verifyIconsBelowTheBestSellersIsPresenceAndNavigation" finished-at="2024-07-11T16:43:01 IST" duration-ms="37477" status="PASS">
          <reporter-output>
          </reporter-output>
        </test-method> <!-- verifyIconsBelowTheBestSellersIsPresenceAndNavigation -->
        <test-method is-config="true" signature="loadObject()[pri:0, instance:com.glendale.test.firstResponder.AllFirstResponder_Test@757277dc]" started-at="2024-07-11T16:42:23 IST" name="loadObject" finished-at="2024-07-11T16:42:23 IST" duration-ms="0" status="PASS">
          <reporter-output>
          </reporter-output>
        </test-method> <!-- loadObject -->
        <test-method is-config="true" signature="CloseBrowser()[pri:0, instance:com.glendale.test.firstResponder.AllFirstResponder_Test@757277dc]" started-at="2024-07-11T16:43:01 IST" name="CloseBrowser" finished-at="2024-07-11T16:43:01 IST" duration-ms="88" status="PASS">
          <reporter-output>
          </reporter-output>
        </test-method> <!-- CloseBrowser -->
        <test-method is-config="true" signature="openBrowser()[pri:0, instance:com.glendale.test.firstResponder.AllFirstResponder_Test@757277dc]" started-at="2024-07-11T16:43:01 IST" name="openBrowser" finished-at="2024-07-11T16:43:05 IST" duration-ms="4103" status="PASS">
          <reporter-output>
          </reporter-output>
        </test-method> <!-- openBrowser -->
        <test-method signature="verifyPageTitle()[pri:0, instance:com.glendale.test.firstResponder.AllFirstResponder_Test@757277dc]" started-at="2024-07-11T16:43:05 IST" name="verifyPageTitle" finished-at="2024-07-11T16:43:09 IST" duration-ms="3621" status="PASS">
          <reporter-output>
          </reporter-output>
        </test-method> <!-- verifyPageTitle -->
        <test-method is-config="true" signature="loadObject()[pri:0, instance:com.glendale.test.firstResponder.AllFirstResponder_Test@757277dc]" started-at="2024-07-11T16:43:05 IST" name="loadObject" finished-at="2024-07-11T16:43:05 IST" duration-ms="0" status="PASS">
          <reporter-output>
          </reporter-output>
        </test-method> <!-- loadObject -->
        <test-method is-config="true" signature="CloseBrowser()[pri:0, instance:com.glendale.test.firstResponder.AllFirstResponder_Test@757277dc]" started-at="2024-07-11T16:43:09 IST" name="CloseBrowser" finished-at="2024-07-11T16:43:09 IST" duration-ms="85" status="PASS">
          <reporter-output>
          </reporter-output>
        </test-method> <!-- CloseBrowser -->
        <test-method is-config="true" signature="openBrowser()[pri:0, instance:com.glendale.test.firstResponder.AllFirstResponder_Test@757277dc]" started-at="2024-07-11T16:43:09 IST" name="openBrowser" finished-at="2024-07-11T16:43:13 IST" duration-ms="3996" status="PASS">
          <reporter-output>
          </reporter-output>
        </test-method> <!-- openBrowser -->
        <test-method signature="verifyPageURL()[pri:0, instance:com.glendale.test.firstResponder.AllFirstResponder_Test@757277dc]" started-at="2024-07-11T16:43:13 IST" name="verifyPageURL" finished-at="2024-07-11T16:43:16 IST" duration-ms="3337" status="PASS">
          <reporter-output>
          </reporter-output>
        </test-method> <!-- verifyPageURL -->
        <test-method is-config="true" signature="loadObject()[pri:0, instance:com.glendale.test.firstResponder.AllFirstResponder_Test@757277dc]" started-at="2024-07-11T16:43:13 IST" name="loadObject" finished-at="2024-07-11T16:43:13 IST" duration-ms="0" status="PASS">
          <reporter-output>
          </reporter-output>
        </test-method> <!-- loadObject -->
        <test-method is-config="true" signature="CloseBrowser()[pri:0, instance:com.glendale.test.firstResponder.AllFirstResponder_Test@757277dc]" started-at="2024-07-11T16:43:16 IST" name="CloseBrowser" finished-at="2024-07-11T16:43:16 IST" duration-ms="88" status="PASS">
          <reporter-output>
          </reporter-output>
        </test-method> <!-- CloseBrowser -->
        <test-method is-config="true" signature="openBrowser()[pri:0, instance:com.glendale.test.firstResponder.AllFirstResponder_Test@757277dc]" started-at="2024-07-11T16:43:16 IST" name="openBrowser" finished-at="2024-07-11T16:43:20 IST" duration-ms="3667" status="PASS">
          <reporter-output>
          </reporter-output>
        </test-method> <!-- openBrowser -->
        <test-method signature="verifyTextOnTheBanner()[pri:0, instance:com.glendale.test.firstResponder.AllFirstResponder_Test@757277dc]" started-at="2024-07-11T16:43:20 IST" name="verifyTextOnTheBanner" finished-at="2024-07-11T16:43:23 IST" duration-ms="3295" status="PASS">
          <reporter-output>
          </reporter-output>
        </test-method> <!-- verifyTextOnTheBanner -->
        <test-method is-config="true" signature="loadObject()[pri:0, instance:com.glendale.test.firstResponder.AllFirstResponder_Test@757277dc]" started-at="2024-07-11T16:43:20 IST" name="loadObject" finished-at="2024-07-11T16:43:20 IST" duration-ms="0" status="PASS">
          <reporter-output>
          </reporter-output>
        </test-method> <!-- loadObject -->
        <test-method is-config="true" signature="CloseBrowser()[pri:0, instance:com.glendale.test.firstResponder.AllFirstResponder_Test@757277dc]" started-at="2024-07-11T16:43:23 IST" name="CloseBrowser" finished-at="2024-07-11T16:43:23 IST" duration-ms="89" status="PASS">
          <reporter-output>
          </reporter-output>
        </test-method> <!-- CloseBrowser -->
      </class> <!-- com.glendale.test.firstResponder.AllFirstResponder_Test -->
      <class name="com.glendale.test.flags.FlagStands_Test">
        <test-method is-config="true" signature="openBrowser()[pri:0, instance:com.glendale.test.flags.FlagStands_Test@6ab778a]" started-at="2024-07-11T17:01:56 IST" name="openBrowser" finished-at="2024-07-11T17:02:01 IST" duration-ms="4368" status="PASS">
          <reporter-output>
          </reporter-output>
        </test-method> <!-- openBrowser -->
        <test-method is-config="true" signature="loadObject()[pri:0, instance:com.glendale.test.flags.FlagStands_Test@6ab778a]" started-at="2024-07-11T17:02:01 IST" name="loadObject" finished-at="2024-07-11T17:02:01 IST" duration-ms="3" status="PASS">
          <reporter-output>
          </reporter-output>
        </test-method> <!-- loadObject -->
        <test-method signature="testPageLoadTime()[pri:0, instance:com.glendale.test.flags.FlagStands_Test@6ab778a]" started-at="2024-07-11T17:02:01 IST" name="testPageLoadTime" finished-at="2024-07-11T17:02:05 IST" duration-ms="3788" status="PASS">
          <reporter-output>
          </reporter-output>
        </test-method> <!-- testPageLoadTime -->
        <test-method is-config="true" signature="CloseBrowser()[pri:0, instance:com.glendale.test.flags.FlagStands_Test@6ab778a]" started-at="2024-07-11T17:02:05 IST" name="CloseBrowser" finished-at="2024-07-11T17:02:05 IST" duration-ms="95" status="PASS">
          <reporter-output>
          </reporter-output>
        </test-method> <!-- CloseBrowser -->
        <test-method is-config="true" signature="openBrowser()[pri:0, instance:com.glendale.test.flags.FlagStands_Test@6ab778a]" started-at="2024-07-11T17:02:05 IST" name="openBrowser" finished-at="2024-07-11T17:02:14 IST" duration-ms="8969" status="PASS">
          <reporter-output>
          </reporter-output>
        </test-method> <!-- openBrowser -->
        <test-method signature="testSortFunctionality()[pri:0, instance:com.glendale.test.flags.FlagStands_Test@6ab778a]" started-at="2024-07-11T17:02:14 IST" name="testSortFunctionality" finished-at="2024-07-11T17:02:17 IST" duration-ms="3206" status="PASS">
          <reporter-output>
          </reporter-output>
        </test-method> <!-- testSortFunctionality -->
        <test-method is-config="true" signature="loadObject()[pri:0, instance:com.glendale.test.flags.FlagStands_Test@6ab778a]" started-at="2024-07-11T17:02:14 IST" name="loadObject" finished-at="2024-07-11T17:02:14 IST" duration-ms="0" status="PASS">
          <reporter-output>
          </reporter-output>
        </test-method> <!-- loadObject -->
        <test-method is-config="true" signature="CloseBrowser()[pri:0, instance:com.glendale.test.flags.FlagStands_Test@6ab778a]" started-at="2024-07-11T17:02:17 IST" name="CloseBrowser" finished-at="2024-07-11T17:02:17 IST" duration-ms="90" status="PASS">
          <reporter-output>
          </reporter-output>
        </test-method> <!-- CloseBrowser -->
        <test-method is-config="true" signature="openBrowser()[pri:0, instance:com.glendale.test.flags.FlagStands_Test@6ab778a]" started-at="2024-07-11T17:02:17 IST" name="openBrowser" finished-at="2024-07-11T17:02:21 IST" duration-ms="4009" status="PASS">
          <reporter-output>
          </reporter-output>
        </test-method> <!-- openBrowser -->
        <test-method is-config="true" signature="loadObject()[pri:0, instance:com.glendale.test.flags.FlagStands_Test@6ab778a]" started-at="2024-07-11T17:02:21 IST" name="loadObject" finished-at="2024-07-11T17:02:21 IST" duration-ms="1" status="PASS">
          <reporter-output>
          </reporter-output>
        </test-method> <!-- loadObject -->
        <test-method signature="verifyAllFltersEnable()[pri:0, instance:com.glendale.test.flags.FlagStands_Test@6ab778a]" started-at="2024-07-11T17:02:21 IST" name="verifyAllFltersEnable" finished-at="2024-07-11T17:02:24 IST" duration-ms="2739" status="PASS">
          <reporter-output>
          </reporter-output>
        </test-method> <!-- verifyAllFltersEnable -->
        <test-method is-config="true" signature="CloseBrowser()[pri:0, instance:com.glendale.test.flags.FlagStands_Test@6ab778a]" started-at="2024-07-11T17:02:24 IST" name="CloseBrowser" finished-at="2024-07-11T17:02:24 IST" duration-ms="91" status="PASS">
          <reporter-output>
          </reporter-output>
        </test-method> <!-- CloseBrowser -->
        <test-method is-config="true" signature="openBrowser()[pri:0, instance:com.glendale.test.flags.FlagStands_Test@6ab778a]" started-at="2024-07-11T17:02:24 IST" name="openBrowser" finished-at="2024-07-11T17:02:28 IST" duration-ms="4054" status="PASS">
          <reporter-output>
          </reporter-output>
        </test-method> <!-- openBrowser -->
        <test-method is-config="true" signature="loadObject()[pri:0, instance:com.glendale.test.flags.FlagStands_Test@6ab778a]" started-at="2024-07-11T17:02:28 IST" name="loadObject" finished-at="2024-07-11T17:02:28 IST" duration-ms="1" status="PASS">
          <reporter-output>
          </reporter-output>
        </test-method> <!-- loadObject -->
        <test-method signature="verifyPageTitle()[pri:0, instance:com.glendale.test.flags.FlagStands_Test@6ab778a]" started-at="2024-07-11T17:02:28 IST" name="verifyPageTitle" finished-at="2024-07-11T17:02:32 IST" duration-ms="3687" status="PASS">
          <reporter-output>
          </reporter-output>
        </test-method> <!-- verifyPageTitle -->
        <test-method is-config="true" signature="CloseBrowser()[pri:0, instance:com.glendale.test.flags.FlagStands_Test@6ab778a]" started-at="2024-07-11T17:02:32 IST" name="CloseBrowser" finished-at="2024-07-11T17:02:32 IST" duration-ms="92" status="PASS">
          <reporter-output>
          </reporter-output>
        </test-method> <!-- CloseBrowser -->
        <test-method is-config="true" signature="openBrowser()[pri:0, instance:com.glendale.test.flags.FlagStands_Test@6ab778a]" started-at="2024-07-11T17:02:32 IST" name="openBrowser" finished-at="2024-07-11T17:02:36 IST" duration-ms="3887" status="PASS">
          <reporter-output>
          </reporter-output>
        </test-method> <!-- openBrowser -->
        <test-method signature="verifyPageURL()[pri:0, instance:com.glendale.test.flags.FlagStands_Test@6ab778a]" started-at="2024-07-11T17:02:36 IST" name="verifyPageURL" finished-at="2024-07-11T17:02:38 IST" duration-ms="2764" status="PASS">
          <reporter-output>
          </reporter-output>
        </test-method> <!-- verifyPageURL -->
        <test-method is-config="true" signature="loadObject()[pri:0, instance:com.glendale.test.flags.FlagStands_Test@6ab778a]" started-at="2024-07-11T17:02:36 IST" name="loadObject" finished-at="2024-07-11T17:02:36 IST" duration-ms="0" status="PASS">
          <reporter-output>
          </reporter-output>
        </test-method> <!-- loadObject -->
        <test-method is-config="true" signature="CloseBrowser()[pri:0, instance:com.glendale.test.flags.FlagStands_Test@6ab778a]" started-at="2024-07-11T17:02:38 IST" name="CloseBrowser" finished-at="2024-07-11T17:02:38 IST" duration-ms="85" status="PASS">
          <reporter-output>
          </reporter-output>
        </test-method> <!-- CloseBrowser -->
        <test-method is-config="true" signature="openBrowser()[pri:0, instance:com.glendale.test.flags.FlagStands_Test@6ab778a]" started-at="2024-07-11T17:02:38 IST" name="openBrowser" finished-at="2024-07-11T17:02:42 IST" duration-ms="3915" status="PASS">
          <reporter-output>
          </reporter-output>
        </test-method> <!-- openBrowser -->
        <test-method signature="verifyPaginationEnable()[pri:0, instance:com.glendale.test.flags.FlagStands_Test@6ab778a]" started-at="2024-07-11T17:02:42 IST" name="verifyPaginationEnable" finished-at="2024-07-11T17:02:45 IST" duration-ms="2786" status="PASS">
          <reporter-output>
          </reporter-output>
        </test-method> <!-- verifyPaginationEnable -->
        <test-method is-config="true" signature="loadObject()[pri:0, instance:com.glendale.test.flags.FlagStands_Test@6ab778a]" started-at="2024-07-11T17:02:42 IST" name="loadObject" finished-at="2024-07-11T17:02:42 IST" duration-ms="0" status="PASS">
          <reporter-output>
          </reporter-output>
        </test-method> <!-- loadObject -->
        <test-method is-config="true" signature="CloseBrowser()[pri:0, instance:com.glendale.test.flags.FlagStands_Test@6ab778a]" started-at="2024-07-11T17:02:45 IST" name="CloseBrowser" finished-at="2024-07-11T17:02:45 IST" duration-ms="82" status="PASS">
          <reporter-output>
          </reporter-output>
        </test-method> <!-- CloseBrowser -->
        <test-method is-config="true" signature="openBrowser()[pri:0, instance:com.glendale.test.flags.FlagStands_Test@6ab778a]" started-at="2024-07-11T17:02:45 IST" name="openBrowser" finished-at="2024-07-11T17:02:49 IST" duration-ms="3629" status="PASS">
          <reporter-output>
          </reporter-output>
        </test-method> <!-- openBrowser -->
        <test-method signature="verifyPaginationRedirection()[pri:0, instance:com.glendale.test.flags.FlagStands_Test@6ab778a]" started-at="2024-07-11T17:02:49 IST" name="verifyPaginationRedirection" finished-at="2024-07-11T17:03:06 IST" duration-ms="16842" status="PASS">
          <reporter-output>
          </reporter-output>
        </test-method> <!-- verifyPaginationRedirection -->
        <test-method is-config="true" signature="loadObject()[pri:0, instance:com.glendale.test.flags.FlagStands_Test@6ab778a]" started-at="2024-07-11T17:02:49 IST" name="loadObject" finished-at="2024-07-11T17:02:49 IST" duration-ms="0" status="PASS">
          <reporter-output>
          </reporter-output>
        </test-method> <!-- loadObject -->
        <test-method is-config="true" signature="CloseBrowser()[pri:0, instance:com.glendale.test.flags.FlagStands_Test@6ab778a]" started-at="2024-07-11T17:03:06 IST" name="CloseBrowser" finished-at="2024-07-11T17:03:06 IST" duration-ms="93" status="PASS">
          <reporter-output>
          </reporter-output>
        </test-method> <!-- CloseBrowser -->
        <test-method is-config="true" signature="openBrowser()[pri:0, instance:com.glendale.test.flags.FlagStands_Test@6ab778a]" started-at="2024-07-11T17:03:06 IST" name="openBrowser" finished-at="2024-07-11T17:03:10 IST" duration-ms="4205" status="PASS">
          <reporter-output>
          </reporter-output>
        </test-method> <!-- openBrowser -->
        <test-method signature="verifyProductsNameAndPricePresenceAndButtonsEnable()[pri:0, instance:com.glendale.test.flags.FlagStands_Test@6ab778a]" started-at="2024-07-11T17:03:10 IST" name="verifyProductsNameAndPricePresenceAndButtonsEnable" finished-at="2024-07-11T17:03:13 IST" duration-ms="3372" status="PASS">
          <reporter-output>
          </reporter-output>
        </test-method> <!-- verifyProductsNameAndPricePresenceAndButtonsEnable -->
        <test-method is-config="true" signature="loadObject()[pri:0, instance:com.glendale.test.flags.FlagStands_Test@6ab778a]" started-at="2024-07-11T17:03:10 IST" name="loadObject" finished-at="2024-07-11T17:03:10 IST" duration-ms="0" status="PASS">
          <reporter-output>
          </reporter-output>
        </test-method> <!-- loadObject -->
        <test-method is-config="true" signature="CloseBrowser()[pri:0, instance:com.glendale.test.flags.FlagStands_Test@6ab778a]" started-at="2024-07-11T17:03:13 IST" name="CloseBrowser" finished-at="2024-07-11T17:03:13 IST" duration-ms="82" status="PASS">
          <reporter-output>
          </reporter-output>
        </test-method> <!-- CloseBrowser -->
        <test-method is-config="true" signature="openBrowser()[pri:0, instance:com.glendale.test.flags.FlagStands_Test@6ab778a]" started-at="2024-07-11T17:03:13 IST" name="openBrowser" finished-at="2024-07-11T17:03:17 IST" duration-ms="3859" status="PASS">
          <reporter-output>
          </reporter-output>
        </test-method> <!-- openBrowser -->
        <test-method signature="verifyTextOnThePage()[pri:0, instance:com.glendale.test.flags.FlagStands_Test@6ab778a]" started-at="2024-07-11T17:03:17 IST" name="verifyTextOnThePage" finished-at="2024-07-11T17:03:20 IST" duration-ms="2894" status="PASS">
          <reporter-output>
          </reporter-output>
        </test-method> <!-- verifyTextOnThePage -->
        <test-method is-config="true" signature="loadObject()[pri:0, instance:com.glendale.test.flags.FlagStands_Test@6ab778a]" started-at="2024-07-11T17:03:17 IST" name="loadObject" finished-at="2024-07-11T17:03:17 IST" duration-ms="0" status="PASS">
          <reporter-output>
          </reporter-output>
        </test-method> <!-- loadObject -->
        <test-method is-config="true" signature="CloseBrowser()[pri:0, instance:com.glendale.test.flags.FlagStands_Test@6ab778a]" started-at="2024-07-11T17:03:20 IST" name="CloseBrowser" finished-at="2024-07-11T17:03:20 IST" duration-ms="90" status="PASS">
          <reporter-output>
          </reporter-output>
        </test-method> <!-- CloseBrowser -->
      </class> <!-- com.glendale.test.flags.FlagStands_Test -->
      <class name="com.glendale.test.uniforms.SwordsAndSabers_Test">
        <test-method is-config="true" signature="openBrowser()[pri:0, instance:com.glendale.test.uniforms.SwordsAndSabers_Test@3af9c5b7]" started-at="2024-07-11T16:54:49 IST" name="openBrowser" finished-at="2024-07-11T16:54:52 IST" duration-ms="3869" status="PASS">
          <reporter-output>
          </reporter-output>
        </test-method> <!-- openBrowser -->
        <test-method is-config="true" signature="loadObject()[pri:0, instance:com.glendale.test.uniforms.SwordsAndSabers_Test@3af9c5b7]" started-at="2024-07-11T16:54:52 IST" name="loadObject" finished-at="2024-07-11T16:54:52 IST" duration-ms="19" status="PASS">
          <reporter-output>
          </reporter-output>
        </test-method> <!-- loadObject -->
        <test-method signature="testSortFunctionality()[pri:0, instance:com.glendale.test.uniforms.SwordsAndSabers_Test@3af9c5b7]" started-at="2024-07-11T16:54:52 IST" name="testSortFunctionality" finished-at="2024-07-11T16:54:57 IST" duration-ms="4619" status="PASS">
          <reporter-output>
          </reporter-output>
        </test-method> <!-- testSortFunctionality -->
        <test-method is-config="true" signature="CloseBrowser()[pri:0, instance:com.glendale.test.uniforms.SwordsAndSabers_Test@3af9c5b7]" started-at="2024-07-11T16:54:57 IST" name="CloseBrowser" finished-at="2024-07-11T16:54:57 IST" duration-ms="101" status="PASS">
          <reporter-output>
          </reporter-output>
        </test-method> <!-- CloseBrowser -->
        <test-method is-config="true" signature="openBrowser()[pri:0, instance:com.glendale.test.uniforms.SwordsAndSabers_Test@3af9c5b7]" started-at="2024-07-11T16:54:57 IST" name="openBrowser" finished-at="2024-07-11T16:55:01 IST" duration-ms="3886" status="PASS">
          <reporter-output>
          </reporter-output>
        </test-method> <!-- openBrowser -->
        <test-method is-config="true" signature="loadObject()[pri:0, instance:com.glendale.test.uniforms.SwordsAndSabers_Test@3af9c5b7]" started-at="2024-07-11T16:55:01 IST" name="loadObject" finished-at="2024-07-11T16:55:01 IST" duration-ms="0" status="PASS">
          <reporter-output>
          </reporter-output>
        </test-method> <!-- loadObject -->
        <test-method signature="verifyAllFltersEnable()[pri:0, instance:com.glendale.test.uniforms.SwordsAndSabers_Test@3af9c5b7]" started-at="2024-07-11T16:55:01 IST" name="verifyAllFltersEnable" finished-at="2024-07-11T16:55:04 IST" duration-ms="2994" status="PASS">
          <reporter-output>
          </reporter-output>
        </test-method> <!-- verifyAllFltersEnable -->
        <test-method is-config="true" signature="CloseBrowser()[pri:0, instance:com.glendale.test.uniforms.SwordsAndSabers_Test@3af9c5b7]" started-at="2024-07-11T16:55:04 IST" name="CloseBrowser" finished-at="2024-07-11T16:55:04 IST" duration-ms="88" status="PASS">
          <reporter-output>
          </reporter-output>
        </test-method> <!-- CloseBrowser -->
        <test-method is-config="true" signature="openBrowser()[pri:0, instance:com.glendale.test.uniforms.SwordsAndSabers_Test@3af9c5b7]" started-at="2024-07-11T16:55:04 IST" name="openBrowser" finished-at="2024-07-11T16:55:08 IST" duration-ms="3729" status="PASS">
          <reporter-output>
          </reporter-output>
        </test-method> <!-- openBrowser -->
        <test-method is-config="true" signature="loadObject()[pri:0, instance:com.glendale.test.uniforms.SwordsAndSabers_Test@3af9c5b7]" started-at="2024-07-11T16:55:08 IST" name="loadObject" finished-at="2024-07-11T16:55:08 IST" duration-ms="1" status="PASS">
          <reporter-output>
          </reporter-output>
        </test-method> <!-- loadObject -->
        <test-method signature="verifyPageTitle()[pri:0, instance:com.glendale.test.uniforms.SwordsAndSabers_Test@3af9c5b7]" started-at="2024-07-11T16:55:08 IST" name="verifyPageTitle" finished-at="2024-07-11T16:55:11 IST" duration-ms="2917" status="PASS">
          <reporter-output>
          </reporter-output>
        </test-method> <!-- verifyPageTitle -->
        <test-method is-config="true" signature="CloseBrowser()[pri:0, instance:com.glendale.test.uniforms.SwordsAndSabers_Test@3af9c5b7]" started-at="2024-07-11T16:55:11 IST" name="CloseBrowser" finished-at="2024-07-11T16:55:11 IST" duration-ms="86" status="PASS">
          <reporter-output>
          </reporter-output>
        </test-method> <!-- CloseBrowser -->
        <test-method is-config="true" signature="openBrowser()[pri:0, instance:com.glendale.test.uniforms.SwordsAndSabers_Test@3af9c5b7]" started-at="2024-07-11T16:55:11 IST" name="openBrowser" finished-at="2024-07-11T16:55:15 IST" duration-ms="3821" status="PASS">
          <reporter-output>
          </reporter-output>
        </test-method> <!-- openBrowser -->
        <test-method signature="verifyPageURL()[pri:0, instance:com.glendale.test.uniforms.SwordsAndSabers_Test@3af9c5b7]" started-at="2024-07-11T16:55:15 IST" name="verifyPageURL" finished-at="2024-07-11T16:55:18 IST" duration-ms="2853" status="PASS">
          <reporter-output>
          </reporter-output>
        </test-method> <!-- verifyPageURL -->
        <test-method is-config="true" signature="loadObject()[pri:0, instance:com.glendale.test.uniforms.SwordsAndSabers_Test@3af9c5b7]" started-at="2024-07-11T16:55:15 IST" name="loadObject" finished-at="2024-07-11T16:55:15 IST" duration-ms="0" status="PASS">
          <reporter-output>
          </reporter-output>
        </test-method> <!-- loadObject -->
        <test-method is-config="true" signature="CloseBrowser()[pri:0, instance:com.glendale.test.uniforms.SwordsAndSabers_Test@3af9c5b7]" started-at="2024-07-11T16:55:18 IST" name="CloseBrowser" finished-at="2024-07-11T16:55:18 IST" duration-ms="86" status="PASS">
          <reporter-output>
          </reporter-output>
        </test-method> <!-- CloseBrowser -->
        <test-method is-config="true" signature="openBrowser()[pri:0, instance:com.glendale.test.uniforms.SwordsAndSabers_Test@3af9c5b7]" started-at="2024-07-11T16:55:18 IST" name="openBrowser" finished-at="2024-07-11T16:55:21 IST" duration-ms="3811" status="PASS">
          <reporter-output>
          </reporter-output>
        </test-method> <!-- openBrowser -->
        <test-method is-config="true" signature="loadObject()[pri:0, instance:com.glendale.test.uniforms.SwordsAndSabers_Test@3af9c5b7]" started-at="2024-07-11T16:55:21 IST" name="loadObject" finished-at="2024-07-11T16:55:21 IST" duration-ms="1" status="PASS">
          <reporter-output>
          </reporter-output>
        </test-method> <!-- loadObject -->
        <test-method signature="verifyPaginationEnable()[pri:0, instance:com.glendale.test.uniforms.SwordsAndSabers_Test@3af9c5b7]" started-at="2024-07-11T16:55:21 IST" name="verifyPaginationEnable" finished-at="2024-07-11T16:55:24 IST" duration-ms="2734" status="PASS">
          <reporter-output>
          </reporter-output>
        </test-method> <!-- verifyPaginationEnable -->
        <test-method is-config="true" signature="CloseBrowser()[pri:0, instance:com.glendale.test.uniforms.SwordsAndSabers_Test@3af9c5b7]" started-at="2024-07-11T16:55:24 IST" name="CloseBrowser" finished-at="2024-07-11T16:55:24 IST" duration-ms="93" status="PASS">
          <reporter-output>
          </reporter-output>
        </test-method> <!-- CloseBrowser -->
[...]
          </reporter-output>
        </test-method> <!-- loadObject -->
        <test-method is-config="true" signature="CloseBrowser()[pri:0, instance:com.glendale.test.uniforms.Accessories_Test@49e5f737]" started-at="2024-07-11T16:34:51 IST" name="CloseBrowser" finished-at="2024-07-11T16:34:51 IST" duration-ms="97" status="PASS">
          <reporter-output>
          </reporter-output>
        </test-method> <!-- CloseBrowser -->
        <test-method is-config="true" signature="openBrowser()[pri:0, instance:com.glendale.test.uniforms.Accessories_Test@49e5f737]" started-at="2024-07-11T16:34:51 IST" name="openBrowser" finished-at="2024-07-11T16:34:55 IST" duration-ms="4211" status="PASS">
          <reporter-output>
          </reporter-output>
        </test-method> <!-- openBrowser -->
        <test-method signature="verifyPageURL()[pri:0, instance:com.glendale.test.uniforms.Accessories_Test@49e5f737]" started-at="2024-07-11T16:34:55 IST" name="verifyPageURL" finished-at="2024-07-11T16:34:58 IST" duration-ms="2747" status="PASS">
          <reporter-output>
          </reporter-output>
        </test-method> <!-- verifyPageURL -->
        <test-method is-config="true" signature="loadObject()[pri:0, instance:com.glendale.test.uniforms.Accessories_Test@49e5f737]" started-at="2024-07-11T16:34:55 IST" name="loadObject" finished-at="2024-07-11T16:34:55 IST" duration-ms="0" status="PASS">
          <reporter-output>
          </reporter-output>
        </test-method> <!-- loadObject -->
        <test-method is-config="true" signature="CloseBrowser()[pri:0, instance:com.glendale.test.uniforms.Accessories_Test@49e5f737]" started-at="2024-07-11T16:34:58 IST" name="CloseBrowser" finished-at="2024-07-11T16:34:58 IST" duration-ms="94" status="PASS">
          <reporter-output>
          </reporter-output>
        </test-method> <!-- CloseBrowser -->
        <test-method is-config="true" signature="openBrowser()[pri:0, instance:com.glendale.test.uniforms.Accessories_Test@49e5f737]" started-at="2024-07-11T16:34:58 IST" name="openBrowser" finished-at="2024-07-11T16:35:02 IST" duration-ms="3942" status="PASS">
          <reporter-output>
          </reporter-output>
        </test-method> <!-- openBrowser -->
        <test-method is-config="true" signature="loadObject()[pri:0, instance:com.glendale.test.uniforms.Accessories_Test@49e5f737]" started-at="2024-07-11T16:35:02 IST" name="loadObject" finished-at="2024-07-11T16:35:02 IST" duration-ms="0" status="PASS">
          <reporter-output>
          </reporter-output>
        </test-method> <!-- loadObject -->
        <test-method signature="verifyPaginationEnableAndRedirection()[pri:0, instance:com.glendale.test.uniforms.Accessories_Test@49e5f737]" started-at="2024-07-11T16:35:02 IST" name="verifyPaginationEnableAndRedirection" finished-at="2024-07-11T16:35:32 IST" duration-ms="30037" status="PASS">
          <reporter-output>
          </reporter-output>
        </test-method> <!-- verifyPaginationEnableAndRedirection -->
        <test-method is-config="true" signature="CloseBrowser()[pri:0, instance:com.glendale.test.uniforms.Accessories_Test@49e5f737]" started-at="2024-07-11T16:35:32 IST" name="CloseBrowser" finished-at="2024-07-11T16:35:32 IST" duration-ms="89" status="PASS">
          <reporter-output>
          </reporter-output>
        </test-method> <!-- CloseBrowser -->
        <test-method is-config="true" signature="openBrowser()[pri:0, instance:com.glendale.test.uniforms.Accessories_Test@49e5f737]" started-at="2024-07-11T16:35:32 IST" name="openBrowser" finished-at="2024-07-11T16:35:37 IST" duration-ms="5184" status="PASS">
          <reporter-output>
          </reporter-output>
        </test-method> <!-- openBrowser -->
        <test-method is-config="true" signature="loadObject()[pri:0, instance:com.glendale.test.uniforms.Accessories_Test@49e5f737]" started-at="2024-07-11T16:35:37 IST" name="loadObject" finished-at="2024-07-11T16:35:37 IST" duration-ms="1" status="PASS">
          <reporter-output>
          </reporter-output>
        </test-method> <!-- loadObject -->
        <test-method signature="verifyProductsNameAndPricePresenceAndButtonsEnable()[pri:0, instance:com.glendale.test.uniforms.Accessories_Test@49e5f737]" started-at="2024-07-11T16:35:37 IST" name="verifyProductsNameAndPricePresenceAndButtonsEnable" finished-at="2024-07-11T16:35:42 IST" duration-ms="4659" status="PASS">
          <reporter-output>
          </reporter-output>
        </test-method> <!-- verifyProductsNameAndPricePresenceAndButtonsEnable -->
        <test-method is-config="true" signature="CloseBrowser()[pri:0, instance:com.glendale.test.uniforms.Accessories_Test@49e5f737]" started-at="2024-07-11T16:35:42 IST" name="CloseBrowser" finished-at="2024-07-11T16:35:42 IST" duration-ms="92" status="PASS">
          <reporter-output>
          </reporter-output>
        </test-method> <!-- CloseBrowser -->
        <test-method is-config="true" signature="openBrowser()[pri:0, instance:com.glendale.test.uniforms.Accessories_Test@49e5f737]" started-at="2024-07-11T16:35:42 IST" name="openBrowser" finished-at="2024-07-11T16:35:46 IST" duration-ms="3880" status="PASS">
          <reporter-output>
          </reporter-output>
        </test-method> <!-- openBrowser -->
        <test-method is-config="true" signature="loadObject()[pri:0, instance:com.glendale.test.uniforms.Accessories_Test@49e5f737]" started-at="2024-07-11T16:35:46 IST" name="loadObject" finished-at="2024-07-11T16:35:46 IST" duration-ms="1" status="PASS">
          <reporter-output>
          </reporter-output>
        </test-method> <!-- loadObject -->
        <test-method signature="verifyTextPresenceAndFontSize()[pri:0, instance:com.glendale.test.uniforms.Accessories_Test@49e5f737]" started-at="2024-07-11T16:35:46 IST" name="verifyTextPresenceAndFontSize" finished-at="2024-07-11T16:35:49 IST" duration-ms="2886" status="PASS">
          <reporter-output>
          </reporter-output>
        </test-method> <!-- verifyTextPresenceAndFontSize -->
        <test-method is-config="true" signature="CloseBrowser()[pri:0, instance:com.glendale.test.uniforms.Accessories_Test@49e5f737]" started-at="2024-07-11T16:35:49 IST" name="CloseBrowser" finished-at="2024-07-11T16:35:49 IST" duration-ms="90" status="PASS">
          <reporter-output>
          </reporter-output>
        </test-method> <!-- CloseBrowser -->
      </class> <!-- com.glendale.test.uniforms.Accessories_Test -->
      <class name="com.glendale.test.flags.FlagCariers_Test">
        <test-method is-config="true" signature="openBrowser()[pri:0, instance:com.glendale.test.flags.FlagCariers_Test@15ca7889]" started-at="2024-07-11T17:55:20 IST" name="openBrowser" finished-at="2024-07-11T17:55:24 IST" duration-ms="3940" status="PASS">
          <reporter-output>
          </reporter-output>
        </test-method> <!-- openBrowser -->
        <test-method is-config="true" signature="loadObject()[pri:0, instance:com.glendale.test.flags.FlagCariers_Test@15ca7889]" started-at="2024-07-11T17:55:24 IST" name="loadObject" finished-at="2024-07-11T17:55:24 IST" duration-ms="4" status="PASS">
          <reporter-output>
          </reporter-output>
        </test-method> <!-- loadObject -->
        <test-method signature="testPageLoadTime()[pri:0, instance:com.glendale.test.flags.FlagCariers_Test@15ca7889]" started-at="2024-07-11T17:55:24 IST" name="testPageLoadTime" finished-at="2024-07-11T17:55:27 IST" duration-ms="3501" status="PASS">
          <reporter-output>
          </reporter-output>
        </test-method> <!-- testPageLoadTime -->
        <test-method is-config="true" signature="CloseBrowser()[pri:0, instance:com.glendale.test.flags.FlagCariers_Test@15ca7889]" started-at="2024-07-11T17:55:27 IST" name="CloseBrowser" finished-at="2024-07-11T17:55:28 IST" duration-ms="91" status="PASS">
          <reporter-output>
          </reporter-output>
        </test-method> <!-- CloseBrowser -->
        <test-method is-config="true" signature="openBrowser()[pri:0, instance:com.glendale.test.flags.FlagCariers_Test@15ca7889]" started-at="2024-07-11T17:55:28 IST" name="openBrowser" finished-at="2024-07-11T17:55:31 IST" duration-ms="3717" status="PASS">
          <reporter-output>
          </reporter-output>
        </test-method> <!-- openBrowser -->
        <test-method signature="testSortFunctionality()[pri:0, instance:com.glendale.test.flags.FlagCariers_Test@15ca7889]" started-at="2024-07-11T17:55:31 IST" name="testSortFunctionality" finished-at="2024-07-11T17:55:34 IST" duration-ms="3157" status="PASS">
          <reporter-output>
          </reporter-output>
        </test-method> <!-- testSortFunctionality -->
        <test-method is-config="true" signature="loadObject()[pri:0, instance:com.glendale.test.flags.FlagCariers_Test@15ca7889]" started-at="2024-07-11T17:55:31 IST" name="loadObject" finished-at="2024-07-11T17:55:31 IST" duration-ms="0" status="PASS">
          <reporter-output>
          </reporter-output>
        </test-method> <!-- loadObject -->
        <test-method is-config="true" signature="CloseBrowser()[pri:0, instance:com.glendale.test.flags.FlagCariers_Test@15ca7889]" started-at="2024-07-11T17:55:34 IST" name="CloseBrowser" finished-at="2024-07-11T17:55:35 IST" duration-ms="82" status="PASS">
          <reporter-output>
          </reporter-output>
        </test-method> <!-- CloseBrowser -->
        <test-method is-config="true" signature="openBrowser()[pri:0, instance:com.glendale.test.flags.FlagCariers_Test@15ca7889]" started-at="2024-07-11T17:55:35 IST" name="openBrowser" finished-at="2024-07-11T17:55:38 IST" duration-ms="3905" status="PASS">
          <reporter-output>
          </reporter-output>
        </test-method> <!-- openBrowser -->
        <test-method is-config="true" signature="loadObject()[pri:0, instance:com.glendale.test.flags.FlagCariers_Test@15ca7889]" started-at="2024-07-11T17:55:38 IST" name="loadObject" finished-at="2024-07-11T17:55:38 IST" duration-ms="1" status="PASS">
          <reporter-output>
          </reporter-output>
        </test-method> <!-- loadObject -->
        <test-method signature="verifyAllFltersEnable()[pri:0, instance:com.glendale.test.flags.FlagCariers_Test@15ca7889]" started-at="2024-07-11T17:55:38 IST" name="verifyAllFltersEnable" finished-at="2024-07-11T17:55:41 IST" duration-ms="2707" status="PASS">
          <reporter-output>
          </reporter-output>
        </test-method> <!-- verifyAllFltersEnable -->
        <test-method is-config="true" signature="CloseBrowser()[pri:0, instance:com.glendale.test.flags.FlagCariers_Test@15ca7889]" started-at="2024-07-11T17:55:41 IST" name="CloseBrowser" finished-at="2024-07-11T17:55:41 IST" duration-ms="95" status="PASS">
          <reporter-output>
          </reporter-output>
        </test-method> <!-- CloseBrowser -->
        <test-method is-config="true" signature="openBrowser()[pri:0, instance:com.glendale.test.flags.FlagCariers_Test@15ca7889]" started-at="2024-07-11T17:55:41 IST" name="openBrowser" finished-at="2024-07-11T17:55:45 IST" duration-ms="3559" status="PASS">
          <reporter-output>
          </reporter-output>
        </test-method> <!-- openBrowser -->
        <test-method signature="verifyPageTitle()[pri:0, instance:com.glendale.test.flags.FlagCariers_Test@15ca7889]" started-at="2024-07-11T17:55:45 IST" name="verifyPageTitle" finished-at="2024-07-11T17:55:47 IST" duration-ms="2705" status="PASS">
          <reporter-output>
          </reporter-output>
        </test-method> <!-- verifyPageTitle -->
        <test-method is-config="true" signature="loadObject()[pri:0, instance:com.glendale.test.flags.FlagCariers_Test@15ca7889]" started-at="2024-07-11T17:55:45 IST" name="loadObject" finished-at="2024-07-11T17:55:45 IST" duration-ms="0" status="PASS">
          <reporter-output>
          </reporter-output>
        </test-method> <!-- loadObject -->
        <test-method is-config="true" signature="CloseBrowser()[pri:0, instance:com.glendale.test.flags.FlagCariers_Test@15ca7889]" started-at="2024-07-11T17:55:47 IST" name="CloseBrowser" finished-at="2024-07-11T17:55:48 IST" duration-ms="109" status="PASS">
          <reporter-output>
          </reporter-output>
        </test-method> <!-- CloseBrowser -->
        <test-method is-config="true" signature="openBrowser()[pri:0, instance:com.glendale.test.flags.FlagCariers_Test@15ca7889]" started-at="2024-07-11T17:55:48 IST" name="openBrowser" finished-at="2024-07-11T17:55:53 IST" duration-ms="4942" status="PASS">
          <reporter-output>
          </reporter-output>
        </test-method> <!-- openBrowser -->
        <test-method is-config="true" signature="loadObject()[pri:0, instance:com.glendale.test.flags.FlagCariers_Test@15ca7889]" started-at="2024-07-11T17:55:53 IST" name="loadObject" finished-at="2024-07-11T17:55:53 IST" duration-ms="1" status="PASS">
          <reporter-output>
          </reporter-output>
        </test-method> <!-- loadObject -->
        <test-method signature="verifyPageURL()[pri:0, instance:com.glendale.test.flags.FlagCariers_Test@15ca7889]" started-at="2024-07-11T17:55:53 IST" name="verifyPageURL" finished-at="2024-07-11T17:55:55 IST" duration-ms="2829" status="PASS">
          <reporter-output>
          </reporter-output>
        </test-method> <!-- verifyPageURL -->
        <test-method is-config="true" signature="CloseBrowser()[pri:0, instance:com.glendale.test.flags.FlagCariers_Test@15ca7889]" started-at="2024-07-11T17:55:55 IST" name="CloseBrowser" finished-at="2024-07-11T17:55:55 IST" duration-ms="125" status="PASS">
          <reporter-output>
          </reporter-output>
        </test-method> <!-- CloseBrowser -->
        <test-method is-config="true" signature="openBrowser()[pri:0, instance:com.glendale.test.flags.FlagCariers_Test@15ca7889]" started-at="2024-07-11T17:55:55 IST" name="openBrowser" finished-at="2024-07-11T17:56:00 IST" duration-ms="4080" status="PASS">
          <reporter-output>
          </reporter-output>
        </test-method> <!-- openBrowser -->
        <test-method signature="verifyPaginationEnable()[pri:0, instance:com.glendale.test.flags.FlagCariers_Test@15ca7889]" started-at="2024-07-11T17:56:00 IST" name="verifyPaginationEnable" finished-at="2024-07-11T17:56:04 IST" duration-ms="4617" status="PASS">
          <reporter-output>
          </reporter-output>
        </test-method> <!-- verifyPaginationEnable -->
        <test-method is-config="true" signature="loadObject()[pri:0, instance:com.glendale.test.flags.FlagCariers_Test@15ca7889]" started-at="2024-07-11T17:56:00 IST" name="loadObject" finished-at="2024-07-11T17:56:00 IST" duration-ms="0" status="PASS">
          <reporter-output>
          </reporter-output>
        </test-method> <!-- loadObject -->
        <test-method is-config="true" signature="CloseBrowser()[pri:0, instance:com.glendale.test.flags.FlagCariers_Test@15ca7889]" started-at="2024-07-11T17:56:04 IST" name="CloseBrowser" finished-at="2024-07-11T17:56:04 IST" duration-ms="88" status="PASS">
          <reporter-output>
          </reporter-output>
        </test-method> <!-- CloseBrowser -->
        <test-method is-config="true" signature="openBrowser()[pri:0, instance:com.glendale.test.flags.FlagCariers_Test@15ca7889]" started-at="2024-07-11T17:56:04 IST" name="openBrowser" finished-at="2024-07-11T17:56:08 IST" duration-ms="4020" status="PASS">
          <reporter-output>
          </reporter-output>
        </test-method> <!-- openBrowser -->
        <test-method signature="verifyPaginationRedirection()[pri:0, instance:com.glendale.test.flags.FlagCariers_Test@15ca7889]" started-at="2024-07-11T17:56:08 IST" name="verifyPaginationRedirection" finished-at="2024-07-11T17:56:24 IST" duration-ms="15279" status="PASS">
          <reporter-output>
          </reporter-output>
        </test-method> <!-- verifyPaginationRedirection -->
        <test-method is-config="true" signature="loadObject()[pri:0, instance:com.glendale.test.flags.FlagCariers_Test@15ca7889]" started-at="2024-07-11T17:56:08 IST" name="loadObject" finished-at="2024-07-11T17:56:08 IST" duration-ms="0" status="PASS">
          <reporter-output>
          </reporter-output>
        </test-method> <!-- loadObject -->
        <test-method is-config="true" signature="CloseBrowser()[pri:0, instance:com.glendale.test.flags.FlagCariers_Test@15ca7889]" started-at="2024-07-11T17:56:24 IST" name="CloseBrowser" finished-at="2024-07-11T17:56:24 IST" duration-ms="90" status="PASS">
          <reporter-output>
          </reporter-output>
        </test-method> <!-- CloseBrowser -->
        <test-method is-config="true" signature="openBrowser()[pri:0, instance:com.glendale.test.flags.FlagCariers_Test@15ca7889]" started-at="2024-07-11T17:56:24 IST" name="openBrowser" finished-at="2024-07-11T17:56:27 IST" duration-ms="3688" status="PASS">
          <reporter-output>
          </reporter-output>
        </test-method> <!-- openBrowser -->
        <test-method signature="verifyProductsNameAndPricePresenceAndButtonsEnable()[pri:0, instance:com.glendale.test.flags.FlagCariers_Test@15ca7889]" started-at="2024-07-11T17:56:27 IST" name="verifyProductsNameAndPricePresenceAndButtonsEnable" finished-at="2024-07-11T17:56:32 IST" duration-ms="4659" status="PASS">
          <reporter-output>
          </reporter-output>
        </test-method> <!-- verifyProductsNameAndPricePresenceAndButtonsEnable -->
        <test-method is-config="true" signature="loadObject()[pri:0, instance:com.glendale.test.flags.FlagCariers_Test@15ca7889]" started-at="2024-07-11T17:56:27 IST" name="loadObject" finished-at="2024-07-11T17:56:27 IST" duration-ms="0" status="PASS">
          <reporter-output>
          </reporter-output>
        </test-method> <!-- loadObject -->
        <test-method is-config="true" signature="CloseBrowser()[pri:0, instance:com.glendale.test.flags.FlagCariers_Test@15ca7889]" started-at="2024-07-11T17:56:32 IST" name="CloseBrowser" finished-at="2024-07-11T17:56:32 IST" duration-ms="94" status="PASS">
          <reporter-output>
          </reporter-output>
        </test-method> <!-- CloseBrowser -->
        <test-method is-config="true" signature="openBrowser()[pri:0, instance:com.glendale.test.flags.FlagCariers_Test@15ca7889]" started-at="2024-07-11T17:56:32 IST" name="openBrowser" finished-at="2024-07-11T17:56:38 IST" duration-ms="6074" status="PASS">
          <reporter-output>
          </reporter-output>
        </test-method> <!-- openBrowser -->
        <test-method signature="verifyTextOnThePage()[pri:0, instance:com.glendale.test.flags.FlagCariers_Test@15ca7889]" started-at="2024-07-11T17:56:38 IST" name="verifyTextOnThePage" finished-at="2024-07-11T17:56:41 IST" duration-ms="2735" status="PASS">
          <reporter-output>
          </reporter-output>
        </test-method> <!-- verifyTextOnThePage -->
        <test-method is-config="true" signature="loadObject()[pri:0, instance:com.glendale.test.flags.FlagCariers_Test@15ca7889]" started-at="2024-07-11T17:56:38 IST" name="loadObject" finished-at="2024-07-11T17:56:38 IST" duration-ms="0" status="PASS">
          <reporter-output>
          </reporter-output>
        </test-method> <!-- loadObject -->
        <test-method is-config="true" signature="CloseBrowser()[pri:0, instance:com.glendale.test.flags.FlagCariers_Test@15ca7889]" started-at="2024-07-11T17:56:41 IST" name="CloseBrowser" finished-at="2024-07-11T17:56:41 IST" duration-ms="85" status="PASS">
          <reporter-output>
          </reporter-output>
        </test-method> <!-- CloseBrowser -->
      </class> <!-- com.glendale.test.flags.FlagCariers_Test -->
    </test> <!-- Test -->
  </suite> <!-- Suite -->
</testng-results>
